2021-02-05 10:54:37,404 INFO [root] [base.py [__init__:17] - 正在获取driver：<selenium.webdriver.chrome.webdriver.WebDriver (session="621ee1ddea0eb1fa2325dd32ee176437")>
2021-02-05 10:54:37,404 INFO [root] [base.py [__init__:17] - 正在获取driver：<selenium.webdriver.chrome.webdriver.WebDriver (session="621ee1ddea0eb1fa2325dd32ee176437")>
2021-02-05 10:54:39,422 INFO [root] [base.py [base_find_element:21] - 正在查找元素：('xpath', '//input')
2021-02-05 10:54:39,441 INFO [root] [base.py [base_input:44] - 正在对：('xpath', '//input')元素执行清空操作！
2021-02-05 10:54:39,498 INFO [root] [base.py [base_input:47] - 正在对：('xpath', '//input')元素执行输入：111
2021-02-05 10:54:39,537 INFO [root] [base.py [base_find_element:21] - 正在查找元素：('xpath', '//button')
2021-02-05 10:54:39,567 INFO [root] [base.py [base_click:37] - 正在对：('xpath', '//button')元素执行点击操作！
2021-02-05 10:54:42,567 INFO [root] [base.py [base_find_element:21] - 正在查找元素：('xpath', '//p[@class="login-error"]')
2021-02-05 10:54:42,583 INFO [root] [base.py [base_get_text:66] - 正在对：('xpath', '//p[@class="login-error"]')元素获取文本操作！获取的文本值：密码错误，请重新输入
2021-02-05 10:54:44,589 INFO [root] [base.py [base_find_element:21] - 正在查找元素：('xpath', '//input')
2021-02-05 10:54:44,595 INFO [root] [base.py [base_input:44] - 正在对：('xpath', '//input')元素执行清空操作！
2021-02-05 10:54:44,606 INFO [root] [base.py [base_input:47] - 正在对：('xpath', '//input')元素执行输入：111111Aa
2021-02-05 10:54:44,628 INFO [root] [base.py [base_find_element:21] - 正在查找元素：('xpath', '//button')
2021-02-05 10:54:44,644 INFO [root] [base.py [base_click:37] - 正在对：('xpath', '//button')元素执行点击操作！
2021-02-05 10:54:47,645 INFO [root] [base.py [base_find_element:21] - 正在查找元素：('xpath', '//h3[@class="welcomeTitle"]')
2021-02-05 10:54:47,662 INFO [root] [base.py [base_get_text:66] - 正在对：('xpath', '//h3[@class="welcomeTitle"]')元素获取文本操作！获取的文本值：儿童认知评估与训练系统-管理员端
2021-02-05 10:58:11,136 INFO [root] [base.py [__init__:17] - 正在获取driver：<selenium.webdriver.chrome.webdriver.WebDriver (session="c29374bb44580959502ece698cf2fc9e")>
2021-02-05 10:58:11,136 INFO [root] [base.py [__init__:17] - 正在获取driver：<selenium.webdriver.chrome.webdriver.WebDriver (session="c29374bb44580959502ece698cf2fc9e")>
2021-02-05 10:58:13,138 INFO [root] [base.py [base_find_element:21] - 正在查找元素：('xpath', '//input')
2021-02-05 10:58:13,147 INFO [root] [base.py [base_input:44] - 正在对：('xpath', '//input')元素执行清空操作！
2021-02-05 10:58:13,167 INFO [root] [base.py [base_input:47] - 正在对：('xpath', '//input')元素执行输入：111
2021-02-05 10:58:13,192 INFO [root] [base.py [base_find_element:21] - 正在查找元素：('xpath', '//button')
2021-02-05 10:58:13,221 INFO [root] [base.py [base_click:37] - 正在对：('xpath', '//button')元素执行点击操作！
2021-02-05 10:58:16,222 INFO [root] [base.py [base_find_element:21] - 正在查找元素：('xpath', '//p[@class="login-error"]')
2021-02-05 10:58:16,238 INFO [root] [base.py [base_get_text:66] - 正在对：('xpath', '//p[@class="login-error"]')元素获取文本操作！获取的文本值：密码错误，请重新输入
2021-02-05 10:58:18,246 INFO [root] [base.py [base_find_element:21] - 正在查找元素：('xpath', '//input')
2021-02-05 10:58:18,250 INFO [root] [base.py [base_input:44] - 正在对：('xpath', '//input')元素执行清空操作！
2021-02-05 10:58:18,261 INFO [root] [base.py [base_input:47] - 正在对：('xpath', '//input')元素执行输入：111111Aa
2021-02-05 10:58:18,283 INFO [root] [base.py [base_find_element:21] - 正在查找元素：('xpath', '//button')
2021-02-05 10:58:18,300 INFO [root] [base.py [base_click:37] - 正在对：('xpath', '//button')元素执行点击操作！
2021-02-05 10:58:21,300 INFO [root] [base.py [base_find_element:21] - 正在查找元素：('xpath', '//h3[@class="welcomeTitle"]')
2021-02-05 10:58:21,317 INFO [root] [base.py [base_get_text:66] - 正在对：('xpath', '//h3[@class="welcomeTitle"]')元素获取文本操作！获取的文本值：儿童认知评估与训练系统-管理员端
