2021-02-18 09:23:35,908 INFO [selenium.webdriver.remote.remote_connection] [remote_connection.py [__init__:116] - Could not connect to port 4444 on host 192.168.1.242
2021-02-18 09:23:35,908 INFO [selenium.webdriver.remote.remote_connection] [remote_connection.py [__init__:135] - Could not get IP address for host: 192.168.1.242
2021-02-18 09:23:35,909 WARNING [urllib3.connectionpool] [connectionpool.py [urlopen:780] - Retrying (Retry(total=2, connect=None, read=None, redirect=None, status=None)) after connection broken by 'NewConnectionError('<urllib3.connection.HTTPConnection object at 0x7efe74583850>: Failed to establish a new connection: [Errno 111] Connection refused')': /wd/hub/session
2021-02-18 09:23:35,909 WARNING [urllib3.connectionpool] [connectionpool.py [urlopen:780] - Retrying (Retry(total=1, connect=None, read=None, redirect=None, status=None)) after connection broken by 'NewConnectionError('<urllib3.connection.HTTPConnection object at 0x7efe74583b50>: Failed to establish a new connection: [Errno 111] Connection refused')': /wd/hub/session
2021-02-18 09:23:35,910 WARNING [urllib3.connectionpool] [connectionpool.py [urlopen:780] - Retrying (Retry(total=0, connect=None, read=None, redirect=None, status=None)) after connection broken by 'NewConnectionError('<urllib3.connection.HTTPConnection object at 0x7efe74583cd0>: Failed to establish a new connection: [Errno 111] Connection refused')': /wd/hub/session
2021-02-18 09:30:56,397 INFO [root] [base.py [__init__:17] - 正在获取driver：<selenium.webdriver.remote.webdriver.WebDriver (session="894fa8786e4aefd38c55a476d0e69a8a")>
2021-02-18 09:30:56,397 INFO [root] [base.py [__init__:17] - 正在获取driver：<selenium.webdriver.remote.webdriver.WebDriver (session="894fa8786e4aefd38c55a476d0e69a8a")>
2021-02-18 09:30:58,400 INFO [root] [base.py [base_find_element:21] - 正在查找元素：('xpath', '//input')
2021-02-18 09:30:58,444 INFO [root] [base.py [base_input:44] - 正在对：('xpath', '//input')元素执行清空操作！
2021-02-18 09:30:58,481 INFO [root] [base.py [base_input:47] - 正在对：('xpath', '//input')元素执行输入：111
2021-02-18 09:30:58,560 INFO [root] [base.py [base_find_element:21] - 正在查找元素：('xpath', '//button')
2021-02-18 09:30:58,610 INFO [root] [base.py [base_click:37] - 正在对：('xpath', '//button')元素执行点击操作！
2021-02-18 09:31:01,612 INFO [root] [base.py [base_find_element:21] - 正在查找元素：('xpath', '//p[@class="login-error"]')
2021-02-18 09:31:01,643 INFO [root] [base.py [base_get_text:66] - 正在对：('xpath', '//p[@class="login-error"]')元素获取文本操作！获取的文本值：密码错误，请重新输入
2021-02-18 09:31:03,648 INFO [root] [base.py [base_find_element:21] - 正在查找元素：('xpath', '//input')
2021-02-18 09:31:03,661 INFO [root] [base.py [base_input:44] - 正在对：('xpath', '//input')元素执行清空操作！
2021-02-18 09:31:03,683 INFO [root] [base.py [base_input:47] - 正在对：('xpath', '//input')元素执行输入：111111Aa
2021-02-18 09:31:03,714 INFO [root] [base.py [base_find_element:21] - 正在查找元素：('xpath', '//button')
2021-02-18 09:31:03,754 INFO [root] [base.py [base_click:37] - 正在对：('xpath', '//button')元素执行点击操作！
2021-02-18 09:31:06,759 INFO [root] [base.py [base_find_element:21] - 正在查找元素：('xpath', '//h3[@class="welcomeTitle"]')
2021-02-18 09:31:06,793 INFO [root] [base.py [base_get_text:66] - 正在对：('xpath', '//h3[@class="welcomeTitle"]')元素获取文本操作！获取的文本值：儿童认知评估与训练系统-管理员端
2021-02-18 09:33:01,416 INFO [root] [base.py [__init__:17] - 正在获取driver：<selenium.webdriver.remote.webdriver.WebDriver (session="cb3c599adaaa245590c89aa41adc23f1")>
2021-02-18 09:33:01,416 INFO [root] [base.py [__init__:17] - 正在获取driver：<selenium.webdriver.remote.webdriver.WebDriver (session="cb3c599adaaa245590c89aa41adc23f1")>
2021-02-18 09:33:03,423 INFO [root] [base.py [base_find_element:21] - 正在查找元素：('xpath', '//input')
2021-02-18 09:33:03,440 INFO [root] [base.py [base_input:44] - 正在对：('xpath', '//input')元素执行清空操作！
2021-02-18 09:33:03,471 INFO [root] [base.py [base_input:47] - 正在对：('xpath', '//input')元素执行输入：111
2021-02-18 09:33:03,509 INFO [root] [base.py [base_find_element:21] - 正在查找元素：('xpath', '//button')
2021-02-18 09:33:03,556 INFO [root] [base.py [base_click:37] - 正在对：('xpath', '//button')元素执行点击操作！
2021-02-18 09:33:06,563 INFO [root] [base.py [base_find_element:21] - 正在查找元素：('xpath', '//p[@class="login-error"]')
2021-02-18 09:33:06,594 INFO [root] [base.py [base_get_text:66] - 正在对：('xpath', '//p[@class="login-error"]')元素获取文本操作！获取的文本值：密码错误，请重新输入
2021-02-18 09:33:08,600 INFO [root] [base.py [base_find_element:21] - 正在查找元素：('xpath', '//input')
2021-02-18 09:33:08,636 INFO [root] [base.py [base_input:44] - 正在对：('xpath', '//input')元素执行清空操作！
2021-02-18 09:33:08,657 INFO [root] [base.py [base_input:47] - 正在对：('xpath', '//input')元素执行输入：111111Aa
2021-02-18 09:33:08,692 INFO [root] [base.py [base_find_element:21] - 正在查找元素：('xpath', '//button')
2021-02-18 09:33:08,727 INFO [root] [base.py [base_click:37] - 正在对：('xpath', '//button')元素执行点击操作！
2021-02-18 09:33:11,732 INFO [root] [base.py [base_find_element:21] - 正在查找元素：('xpath', '//h3[@class="welcomeTitle"]')
2021-02-18 09:33:11,770 INFO [root] [base.py [base_get_text:66] - 正在对：('xpath', '//h3[@class="welcomeTitle"]')元素获取文本操作！获取的文本值：儿童认知评估与训练系统-管理员端
2021-02-18 09:39:54,004 INFO [root] [base.py [__init__:17] - 正在获取driver：<selenium.webdriver.remote.webdriver.WebDriver (session="d665ff4ebab4085b4023a05e5189645d")>
2021-02-18 09:39:54,004 INFO [root] [base.py [__init__:17] - 正在获取driver：<selenium.webdriver.remote.webdriver.WebDriver (session="d665ff4ebab4085b4023a05e5189645d")>
2021-02-18 09:39:56,008 INFO [root] [base.py [base_find_element:21] - 正在查找元素：('xpath', '//input')
2021-02-18 09:39:56,024 INFO [root] [base.py [base_input:44] - 正在对：('xpath', '//input')元素执行清空操作！
2021-02-18 09:39:56,053 INFO [root] [base.py [base_input:47] - 正在对：('xpath', '//input')元素执行输入：111
2021-02-18 09:39:56,088 INFO [root] [base.py [base_find_element:21] - 正在查找元素：('xpath', '//button')
2021-02-18 09:39:56,143 INFO [root] [base.py [base_click:37] - 正在对：('xpath', '//button')元素执行点击操作！
2021-02-18 09:39:59,147 INFO [root] [base.py [base_find_element:21] - 正在查找元素：('xpath', '//p[@class="login-error"]')
2021-02-18 09:39:59,173 INFO [root] [base.py [base_get_text:66] - 正在对：('xpath', '//p[@class="login-error"]')元素获取文本操作！获取的文本值：密码错误，请重新输入
2021-02-18 09:40:01,177 INFO [root] [base.py [base_find_element:21] - 正在查找元素：('xpath', '//input')
2021-02-18 09:40:01,192 INFO [root] [base.py [base_input:44] - 正在对：('xpath', '//input')元素执行清空操作！
2021-02-18 09:40:01,209 INFO [root] [base.py [base_input:47] - 正在对：('xpath', '//input')元素执行输入：111111Aa
2021-02-18 09:40:01,238 INFO [root] [base.py [base_find_element:21] - 正在查找元素：('xpath', '//button')
2021-02-18 09:40:01,288 INFO [root] [base.py [base_click:37] - 正在对：('xpath', '//button')元素执行点击操作！
2021-02-18 09:40:04,292 INFO [root] [base.py [base_find_element:21] - 正在查找元素：('xpath', '//h3[@class="welcomeTitle"]')
2021-02-18 09:40:04,322 INFO [root] [base.py [base_get_text:66] - 正在对：('xpath', '//h3[@class="welcomeTitle"]')元素获取文本操作！获取的文本值：儿童认知评估与训练系统-管理员端
2021-02-18 09:40:32,701 INFO [root] [base.py [__init__:17] - 正在获取driver：<selenium.webdriver.remote.webdriver.WebDriver (session="52103d4753eb1aab9f34b8e0af672ddc")>
2021-02-18 09:40:32,701 INFO [root] [base.py [__init__:17] - 正在获取driver：<selenium.webdriver.remote.webdriver.WebDriver (session="52103d4753eb1aab9f34b8e0af672ddc")>
2021-02-18 09:40:34,705 INFO [root] [base.py [base_find_element:21] - 正在查找元素：('xpath', '//a[text()="医生登录"]')
2021-02-18 09:40:34,758 INFO [root] [base.py [base_click:37] - 正在对：('xpath', '//a[text()="医生登录"]')元素执行点击操作！
2021-02-18 09:40:35,760 INFO [root] [base.py [base_find_element:21] - 正在查找元素：('xpath', '//h3')
2021-02-18 09:40:35,793 INFO [root] [base.py [base_get_text:66] - 正在对：('xpath', '//h3')元素获取文本操作！获取的文本值：北医六院儿童训练系统 — 医生端
2021-02-18 09:40:37,799 INFO [root] [base.py [base_find_element:21] - 正在查找元素：('xpath', '//a[text()="管理员登录"]')
2021-02-18 09:40:37,846 INFO [root] [base.py [base_click:37] - 正在对：('xpath', '//a[text()="管理员登录"]')元素执行点击操作！
2021-02-18 09:40:38,847 INFO [root] [base.py [base_find_element:21] - 正在查找元素：('xpath', '//h3')
2021-02-18 09:40:38,874 INFO [root] [base.py [base_get_text:66] - 正在对：('xpath', '//h3')元素获取文本操作！获取的文本值：北医六院儿童训练系统 — 管理员端
2021-02-18 09:41:03,643 INFO [root] [base.py [__init__:17] - 正在获取driver：<selenium.webdriver.remote.webdriver.WebDriver (session="7105621b3762534518b8bdfceb10b12e")>
2021-02-18 09:41:03,643 INFO [root] [base.py [__init__:17] - 正在获取driver：<selenium.webdriver.remote.webdriver.WebDriver (session="7105621b3762534518b8bdfceb10b12e")>
2021-02-18 09:41:03,643 INFO [root] [base.py [__init__:17] - 正在获取driver：<selenium.webdriver.remote.webdriver.WebDriver (session="7105621b3762534518b8bdfceb10b12e")>
2021-02-18 09:41:05,647 INFO [root] [base.py [base_find_element:21] - 正在查找元素：('xpath', '//span')
2021-02-18 09:41:05,678 INFO [root] [base.py [base_get_text:66] - 正在对：('xpath', '//span')元素获取文本操作！获取的文本值：18538192813@163.com
2021-02-18 09:41:05,678 INFO [root] [base.py [base_find_element:21] - 正在查找元素：('xpath', '//a[text()="忘记密码"]')
2021-02-18 09:41:05,741 INFO [root] [base.py [base_click:37] - 正在对：('xpath', '//a[text()="忘记密码"]')元素执行点击操作！
2021-02-18 09:41:07,741 INFO [root] [base.py [base_find_element:21] - 正在查找元素：('xpath', '//button[contains(text(),"获取验证码")]')
2021-02-18 09:41:07,807 INFO [root] [base.py [base_click:37] - 正在对：('xpath', '//button[contains(text(),"获取验证码")]')元素执行点击操作！
2021-02-18 09:41:12,814 INFO [root] [base.py [base_find_element:21] - 正在查找元素：('xpath', '(//div[@class="split-input-container"]/input)[1]')
2021-02-18 09:41:12,830 INFO [root] [base.py [base_input:44] - 正在对：('xpath', '(//div[@class="split-input-container"]/input)[1]')元素执行清空操作！
2021-02-18 09:41:12,855 INFO [root] [base.py [base_input:47] - 正在对：('xpath', '(//div[@class="split-input-container"]/input)[1]')元素执行输入：1
2021-02-18 09:41:13,391 INFO [root] [base.py [base_find_element:21] - 正在查找元素：('xpath', '(//div[@class="split-input-container"]/input)[2]')
2021-02-18 09:41:13,406 INFO [root] [base.py [base_input:44] - 正在对：('xpath', '(//div[@class="split-input-container"]/input)[2]')元素执行清空操作！
2021-02-18 09:41:13,430 INFO [root] [base.py [base_input:47] - 正在对：('xpath', '(//div[@class="split-input-container"]/input)[2]')元素执行输入：2
2021-02-18 09:41:13,951 INFO [root] [base.py [base_find_element:21] - 正在查找元素：('xpath', '(//div[@class="split-input-container"]/input)[3]')
2021-02-18 09:41:13,965 INFO [root] [base.py [base_input:44] - 正在对：('xpath', '(//div[@class="split-input-container"]/input)[3]')元素执行清空操作！
2021-02-18 09:41:13,990 INFO [root] [base.py [base_input:47] - 正在对：('xpath', '(//div[@class="split-input-container"]/input)[3]')元素执行输入：4
2021-02-18 09:41:14,517 INFO [root] [base.py [base_find_element:21] - 正在查找元素：('xpath', '(//div[@class="split-input-container"]/input)[4]')
2021-02-18 09:41:14,532 INFO [root] [base.py [base_input:44] - 正在对：('xpath', '(//div[@class="split-input-container"]/input)[4]')元素执行清空操作！
2021-02-18 09:41:14,557 INFO [root] [base.py [base_input:47] - 正在对：('xpath', '(//div[@class="split-input-container"]/input)[4]')元素执行输入：4
2021-02-18 09:41:16,587 INFO [root] [base.py [base_find_element:21] - 正在查找元素：('xpath', '(//p[@class="login-error"])[1]')
2021-02-18 09:41:16,615 INFO [root] [base.py [base_get_text:66] - 正在对：('xpath', '(//p[@class="login-error"])[1]')元素获取文本操作！获取的文本值：验证码错误，请重新输入
2021-02-18 09:41:17,616 INFO [root] [base.py [base_find_element:21] - 正在查找元素：('xpath', '//span[contains(text(),"返回登录页面")]')
2021-02-18 09:41:17,665 INFO [root] [base.py [base_click:37] - 正在对：('xpath', '//span[contains(text(),"返回登录页面")]')元素执行点击操作！
2021-02-18 09:42:20,725 INFO [root] [base.py [base_find_element:21] - 正在查找元素：('xpath', '//span')
2021-02-18 09:42:20,749 INFO [root] [base.py [base_get_text:66] - 正在对：('xpath', '//span')元素获取文本操作！获取的文本值：18538192813@163.com
2021-02-18 09:42:20,749 INFO [root] [base.py [base_find_element:21] - 正在查找元素：('xpath', '//a[text()="忘记密码"]')
2021-02-18 09:42:20,798 INFO [root] [base.py [base_click:37] - 正在对：('xpath', '//a[text()="忘记密码"]')元素执行点击操作！
2021-02-18 09:42:22,801 INFO [root] [base.py [base_find_element:21] - 正在查找元素：('xpath', '//button[contains(text(),"获取验证码")]')
2021-02-18 09:42:22,844 INFO [root] [base.py [base_click:37] - 正在对：('xpath', '//button[contains(text(),"获取验证码")]')元素执行点击操作！
2021-02-18 09:43:27,893 INFO [root] [base.py [base_find_element:21] - 正在查找元素：('xpath', '(//div[@class="split-input-container"]/input)[1]')
2021-02-18 09:43:27,905 INFO [root] [base.py [base_input:44] - 正在对：('xpath', '(//div[@class="split-input-container"]/input)[1]')元素执行清空操作！
2021-02-18 09:43:27,940 INFO [root] [base.py [base_input:47] - 正在对：('xpath', '(//div[@class="split-input-container"]/input)[1]')元素执行输入：1
2021-02-18 09:43:28,468 INFO [root] [base.py [base_find_element:21] - 正在查找元素：('xpath', '(//div[@class="split-input-container"]/input)[2]')
2021-02-18 09:43:28,482 INFO [root] [base.py [base_input:44] - 正在对：('xpath', '(//div[@class="split-input-container"]/input)[2]')元素执行清空操作！
2021-02-18 09:43:28,506 INFO [root] [base.py [base_input:47] - 正在对：('xpath', '(//div[@class="split-input-container"]/input)[2]')元素执行输入：2
2021-02-18 09:43:29,026 INFO [root] [base.py [base_find_element:21] - 正在查找元素：('xpath', '(//div[@class="split-input-container"]/input)[3]')
2021-02-18 09:43:29,036 INFO [root] [base.py [base_input:44] - 正在对：('xpath', '(//div[@class="split-input-container"]/input)[3]')元素执行清空操作！
2021-02-18 09:43:29,067 INFO [root] [base.py [base_input:47] - 正在对：('xpath', '(//div[@class="split-input-container"]/input)[3]')元素执行输入：3
2021-02-18 09:43:29,588 INFO [root] [base.py [base_find_element:21] - 正在查找元素：('xpath', '(//div[@class="split-input-container"]/input)[4]')
2021-02-18 09:43:29,599 INFO [root] [base.py [base_input:44] - 正在对：('xpath', '(//div[@class="split-input-container"]/input)[4]')元素执行清空操作！
2021-02-18 09:43:29,626 INFO [root] [base.py [base_input:47] - 正在对：('xpath', '(//div[@class="split-input-container"]/input)[4]')元素执行输入：4
2021-02-18 09:43:31,650 INFO [root] [base.py [base_find_element:21] - 正在查找元素：('xpath', '(//p[@class="login-error"])[1]')
2021-02-18 09:43:31,674 INFO [root] [base.py [base_get_text:66] - 正在对：('xpath', '(//p[@class="login-error"])[1]')元素获取文本操作！获取的文本值：邮件验证码过期!
2021-02-18 09:43:32,675 INFO [root] [base.py [base_find_element:21] - 正在查找元素：('xpath', '//span[contains(text(),"返回登录页面")]')
2021-02-18 09:43:32,720 INFO [root] [base.py [base_click:37] - 正在对：('xpath', '//span[contains(text(),"返回登录页面")]')元素执行点击操作！
2021-02-18 09:43:35,730 INFO [root] [base.py [base_find_element:21] - 正在查找元素：('xpath', '//span')
2021-02-18 09:43:35,751 INFO [root] [base.py [base_get_text:66] - 正在对：('xpath', '//span')元素获取文本操作！获取的文本值：18538192813@163.com
2021-02-18 09:43:35,752 INFO [root] [base.py [base_find_element:21] - 正在查找元素：('xpath', '//a[text()="忘记密码"]')
2021-02-18 09:43:35,796 INFO [root] [base.py [base_click:37] - 正在对：('xpath', '//a[text()="忘记密码"]')元素执行点击操作！
2021-02-18 09:43:37,800 INFO [root] [base.py [base_find_element:21] - 正在查找元素：('xpath', '//button[contains(text(),"获取验证码")]')
2021-02-18 09:43:37,837 INFO [root] [base.py [base_click:37] - 正在对：('xpath', '//button[contains(text(),"获取验证码")]')元素执行点击操作！
2021-02-18 09:43:42,844 INFO [root] [base.py [base_find_element:21] - 正在查找元素：('xpath', '(//div[@class="split-input-container"]/input)[1]')
2021-02-18 09:43:42,854 INFO [root] [base.py [base_input:44] - 正在对：('xpath', '(//div[@class="split-input-container"]/input)[1]')元素执行清空操作！
2021-02-18 09:43:42,879 INFO [root] [base.py [base_input:47] - 正在对：('xpath', '(//div[@class="split-input-container"]/input)[1]')元素执行输入：1
2021-02-18 09:43:43,408 INFO [root] [base.py [base_find_element:21] - 正在查找元素：('xpath', '(//div[@class="split-input-container"]/input)[2]')
2021-02-18 09:43:43,419 INFO [root] [base.py [base_input:44] - 正在对：('xpath', '(//div[@class="split-input-container"]/input)[2]')元素执行清空操作！
2021-02-18 09:43:43,444 INFO [root] [base.py [base_input:47] - 正在对：('xpath', '(//div[@class="split-input-container"]/input)[2]')元素执行输入：2
2021-02-18 09:43:43,964 INFO [root] [base.py [base_find_element:21] - 正在查找元素：('xpath', '(//div[@class="split-input-container"]/input)[3]')
2021-02-18 09:43:43,977 INFO [root] [base.py [base_input:44] - 正在对：('xpath', '(//div[@class="split-input-container"]/input)[3]')元素执行清空操作！
2021-02-18 09:43:44,002 INFO [root] [base.py [base_input:47] - 正在对：('xpath', '(//div[@class="split-input-container"]/input)[3]')元素执行输入：3
2021-02-18 09:43:44,524 INFO [root] [base.py [base_find_element:21] - 正在查找元素：('xpath', '(//div[@class="split-input-container"]/input)[4]')
2021-02-18 09:43:44,535 INFO [root] [base.py [base_input:44] - 正在对：('xpath', '(//div[@class="split-input-container"]/input)[4]')元素执行清空操作！
2021-02-18 09:43:44,560 INFO [root] [base.py [base_input:47] - 正在对：('xpath', '(//div[@class="split-input-container"]/input)[4]')元素执行输入：4
2021-02-18 09:43:45,579 INFO [root] [base.py [base_find_element:21] - 正在查找元素：('xpath', '//input[@placeholder="输入新密码"]')
2021-02-18 09:43:45,604 INFO [root] [base.py [base_input:44] - 正在对：('xpath', '//input[@placeholder="输入新密码"]')元素执行清空操作！
2021-02-18 09:43:45,651 INFO [root] [base.py [base_input:47] - 正在对：('xpath', '//input[@placeholder="输入新密码"]')元素执行输入：1111Aa
2021-02-18 09:43:46,704 INFO [root] [base.py [base_find_element:21] - 正在查找元素：('xpath', '//button[contains(text(),"设定新密码")]')
2021-02-18 09:43:46,725 INFO [root] [base.py [base_is_enabled:72] - 正在对：('xpath', '//button[contains(text(),"设定新密码")]')元素判断是否可用，返回值为：False
2021-02-18 09:43:46,725 INFO [root] [base.py [base_find_element:21] - 正在查找元素：('xpath', '//span[contains(text(),"返回登录页面")]')
2021-02-18 09:43:46,769 INFO [root] [base.py [base_click:37] - 正在对：('xpath', '//span[contains(text(),"返回登录页面")]')元素执行点击操作！
2021-02-18 09:44:49,826 INFO [root] [base.py [base_find_element:21] - 正在查找元素：('xpath', '//span')
2021-02-18 09:44:49,853 INFO [root] [base.py [base_get_text:66] - 正在对：('xpath', '//span')元素获取文本操作！获取的文本值：18538192813@163.com
2021-02-18 09:44:49,853 INFO [root] [base.py [base_find_element:21] - 正在查找元素：('xpath', '//a[text()="忘记密码"]')
2021-02-18 09:44:49,910 INFO [root] [base.py [base_click:37] - 正在对：('xpath', '//a[text()="忘记密码"]')元素执行点击操作！
2021-02-18 09:44:51,912 INFO [root] [base.py [base_find_element:21] - 正在查找元素：('xpath', '//button[contains(text(),"获取验证码")]')
2021-02-18 09:44:51,966 INFO [root] [base.py [base_click:37] - 正在对：('xpath', '//button[contains(text(),"获取验证码")]')元素执行点击操作！
2021-02-18 09:44:56,966 INFO [root] [base.py [base_find_element:21] - 正在查找元素：('xpath', '(//div[@class="split-input-container"]/input)[1]')
2021-02-18 09:44:56,979 INFO [root] [base.py [base_input:44] - 正在对：('xpath', '(//div[@class="split-input-container"]/input)[1]')元素执行清空操作！
2021-02-18 09:44:57,004 INFO [root] [base.py [base_input:47] - 正在对：('xpath', '(//div[@class="split-input-container"]/input)[1]')元素执行输入：1
2021-02-18 09:44:57,537 INFO [root] [base.py [base_find_element:21] - 正在查找元素：('xpath', '(//div[@class="split-input-container"]/input)[2]')
2021-02-18 09:44:57,550 INFO [root] [base.py [base_input:44] - 正在对：('xpath', '(//div[@class="split-input-container"]/input)[2]')元素执行清空操作！
2021-02-18 09:44:57,574 INFO [root] [base.py [base_input:47] - 正在对：('xpath', '(//div[@class="split-input-container"]/input)[2]')元素执行输入：2
2021-02-18 09:44:58,095 INFO [root] [base.py [base_find_element:21] - 正在查找元素：('xpath', '(//div[@class="split-input-container"]/input)[3]')
2021-02-18 09:44:58,107 INFO [root] [base.py [base_input:44] - 正在对：('xpath', '(//div[@class="split-input-container"]/input)[3]')元素执行清空操作！
2021-02-18 09:44:58,132 INFO [root] [base.py [base_input:47] - 正在对：('xpath', '(//div[@class="split-input-container"]/input)[3]')元素执行输入：3
2021-02-18 09:44:58,654 INFO [root] [base.py [base_find_element:21] - 正在查找元素：('xpath', '(//div[@class="split-input-container"]/input)[4]')
2021-02-18 09:44:58,673 INFO [root] [base.py [base_input:44] - 正在对：('xpath', '(//div[@class="split-input-container"]/input)[4]')元素执行清空操作！
2021-02-18 09:44:58,699 INFO [root] [base.py [base_input:47] - 正在对：('xpath', '(//div[@class="split-input-container"]/input)[4]')元素执行输入：4
2021-02-18 09:44:59,719 INFO [root] [base.py [base_find_element:21] - 正在查找元素：('xpath', '//input[@placeholder="输入新密码"]')
2021-02-18 09:44:59,736 INFO [root] [base.py [base_input:44] - 正在对：('xpath', '//input[@placeholder="输入新密码"]')元素执行清空操作！
2021-02-18 09:44:59,766 INFO [root] [base.py [base_input:47] - 正在对：('xpath', '//input[@placeholder="输入新密码"]')元素执行输入：222222Aa
2021-02-18 09:45:00,809 INFO [root] [base.py [base_find_element:21] - 正在查找元素：('xpath', '//button[contains(text(),"设定新密码")]')
2021-02-18 09:45:00,830 INFO [root] [base.py [base_is_enabled:72] - 正在对：('xpath', '//button[contains(text(),"设定新密码")]')元素判断是否可用，返回值为：True
2021-02-18 09:45:01,832 INFO [root] [base.py [base_find_element:21] - 正在查找元素：('xpath', '//button[contains(text(),"设定新密码")]')
2021-02-18 09:45:01,874 INFO [root] [base.py [base_click:37] - 正在对：('xpath', '//button[contains(text(),"设定新密码")]')元素执行点击操作！
2021-02-18 09:45:02,876 INFO [root] [base.py [base_find_element:21] - 正在查找元素：('xpath', '//input')
2021-02-18 09:45:02,890 INFO [root] [base.py [base_input:44] - 正在对：('xpath', '//input')元素执行清空操作！
2021-02-18 09:45:02,916 INFO [root] [base.py [base_input:47] - 正在对：('xpath', '//input')元素执行输入：222222Aa
2021-02-18 09:45:02,951 INFO [root] [base.py [base_find_element:21] - 正在查找元素：('xpath', '//button')
2021-02-18 09:45:03,268 INFO [root] [base.py [base_click:37] - 正在对：('xpath', '//button')元素执行点击操作！
2021-02-18 09:45:06,271 INFO [root] [base.py [base_find_element:21] - 正在查找元素：('xpath', '//h3[@class="welcomeTitle"]')
2021-02-18 09:45:06,296 INFO [root] [base.py [base_get_text:66] - 正在对：('xpath', '//h3[@class="welcomeTitle"]')元素获取文本操作！获取的文本值：儿童认知评估与训练系统-管理员端
2021-02-18 09:45:07,318 INFO [root] [base.py [base_driver_back:78] - 正在点击浏览器后退按钮！
2021-02-18 09:46:08,366 INFO [root] [base.py [base_find_element:21] - 正在查找元素：('xpath', '//a[text()="忘记密码"]')
2021-02-18 09:46:08,422 INFO [root] [base.py [base_click:37] - 正在对：('xpath', '//a[text()="忘记密码"]')元素执行点击操作！
2021-02-18 09:46:09,424 INFO [root] [base.py [base_find_element:21] - 正在查找元素：('xpath', '//button[contains(text(),"获取验证码")]')
2021-02-18 09:46:09,461 INFO [root] [base.py [base_click:37] - 正在对：('xpath', '//button[contains(text(),"获取验证码")]')元素执行点击操作！
2021-02-18 09:46:12,465 INFO [root] [base.py [base_find_element:21] - 正在查找元素：('xpath', '(//div[@class="split-input-container"]/input)[1]')
2021-02-18 09:46:12,478 INFO [root] [base.py [base_input:44] - 正在对：('xpath', '(//div[@class="split-input-container"]/input)[1]')元素执行清空操作！
2021-02-18 09:46:12,508 INFO [root] [base.py [base_input:47] - 正在对：('xpath', '(//div[@class="split-input-container"]/input)[1]')元素执行输入：1
2021-02-18 09:46:13,047 INFO [root] [base.py [base_find_element:21] - 正在查找元素：('xpath', '(//div[@class="split-input-container"]/input)[2]')
2021-02-18 09:46:13,058 INFO [root] [base.py [base_input:44] - 正在对：('xpath', '(//div[@class="split-input-container"]/input)[2]')元素执行清空操作！
2021-02-18 09:46:13,084 INFO [root] [base.py [base_input:47] - 正在对：('xpath', '(//div[@class="split-input-container"]/input)[2]')元素执行输入：2
2021-02-18 09:46:13,608 INFO [root] [base.py [base_find_element:21] - 正在查找元素：('xpath', '(//div[@class="split-input-container"]/input)[3]')
2021-02-18 09:46:13,618 INFO [root] [base.py [base_input:44] - 正在对：('xpath', '(//div[@class="split-input-container"]/input)[3]')元素执行清空操作！
2021-02-18 09:46:13,649 INFO [root] [base.py [base_input:47] - 正在对：('xpath', '(//div[@class="split-input-container"]/input)[3]')元素执行输入：3
2021-02-18 09:46:14,169 INFO [root] [base.py [base_find_element:21] - 正在查找元素：('xpath', '(//div[@class="split-input-container"]/input)[4]')
2021-02-18 09:46:14,180 INFO [root] [base.py [base_input:44] - 正在对：('xpath', '(//div[@class="split-input-container"]/input)[4]')元素执行清空操作！
2021-02-18 09:46:14,206 INFO [root] [base.py [base_input:47] - 正在对：('xpath', '(//div[@class="split-input-container"]/input)[4]')元素执行输入：4
2021-02-18 09:46:15,230 INFO [root] [base.py [base_find_element:21] - 正在查找元素：('xpath', '//input[@placeholder="输入新密码"]')
2021-02-18 09:46:15,245 INFO [root] [base.py [base_input:44] - 正在对：('xpath', '//input[@placeholder="输入新密码"]')元素执行清空操作！
2021-02-18 09:46:15,278 INFO [root] [base.py [base_input:47] - 正在对：('xpath', '//input[@placeholder="输入新密码"]')元素执行输入：111111Aa
2021-02-18 09:46:16,342 INFO [root] [base.py [base_find_element:21] - 正在查找元素：('xpath', '//button[contains(text(),"设定新密码")]')
2021-02-18 09:46:16,380 INFO [root] [base.py [base_click:37] - 正在对：('xpath', '//button[contains(text(),"设定新密码")]')元素执行点击操作！
2021-02-18 09:46:17,720 INFO [root] [redis_clear.py [redis_clear:21] - 邮箱：18538192813@163.com，清除redis：1
2021-02-18 09:46:33,823 INFO [root] [base.py [__init__:17] - 正在获取driver：<selenium.webdriver.remote.webdriver.WebDriver (session="4ce5c1edb6443d8122ab1c63ab060875")>
2021-02-18 09:46:33,823 INFO [root] [base.py [base_find_element:21] - 正在查找元素：('xpath', '//input')
2021-02-18 09:46:33,836 INFO [root] [base.py [base_input:44] - 正在对：('xpath', '//input')元素执行清空操作！
2021-02-18 09:46:33,862 INFO [root] [base.py [base_input:47] - 正在对：('xpath', '//input')元素执行输入：111111Aa
2021-02-18 09:46:33,905 INFO [root] [base.py [base_find_element:21] - 正在查找元素：('xpath', '//button')
2021-02-18 09:46:33,947 INFO [root] [base.py [base_click:37] - 正在对：('xpath', '//button')元素执行点击操作！
2021-02-18 09:46:33,948 INFO [root] [base.py [__init__:17] - 正在获取driver：<selenium.webdriver.remote.webdriver.WebDriver (session="4ce5c1edb6443d8122ab1c63ab060875")>
2021-02-18 09:46:33,948 INFO [root] [base.py [__init__:17] - 正在获取driver：<selenium.webdriver.remote.webdriver.WebDriver (session="4ce5c1edb6443d8122ab1c63ab060875")>
2021-02-18 09:46:33,948 INFO [root] [base.py [__init__:17] - 正在获取driver：<selenium.webdriver.remote.webdriver.WebDriver (session="4ce5c1edb6443d8122ab1c63ab060875")>
2021-02-18 09:46:35,952 INFO [root] [base.py [base_find_element:21] - 正在查找元素：('xpath', '//div[contains(text(),"创建医生")]')
2021-02-18 09:46:36,060 INFO [root] [base.py [base_click:37] - 正在对：('xpath', '//div[contains(text(),"创建医生")]')元素执行点击操作！
2021-02-18 09:46:36,061 INFO [root] [base.py [base_find_element:21] - 正在查找元素：('xpath', '//input[@placeholder="输入医生姓名"]')
2021-02-18 09:46:36,075 INFO [root] [base.py [base_input:44] - 正在对：('xpath', '//input[@placeholder="输入医生姓名"]')元素执行清空操作！
2021-02-18 09:46:36,108 INFO [root] [base.py [base_input:47] - 正在对：('xpath', '//input[@placeholder="输入医生姓名"]')元素执行输入：测试创建001
2021-02-18 09:46:36,176 INFO [root] [base.py [base_find_element:21] - 正在查找元素：('xpath', '//input[@placeholder="输入医生身份证号"]')
2021-02-18 09:46:36,190 INFO [root] [base.py [base_input:44] - 正在对：('xpath', '//input[@placeholder="输入医生身份证号"]')元素执行清空操作！
2021-02-18 09:46:36,214 INFO [root] [base.py [base_input:47] - 正在对：('xpath', '//input[@placeholder="输入医生身份证号"]')元素执行输入：123456789012345678
2021-02-18 09:46:36,319 INFO [root] [base.py [base_find_element:21] - 正在查找元素：('xpath', '//button[@class="admincreate-button Universal"]')
2021-02-18 09:46:36,363 INFO [root] [base.py [base_click:37] - 正在对：('xpath', '//button[@class="admincreate-button Universal"]')元素执行点击操作！
2021-02-18 09:46:39,367 INFO [root] [base.py [base_find_element:21] - 正在查找元素：('xpath', '//p[@class="error-center"]')
2021-02-18 09:46:39,392 INFO [root] [base.py [base_get_text:66] - 正在对：('xpath', '//p[@class="error-center"]')元素获取文本操作！获取的文本值：身份证信息错误,请确认
2021-02-18 09:46:39,392 INFO [root] [base.py [base_find_element:21] - 正在查找元素：('xpath', '//img[@class="postionImage"]')
2021-02-18 09:46:39,433 INFO [root] [base.py [base_click:37] - 正在对：('xpath', '//img[@class="postionImage"]')元素执行点击操作！
2021-02-18 09:46:41,440 INFO [root] [base.py [base_find_element:21] - 正在查找元素：('xpath', '//div[contains(text(),"创建医生")]')
2021-02-18 09:46:41,471 INFO [root] [base.py [base_click:37] - 正在对：('xpath', '//div[contains(text(),"创建医生")]')元素执行点击操作！
2021-02-18 09:46:41,472 INFO [root] [base.py [base_find_element:21] - 正在查找元素：('xpath', '//input[@placeholder="输入医生姓名"]')
2021-02-18 09:46:41,484 INFO [root] [base.py [base_input:44] - 正在对：('xpath', '//input[@placeholder="输入医生姓名"]')元素执行清空操作！
2021-02-18 09:46:41,499 INFO [root] [base.py [base_input:47] - 正在对：('xpath', '//input[@placeholder="输入医生姓名"]')元素执行输入：测试创建001
2021-02-18 09:46:41,555 INFO [root] [base.py [base_find_element:21] - 正在查找元素：('xpath', '//input[@placeholder="输入医生身份证号"]')
2021-02-18 09:46:41,566 INFO [root] [base.py [base_input:44] - 正在对：('xpath', '//input[@placeholder="输入医生身份证号"]')元素执行清空操作！
2021-02-18 09:46:41,581 INFO [root] [base.py [base_input:47] - 正在对：('xpath', '//input[@placeholder="输入医生身份证号"]')元素执行输入：110101199005104908
2021-02-18 09:46:41,656 INFO [root] [base.py [base_find_element:21] - 正在查找元素：('xpath', '//button[@class="admincreate-button Universal"]')
2021-02-18 09:46:41,691 INFO [root] [base.py [base_click:37] - 正在对：('xpath', '//button[@class="admincreate-button Universal"]')元素执行点击操作！
2021-02-18 09:46:43,695 INFO [root] [base.py [base_find_element:21] - 正在查找元素：('xpath', '((//tr[@class="el-table__row"])[1]/td)[5]/div/img')
2021-02-18 09:46:43,754 INFO [root] [base.py [base_click:37] - 正在对：('xpath', '((//tr[@class="el-table__row"])[1]/td)[5]/div/img')元素执行点击操作！
2021-02-18 09:46:45,758 INFO [root] [base.py [base_find_element:21] - 正在查找元素：('xpath', '//h6/following-sibling::span')
2021-02-18 09:46:45,782 INFO [root] [base.py [base_get_text:66] - 正在对：('xpath', '//h6/following-sibling::span')元素获取文本操作！获取的文本值：（账号未激活）
2021-02-18 09:46:45,783 INFO [root] [base.py [base_find_element:21] - 正在查找元素：('xpath', '(//p[@class="name-right"])[1]')
2021-02-18 09:46:45,805 INFO [root] [base.py [base_get_text:66] - 正在对：('xpath', '(//p[@class="name-right"])[1]')元素获取文本操作！获取的文本值：测试创建001 修改
2021-02-18 09:46:45,806 INFO [root] [page_admin_doctor_detail.py [page_admin_doctor_detail_get_name:18] - 获取的医生姓名为：测试创建001
2021-02-18 09:46:45,806 INFO [root] [base.py [base_find_element:21] - 正在查找元素：('xpath', '(//p[@class="name-right"])[2]')
2021-02-18 09:46:45,830 INFO [root] [base.py [base_get_text:66] - 正在对：('xpath', '(//p[@class="name-right"])[2]')元素获取文本操作！获取的文本值：女
2021-02-18 09:46:45,830 INFO [root] [base.py [base_find_element:21] - 正在查找元素：('xpath', '(//p[@class="name-right"])[3]')
2021-02-18 09:46:45,859 INFO [root] [base.py [base_get_text:66] - 正在对：('xpath', '(//p[@class="name-right"])[3]')元素获取文本操作！获取的文本值：110101199005104908
2021-02-18 09:46:45,860 INFO [root] [base.py [base_find_element:21] - 正在查找元素：('xpath', '(//p[@class="name-right"])[4]/span[1]')
2021-02-18 09:46:45,894 INFO [root] [base.py [base_get_text:66] - 正在对：('xpath', '(//p[@class="name-right"])[4]/span[1]')元素获取文本操作！获取的文本值：账户未激活
2021-02-18 09:46:45,894 INFO [root] [base.py [base_find_element:21] - 正在查找元素：('xpath', '(//p[@class="name-right"])[5]')
2021-02-18 09:46:45,917 INFO [root] [base.py [base_get_text:66] - 正在对：('xpath', '(//p[@class="name-right"])[5]')元素获取文本操作！获取的文本值：北京大学第六医院
2021-02-18 09:46:47,521 INFO [root] [test04_admin_create_doctor.py [test_admin_create_doctor:136] - 数据库查询创建时间为：(('2021-02-18 09:43:24',),)
2021-02-18 09:46:47,521 INFO [root] [base.py [base_find_element:21] - 正在查找元素：('xpath', '(//p[@class="name-right"])[6]')
2021-02-18 09:46:47,546 INFO [root] [base.py [base_get_text:66] - 正在对：('xpath', '(//p[@class="name-right"])[6]')元素获取文本操作！获取的文本值：2021-02-18 09:43:24
2021-02-18 09:46:48,548 INFO [root] [base.py [base_find_element:21] - 正在查找元素：('xpath', '//div[text()="医生"]')
2021-02-18 09:46:48,615 INFO [root] [base.py [base_click:37] - 正在对：('xpath', '//div[text()="医生"]')元素执行点击操作！
2021-02-18 09:46:50,623 INFO [root] [base.py [base_find_element:21] - 正在查找元素：('xpath', '//div[contains(text(),"创建医生")]')
2021-02-18 09:46:50,665 INFO [root] [base.py [base_click:37] - 正在对：('xpath', '//div[contains(text(),"创建医生")]')元素执行点击操作！
2021-02-18 09:46:50,665 INFO [root] [base.py [base_find_element:21] - 正在查找元素：('xpath', '//input[@placeholder="输入医生姓名"]')
2021-02-18 09:46:50,679 INFO [root] [base.py [base_input:44] - 正在对：('xpath', '//input[@placeholder="输入医生姓名"]')元素执行清空操作！
2021-02-18 09:46:50,705 INFO [root] [base.py [base_input:47] - 正在对：('xpath', '//input[@placeholder="输入医生姓名"]')元素执行输入：测试创建0002
2021-02-18 09:46:50,755 INFO [root] [base.py [base_find_element:21] - 正在查找元素：('xpath', '//input[@placeholder="输入医生身份证号"]')
2021-02-18 09:46:50,765 INFO [root] [base.py [base_input:44] - 正在对：('xpath', '//input[@placeholder="输入医生身份证号"]')元素执行清空操作！
2021-02-18 09:46:50,788 INFO [root] [base.py [base_input:47] - 正在对：('xpath', '//input[@placeholder="输入医生身份证号"]')元素执行输入：110101199005104908
2021-02-18 09:46:50,864 INFO [root] [base.py [base_find_element:21] - 正在查找元素：('xpath', '//button[@class="admincreate-button Universal"]')
2021-02-18 09:46:50,903 INFO [root] [base.py [base_click:37] - 正在对：('xpath', '//button[@class="admincreate-button Universal"]')元素执行点击操作！
2021-02-18 09:46:53,907 INFO [root] [base.py [base_find_element:21] - 正在查找元素：('xpath', '//p[@class="error-center"]')
2021-02-18 09:46:53,928 INFO [root] [base.py [base_get_text:66] - 正在对：('xpath', '//p[@class="error-center"]')元素获取文本操作！获取的文本值：系统中已存在此身份证号的医生,请确认
2021-02-18 09:46:53,929 INFO [root] [base.py [base_find_element:21] - 正在查找元素：('xpath', '//img[@class="postionImage"]')
2021-02-18 09:46:53,967 INFO [root] [base.py [base_click:37] - 正在对：('xpath', '//img[@class="postionImage"]')元素执行点击操作！
2021-02-18 09:46:55,707 INFO [root] [test04_admin_create_doctor.py [test_admin_create_doctor:162] - 删除关联
2021-02-18 09:46:57,115 INFO [root] [test04_admin_create_doctor.py [test_admin_create_doctor:164] - 删除创建的数据
2021-02-18 09:47:15,737 INFO [root] [base.py [__init__:17] - 正在获取driver：<selenium.webdriver.remote.webdriver.WebDriver (session="d208eacded9a452b65017c301f8a80b9")>
2021-02-18 09:47:15,737 INFO [root] [base.py [base_find_element:21] - 正在查找元素：('xpath', '//input')
2021-02-18 09:47:15,750 INFO [root] [base.py [base_input:44] - 正在对：('xpath', '//input')元素执行清空操作！
2021-02-18 09:47:15,777 INFO [root] [base.py [base_input:47] - 正在对：('xpath', '//input')元素执行输入：111111Aa
2021-02-18 09:47:15,816 INFO [root] [base.py [base_find_element:21] - 正在查找元素：('xpath', '//button')
2021-02-18 09:47:15,858 INFO [root] [base.py [base_click:37] - 正在对：('xpath', '//button')元素执行点击操作！
2021-02-18 09:47:15,858 INFO [root] [base.py [__init__:17] - 正在获取driver：<selenium.webdriver.remote.webdriver.WebDriver (session="d208eacded9a452b65017c301f8a80b9")>
2021-02-18 09:47:15,859 INFO [root] [base.py [base_find_element:21] - 正在查找元素：('xpath', '//input[@placeholder="创建日期"]')
2021-02-18 09:47:17,374 INFO [root] [base.py [base_click:37] - 正在对：('xpath', '//input[@placeholder="创建日期"]')元素执行点击操作！
2021-02-18 09:47:18,376 INFO [root] [base.py [base_find_element:21] - 正在查找元素：('xpath', '//span[contains(text(),"按姓名拼写排序")]')
2021-02-18 09:47:18,429 INFO [root] [base.py [base_click:37] - 正在对：('xpath', '//span[contains(text(),"按姓名拼写排序")]')元素执行点击操作！
2021-02-18 09:47:19,430 INFO [root] [base.py [base_find_element:21] - 正在查找元素：('xpath', '//input[@placeholder="升序"]')
2021-02-18 09:47:20,229 INFO [root] [base.py [base_click:37] - 正在对：('xpath', '//input[@placeholder="升序"]')元素执行点击操作！
2021-02-18 09:47:21,230 INFO [root] [base.py [base_find_element:21] - 正在查找元素：('xpath', '//span[contains(text(),"升序")]')
2021-02-18 09:47:21,275 INFO [root] [base.py [base_click:37] - 正在对：('xpath', '//span[contains(text(),"升序")]')元素执行点击操作！
2021-02-18 09:47:25,863 INFO [root] [base.py [base_find_element:21] - 正在查找元素：('xpath', '((//tr[@class="el-table__row"])[1]/td)[1]/div')
2021-02-18 09:47:25,888 INFO [root] [base.py [base_get_text:66] - 正在对：('xpath', '((//tr[@class="el-table__row"])[1]/td)[1]/div')元素获取文本操作！获取的文本值：beauty1111
2021-02-18 09:47:25,888 INFO [root] [base.py [base_find_element:21] - 正在查找元素：('xpath', '((//tr[@class="el-table__row"])[2]/td)[1]/div')
2021-02-18 09:47:25,914 INFO [root] [base.py [base_get_text:66] - 正在对：('xpath', '((//tr[@class="el-table__row"])[2]/td)[1]/div')元素获取文本操作！获取的文本值：denson
2021-02-18 09:47:25,914 INFO [root] [base.py [base_find_element:21] - 正在查找元素：('xpath', '((//tr[@class="el-table__row"])[3]/td)[1]/div')
2021-02-18 09:47:25,938 INFO [root] [base.py [base_get_text:66] - 正在对：('xpath', '((//tr[@class="el-table__row"])[3]/td)[1]/div')元素获取文本操作！获取的文本值：Jm196
2021-02-18 09:47:25,941 INFO [root] [base.py [base_find_element:21] - 正在查找元素：('xpath', '//input[@placeholder="创建日期"]')
2021-02-18 09:47:25,978 INFO [root] [base.py [base_click:37] - 正在对：('xpath', '//input[@placeholder="创建日期"]')元素执行点击操作！
2021-02-18 09:47:26,980 INFO [root] [base.py [base_find_element:21] - 正在查找元素：('xpath', '//span[contains(text(),"按姓名拼写排序")]')
2021-02-18 09:47:27,012 INFO [root] [base.py [base_click:37] - 正在对：('xpath', '//span[contains(text(),"按姓名拼写排序")]')元素执行点击操作！
2021-02-18 09:47:28,013 INFO [root] [base.py [base_find_element:21] - 正在查找元素：('xpath', '//input[@placeholder="升序"]')
2021-02-18 09:47:28,051 INFO [root] [base.py [base_click:37] - 正在对：('xpath', '//input[@placeholder="升序"]')元素执行点击操作！
2021-02-18 09:47:29,052 INFO [root] [base.py [base_find_element:21] - 正在查找元素：('xpath', '//span[contains(text(),"降序")]')
2021-02-18 09:47:29,108 INFO [root] [base.py [base_click:37] - 正在对：('xpath', '//span[contains(text(),"降序")]')元素执行点击操作！
2021-02-18 09:47:33,196 INFO [root] [base.py [base_find_element:21] - 正在查找元素：('xpath', '((//tr[@class="el-table__row"])[1]/td)[1]/div')
2021-02-18 09:47:33,219 INFO [root] [base.py [base_get_text:66] - 正在对：('xpath', '((//tr[@class="el-table__row"])[1]/td)[1]/div')元素获取文本操作！获取的文本值：左001
2021-02-18 09:47:33,219 INFO [root] [base.py [base_find_element:21] - 正在查找元素：('xpath', '((//tr[@class="el-table__row"])[2]/td)[1]/div')
2021-02-18 09:47:33,237 INFO [root] [base.py [base_get_text:66] - 正在对：('xpath', '((//tr[@class="el-table__row"])[2]/td)[1]/div')元素获取文本操作！获取的文本值：整体测试02-10.2
2021-02-18 09:47:33,237 INFO [root] [base.py [base_find_element:21] - 正在查找元素：('xpath', '((//tr[@class="el-table__row"])[3]/td)[1]/div')
2021-02-18 09:47:33,254 INFO [root] [base.py [base_get_text:66] - 正在对：('xpath', '((//tr[@class="el-table__row"])[3]/td)[1]/div')元素获取文本操作！获取的文本值：整体测试01
2021-02-18 09:47:33,257 INFO [root] [base.py [base_find_element:21] - 正在查找元素：('xpath', '//input[@placeholder="创建日期"]')
2021-02-18 09:47:33,293 INFO [root] [base.py [base_click:37] - 正在对：('xpath', '//input[@placeholder="创建日期"]')元素执行点击操作！
2021-02-18 09:47:34,295 INFO [root] [base.py [base_find_element:21] - 正在查找元素：('xpath', '//span[contains(text(),"按创建日期排序")]')
2021-02-18 09:47:34,349 INFO [root] [base.py [base_click:37] - 正在对：('xpath', '//span[contains(text(),"按创建日期排序")]')元素执行点击操作！
2021-02-18 09:47:35,351 INFO [root] [base.py [base_find_element:21] - 正在查找元素：('xpath', '//input[@placeholder="升序"]')
2021-02-18 09:47:35,454 INFO [root] [base.py [base_click:37] - 正在对：('xpath', '//input[@placeholder="升序"]')元素执行点击操作！
2021-02-18 09:47:36,456 INFO [root] [base.py [base_find_element:21] - 正在查找元素：('xpath', '//span[contains(text(),"升序")]')
2021-02-18 09:47:36,501 INFO [root] [base.py [base_click:37] - 正在对：('xpath', '//span[contains(text(),"升序")]')元素执行点击操作！
2021-02-18 09:47:40,594 INFO [root] [base.py [base_find_element:21] - 正在查找元素：('xpath', '((//tr[@class="el-table__row"])[1]/td)[1]/div')
2021-02-18 09:47:40,612 INFO [root] [base.py [base_get_text:66] - 正在对：('xpath', '((//tr[@class="el-table__row"])[1]/td)[1]/div')元素获取文本操作！获取的文本值：回归测试007
2021-02-18 09:47:40,613 INFO [root] [base.py [base_find_element:21] - 正在查找元素：('xpath', '((//tr[@class="el-table__row"])[2]/td)[1]/div')
2021-02-18 09:47:40,630 INFO [root] [base.py [base_get_text:66] - 正在对：('xpath', '((//tr[@class="el-table__row"])[2]/td)[1]/div')元素获取文本操作！获取的文本值：回归测试005
2021-02-18 09:47:40,630 INFO [root] [base.py [base_find_element:21] - 正在查找元素：('xpath', '((//tr[@class="el-table__row"])[3]/td)[1]/div')
2021-02-18 09:47:40,645 INFO [root] [base.py [base_get_text:66] - 正在对：('xpath', '((//tr[@class="el-table__row"])[3]/td)[1]/div')元素获取文本操作！获取的文本值：回归测试006
2021-02-18 09:47:40,648 INFO [root] [base.py [base_find_element:21] - 正在查找元素：('xpath', '//input[@placeholder="创建日期"]')
2021-02-18 09:47:40,684 INFO [root] [base.py [base_click:37] - 正在对：('xpath', '//input[@placeholder="创建日期"]')元素执行点击操作！
2021-02-18 09:47:41,687 INFO [root] [base.py [base_find_element:21] - 正在查找元素：('xpath', '//span[contains(text(),"按创建日期排序")]')
2021-02-18 09:47:41,721 INFO [root] [base.py [base_click:37] - 正在对：('xpath', '//span[contains(text(),"按创建日期排序")]')元素执行点击操作！
2021-02-18 09:47:42,722 INFO [root] [base.py [base_find_element:21] - 正在查找元素：('xpath', '//input[@placeholder="升序"]')
2021-02-18 09:47:42,759 INFO [root] [base.py [base_click:37] - 正在对：('xpath', '//input[@placeholder="升序"]')元素执行点击操作！
2021-02-18 09:47:43,760 INFO [root] [base.py [base_find_element:21] - 正在查找元素：('xpath', '//span[contains(text(),"降序")]')
2021-02-18 09:47:43,805 INFO [root] [base.py [base_click:37] - 正在对：('xpath', '//span[contains(text(),"降序")]')元素执行点击操作！
2021-02-18 09:47:48,382 INFO [root] [base.py [base_find_element:21] - 正在查找元素：('xpath', '((//tr[@class="el-table__row"])[1]/td)[1]/div')
2021-02-18 09:47:48,403 INFO [root] [base.py [base_get_text:66] - 正在对：('xpath', '((//tr[@class="el-table__row"])[1]/td)[1]/div')元素获取文本操作！获取的文本值：李海
2021-02-18 09:47:48,403 INFO [root] [base.py [base_find_element:21] - 正在查找元素：('xpath', '((//tr[@class="el-table__row"])[2]/td)[1]/div')
2021-02-18 09:47:48,421 INFO [root] [base.py [base_get_text:66] - 正在对：('xpath', '((//tr[@class="el-table__row"])[2]/td)[1]/div')元素获取文本操作！获取的文本值：李医生
2021-02-18 09:47:48,421 INFO [root] [base.py [base_find_element:21] - 正在查找元素：('xpath', '((//tr[@class="el-table__row"])[3]/td)[1]/div')
2021-02-18 09:47:48,438 INFO [root] [base.py [base_get_text:66] - 正在对：('xpath', '((//tr[@class="el-table__row"])[3]/td)[1]/div')元素获取文本操作！获取的文本值：刘筱筱
2021-02-18 09:48:11,159 INFO [root] [base.py [__init__:17] - 正在获取driver：<selenium.webdriver.remote.webdriver.WebDriver (session="568fbbfbbffde455b994ddf7f2a038d7")>
2021-02-18 09:48:11,159 INFO [root] [base.py [base_find_element:21] - 正在查找元素：('xpath', '//input')
2021-02-18 09:48:11,173 INFO [root] [base.py [base_input:44] - 正在对：('xpath', '//input')元素执行清空操作！
2021-02-18 09:48:11,198 INFO [root] [base.py [base_input:47] - 正在对：('xpath', '//input')元素执行输入：111111Aa
2021-02-18 09:48:11,237 INFO [root] [base.py [base_find_element:21] - 正在查找元素：('xpath', '//button')
2021-02-18 09:48:11,279 INFO [root] [base.py [base_click:37] - 正在对：('xpath', '//button')元素执行点击操作！
2021-02-18 09:48:11,279 INFO [root] [base.py [__init__:17] - 正在获取driver：<selenium.webdriver.remote.webdriver.WebDriver (session="568fbbfbbffde455b994ddf7f2a038d7")>
2021-02-18 09:48:11,280 INFO [root] [base.py [base_find_element:21] - 正在查找元素：('xpath', '//div[contains(text(),"创建医生")]')
2021-02-18 09:48:12,809 INFO [root] [base.py [base_click:37] - 正在对：('xpath', '//div[contains(text(),"创建医生")]')元素执行点击操作！
2021-02-18 09:48:12,809 INFO [root] [base.py [base_find_element:21] - 正在查找元素：('xpath', '//input[@placeholder="输入医生姓名"]')
2021-02-18 09:48:12,824 INFO [root] [base.py [base_input:44] - 正在对：('xpath', '//input[@placeholder="输入医生姓名"]')元素执行清空操作！
2021-02-18 09:48:12,849 INFO [root] [base.py [base_input:47] - 正在对：('xpath', '//input[@placeholder="输入医生姓名"]')元素执行输入：测试搜索001
2021-02-18 09:48:12,908 INFO [root] [base.py [base_find_element:21] - 正在查找元素：('xpath', '//input[@placeholder="输入医生身份证号"]')
2021-02-18 09:48:12,923 INFO [root] [base.py [base_input:44] - 正在对：('xpath', '//input[@placeholder="输入医生身份证号"]')元素执行清空操作！
2021-02-18 09:48:12,947 INFO [root] [base.py [base_input:47] - 正在对：('xpath', '//input[@placeholder="输入医生身份证号"]')元素执行输入：110101193011304167
2021-02-18 09:48:13,047 INFO [root] [base.py [base_find_element:21] - 正在查找元素：('xpath', '//button[@class="admincreate-button Universal"]')
2021-02-18 09:48:13,089 INFO [root] [base.py [base_click:37] - 正在对：('xpath', '//button[@class="admincreate-button Universal"]')元素执行点击操作！
2021-02-18 09:48:13,089 INFO [root] [base.py [__init__:17] - 正在获取driver：<selenium.webdriver.remote.webdriver.WebDriver (session="568fbbfbbffde455b994ddf7f2a038d7")>
2021-02-18 09:48:16,094 INFO [root] [base.py [base_find_element:21] - 正在查找元素：('xpath', '//input[@placeholder="搜索医生"]')
2021-02-18 09:48:16,107 INFO [root] [base.py [base_input:44] - 正在对：('xpath', '//input[@placeholder="搜索医生"]')元素执行清空操作！
2021-02-18 09:48:16,133 INFO [root] [base.py [base_input:47] - 正在对：('xpath', '//input[@placeholder="搜索医生"]')元素执行输入：测试搜索001
2021-02-18 09:48:16,183 INFO [root] [base.py [base_find_element:21] - 正在查找元素：('xpath', '//i[@class="icon-search"]')
2021-02-18 09:48:16,223 INFO [root] [base.py [base_click:37] - 正在对：('xpath', '//i[@class="icon-search"]')元素执行点击操作！
2021-02-18 09:48:18,224 INFO [root] [base.py [base_find_element:21] - 正在查找元素：('xpath', '((//tr[@class="el-table__row"])[1]/td)[1]/div')
2021-02-18 09:48:18,257 INFO [root] [base.py [base_get_text:66] - 正在对：('xpath', '((//tr[@class="el-table__row"])[1]/td)[1]/div')元素获取文本操作！获取的文本值：测试搜索001
2021-02-18 09:48:19,496 INFO [root] [test06_admin_search_doctor.py [test_admin_search_doctor:75] - 删除关联
2021-02-18 09:48:20,500 INFO [root] [test06_admin_search_doctor.py [test_admin_search_doctor:77] - 删除创建的数据
2021-02-18 09:48:44,811 INFO [root] [base.py [__init__:17] - 正在获取driver：<selenium.webdriver.remote.webdriver.WebDriver (session="465fc9eef5db0ab049be231d34de81f2")>
2021-02-18 09:48:44,811 INFO [root] [base.py [base_find_element:21] - 正在查找元素：('xpath', '//input')
2021-02-18 09:48:44,825 INFO [root] [base.py [base_input:44] - 正在对：('xpath', '//input')元素执行清空操作！
2021-02-18 09:48:44,851 INFO [root] [base.py [base_input:47] - 正在对：('xpath', '//input')元素执行输入：111111Aa
2021-02-18 09:48:44,889 INFO [root] [base.py [base_find_element:21] - 正在查找元素：('xpath', '//button')
2021-02-18 09:48:44,931 INFO [root] [base.py [base_click:37] - 正在对：('xpath', '//button')元素执行点击操作！
2021-02-18 09:48:44,931 INFO [root] [base.py [__init__:17] - 正在获取driver：<selenium.webdriver.remote.webdriver.WebDriver (session="465fc9eef5db0ab049be231d34de81f2")>
2021-02-18 09:48:44,931 INFO [root] [base.py [__init__:17] - 正在获取driver：<selenium.webdriver.remote.webdriver.WebDriver (session="465fc9eef5db0ab049be231d34de81f2")>
2021-02-18 09:48:44,931 INFO [root] [base.py [__init__:17] - 正在获取driver：<selenium.webdriver.remote.webdriver.WebDriver (session="465fc9eef5db0ab049be231d34de81f2")>
2021-02-18 09:48:46,935 INFO [root] [base.py [base_find_element:21] - 正在查找元素：('xpath', '//div[contains(text(),"创建医生")]')
2021-02-18 09:48:46,984 INFO [root] [base.py [base_click:37] - 正在对：('xpath', '//div[contains(text(),"创建医生")]')元素执行点击操作！
2021-02-18 09:48:46,984 INFO [root] [base.py [base_find_element:21] - 正在查找元素：('xpath', '//input[@placeholder="输入医生姓名"]')
2021-02-18 09:48:47,000 INFO [root] [base.py [base_input:44] - 正在对：('xpath', '//input[@placeholder="输入医生姓名"]')元素执行清空操作！
2021-02-18 09:48:47,026 INFO [root] [base.py [base_input:47] - 正在对：('xpath', '//input[@placeholder="输入医生姓名"]')元素执行输入：详情001
2021-02-18 09:48:47,078 INFO [root] [base.py [base_find_element:21] - 正在查找元素：('xpath', '//input[@placeholder="输入医生身份证号"]')
2021-02-18 09:48:47,090 INFO [root] [base.py [base_input:44] - 正在对：('xpath', '//input[@placeholder="输入医生身份证号"]')元素执行清空操作！
2021-02-18 09:48:47,123 INFO [root] [base.py [base_input:47] - 正在对：('xpath', '//input[@placeholder="输入医生身份证号"]')元素执行输入：110101194011303273
2021-02-18 09:48:47,219 INFO [root] [base.py [base_find_element:21] - 正在查找元素：('xpath', '//button[@class="admincreate-button Universal"]')
2021-02-18 09:48:47,270 INFO [root] [base.py [base_click:37] - 正在对：('xpath', '//button[@class="admincreate-button Universal"]')元素执行点击操作！
2021-02-18 09:48:50,098 INFO [root] [test07_admin_doctor_detail_change.py [test_admin_doctor_detail_change:85] - 账号激活，身份证号为：110101194011303273
2021-02-18 09:48:52,101 INFO [root] [base.py [base_find_element:21] - 正在查找元素：('xpath', '((//tr[@class="el-table__row"])[1]/td)[5]/div/img')
2021-02-18 09:48:52,159 INFO [root] [base.py [base_click:37] - 正在对：('xpath', '((//tr[@class="el-table__row"])[1]/td)[5]/div/img')元素执行点击操作！
2021-02-18 09:48:53,161 INFO [root] [base.py [base_find_element:21] - 正在查找元素：('xpath', '(//p[@class="name-right"])[1]/button')
2021-02-18 09:48:53,265 INFO [root] [base.py [base_click:37] - 正在对：('xpath', '(//p[@class="name-right"])[1]/button')元素执行点击操作！
2021-02-18 09:48:54,268 INFO [root] [base.py [base_find_element:21] - 正在查找元素：('xpath', '//input[@placeholder="输入姓名"]')
2021-02-18 09:48:54,280 INFO [root] [base.py [base_send_input:55] - 正在对：('xpath', '//input[@placeholder="输入姓名"]')元素执行清空操作！
2021-02-18 09:48:54,345 INFO [root] [base.py [base_send_input:60] - 正在对：('xpath', '//input[@placeholder="输入姓名"]')元素执行输入：详情已激活001
2021-02-18 09:48:55,374 INFO [root] [base.py [base_find_element:21] - 正在查找元素：('xpath', '(//button[@class="mainbutton"])[1]')
2021-02-18 09:48:55,416 INFO [root] [base.py [base_click:37] - 正在对：('xpath', '(//button[@class="mainbutton"])[1]')元素执行点击操作！
2021-02-18 09:48:56,417 INFO [root] [base.py [base_find_element:21] - 正在查找元素：('xpath', '(//p[@class="name-right"])[1]')
2021-02-18 09:48:56,441 INFO [root] [base.py [base_get_text:66] - 正在对：('xpath', '(//p[@class="name-right"])[1]')元素获取文本操作！获取的文本值：详情已激活001 修改
2021-02-18 09:48:56,441 INFO [root] [page_admin_doctor_detail.py [page_admin_doctor_detail_get_name:18] - 获取的医生姓名为：详情已激活001
2021-02-18 09:48:57,442 INFO [root] [base.py [base_find_element:21] - 正在查找元素：('xpath', '(//p[@class="name-right"])[4]/button')
2021-02-18 09:48:57,516 INFO [root] [base.py [base_click:37] - 正在对：('xpath', '(//p[@class="name-right"])[4]/button')元素执行点击操作！
2021-02-18 09:48:58,518 INFO [root] [base.py [base_find_element:21] - 正在查找元素：('xpath', '//input[@placeholder="输入手机号"]')
2021-02-18 09:48:58,532 INFO [root] [base.py [base_input:44] - 正在对：('xpath', '//input[@placeholder="输入手机号"]')元素执行清空操作！
2021-02-18 09:48:58,558 INFO [root] [base.py [base_input:47] - 正在对：('xpath', '//input[@placeholder="输入手机号"]')元素执行输入：15901242712
2021-02-18 09:48:59,601 INFO [root] [base.py [base_find_element:21] - 正在查找元素：('xpath', '(//div[@class="bottom-center"])[2]/button')
2021-02-18 09:48:59,643 INFO [root] [base.py [base_click:37] - 正在对：('xpath', '(//div[@class="bottom-center"])[2]/button')元素执行点击操作！
2021-02-18 09:49:00,665 INFO [root] [base.py [base_find_element:21] - 正在查找元素：('xpath', '(//p[@class="name-right"])[4]/span[2]')
2021-02-18 09:49:00,696 INFO [root] [base.py [base_get_text:66] - 正在对：('xpath', '(//p[@class="name-right"])[4]/span[2]')元素获取文本操作！获取的文本值：15901242712
2021-02-18 09:49:01,697 INFO [root] [base.py [base_find_element:21] - 正在查找元素：('xpath', '(//p[@class="name-right"])[7]/button')
2021-02-18 09:49:01,735 INFO [root] [base.py [base_click:37] - 正在对：('xpath', '(//p[@class="name-right"])[7]/button')元素执行点击操作！
2021-02-18 09:49:02,737 INFO [root] [base.py [base_find_element:21] - 正在查找元素：('xpath', '//textarea')
2021-02-18 09:49:02,750 INFO [root] [base.py [base_send_input:55] - 正在对：('xpath', '//textarea')元素执行清空操作！
2021-02-18 09:49:02,807 INFO [root] [base.py [base_send_input:60] - 正在对：('xpath', '//textarea')元素执行输入：修改备注001
2021-02-18 09:49:03,828 INFO [root] [base.py [base_find_element:21] - 正在查找元素：('xpath', '(//div[@class="bottom-center"])[3]/button')
2021-02-18 09:49:03,869 INFO [root] [base.py [base_click:37] - 正在对：('xpath', '(//div[@class="bottom-center"])[3]/button')元素执行点击操作！
2021-02-18 09:49:04,871 INFO [root] [base.py [base_find_element:21] - 正在查找元素：('xpath', '(//p[@class="name-right"])[7]/span')
2021-02-18 09:49:04,899 INFO [root] [base.py [base_get_text:66] - 正在对：('xpath', '(//p[@class="name-right"])[7]/span')元素获取文本操作！获取的文本值：修改备注001
2021-02-18 09:49:06,928 INFO [root] [test07_admin_doctor_detail_change.py [test_admin_doctor_detail_change:138] - 删除关联
2021-02-18 09:49:07,258 INFO [root] [test07_admin_doctor_detail_change.py [test_admin_doctor_detail_change:140] - 删除创建的数据
2021-02-18 09:49:08,260 INFO [root] [base.py [base_find_element:21] - 正在查找元素：('xpath', '//div[text()="医生"]')
2021-02-18 09:49:08,328 INFO [root] [base.py [base_click:37] - 正在对：('xpath', '//div[text()="医生"]')元素执行点击操作！
2021-02-18 09:49:10,337 INFO [root] [base.py [base_find_element:21] - 正在查找元素：('xpath', '//div[contains(text(),"创建医生")]')
2021-02-18 09:49:10,387 INFO [root] [base.py [base_click:37] - 正在对：('xpath', '//div[contains(text(),"创建医生")]')元素执行点击操作！
2021-02-18 09:49:10,387 INFO [root] [base.py [base_find_element:21] - 正在查找元素：('xpath', '//input[@placeholder="输入医生姓名"]')
2021-02-18 09:49:10,399 INFO [root] [base.py [base_input:44] - 正在对：('xpath', '//input[@placeholder="输入医生姓名"]')元素执行清空操作！
2021-02-18 09:49:10,423 INFO [root] [base.py [base_input:47] - 正在对：('xpath', '//input[@placeholder="输入医生姓名"]')元素执行输入：详情002
2021-02-18 09:49:10,465 INFO [root] [base.py [base_find_element:21] - 正在查找元素：('xpath', '//input[@placeholder="输入医生身份证号"]')
2021-02-18 09:49:10,476 INFO [root] [base.py [base_input:44] - 正在对：('xpath', '//input[@placeholder="输入医生身份证号"]')元素执行清空操作！
2021-02-18 09:49:10,503 INFO [root] [base.py [base_input:47] - 正在对：('xpath', '//input[@placeholder="输入医生身份证号"]')元素执行输入：110101194011300451
2021-02-18 09:49:10,586 INFO [root] [base.py [base_find_element:21] - 正在查找元素：('xpath', '//button[@class="admincreate-button Universal"]')
2021-02-18 09:49:10,625 INFO [root] [base.py [base_click:37] - 正在对：('xpath', '//button[@class="admincreate-button Universal"]')元素执行点击操作！
2021-02-18 09:49:12,908 INFO [root] [test07_admin_doctor_detail_change.py [test_admin_doctor_detail_change:85] - 账号激活，身份证号为：110101194011300451
2021-02-18 09:49:14,911 INFO [root] [base.py [base_find_element:21] - 正在查找元素：('xpath', '((//tr[@class="el-table__row"])[1]/td)[5]/div/img')
2021-02-18 09:49:14,963 INFO [root] [base.py [base_click:37] - 正在对：('xpath', '((//tr[@class="el-table__row"])[1]/td)[5]/div/img')元素执行点击操作！
2021-02-18 09:49:15,965 INFO [root] [base.py [base_find_element:21] - 正在查找元素：('xpath', '(//p[@class="name-right"])[1]/button')
2021-02-18 09:49:16,007 INFO [root] [base.py [base_click:37] - 正在对：('xpath', '(//p[@class="name-right"])[1]/button')元素执行点击操作！
2021-02-18 09:49:17,009 INFO [root] [base.py [base_find_element:21] - 正在查找元素：('xpath', '//input[@placeholder="输入姓名"]')
2021-02-18 09:49:17,021 INFO [root] [base.py [base_send_input:55] - 正在对：('xpath', '//input[@placeholder="输入姓名"]')元素执行清空操作！
2021-02-18 09:49:17,082 INFO [root] [base.py [base_send_input:60] - 正在对：('xpath', '//input[@placeholder="输入姓名"]')元素执行输入：详情已激活002
2021-02-18 09:49:18,105 INFO [root] [base.py [base_find_element:21] - 正在查找元素：('xpath', '(//button[@class="mainbutton"])[1]')
2021-02-18 09:49:18,141 INFO [root] [base.py [base_click:37] - 正在对：('xpath', '(//button[@class="mainbutton"])[1]')元素执行点击操作！
2021-02-18 09:49:19,144 INFO [root] [base.py [base_find_element:21] - 正在查找元素：('xpath', '(//p[@class="name-right"])[1]')
2021-02-18 09:49:19,170 INFO [root] [base.py [base_get_text:66] - 正在对：('xpath', '(//p[@class="name-right"])[1]')元素获取文本操作！获取的文本值：详情已激活002 修改
2021-02-18 09:49:19,171 INFO [root] [page_admin_doctor_detail.py [page_admin_doctor_detail_get_name:18] - 获取的医生姓名为：详情已激活002
2021-02-18 09:49:20,173 INFO [root] [base.py [base_find_element:21] - 正在查找元素：('xpath', '(//p[@class="name-right"])[4]/button')
2021-02-18 09:49:20,211 INFO [root] [base.py [base_click:37] - 正在对：('xpath', '(//p[@class="name-right"])[4]/button')元素执行点击操作！
2021-02-18 09:49:21,212 INFO [root] [base.py [base_find_element:21] - 正在查找元素：('xpath', '//input[@placeholder="输入手机号"]')
2021-02-18 09:49:21,226 INFO [root] [base.py [base_input:44] - 正在对：('xpath', '//input[@placeholder="输入手机号"]')元素执行清空操作！
2021-02-18 09:49:21,252 INFO [root] [base.py [base_input:47] - 正在对：('xpath', '//input[@placeholder="输入手机号"]')元素执行输入：15901242713
2021-02-18 09:49:22,291 INFO [root] [base.py [base_find_element:21] - 正在查找元素：('xpath', '(//div[@class="bottom-center"])[2]/button')
2021-02-18 09:49:22,331 INFO [root] [base.py [base_click:37] - 正在对：('xpath', '(//div[@class="bottom-center"])[2]/button')元素执行点击操作！
2021-02-18 09:49:23,333 INFO [root] [base.py [base_find_element:21] - 正在查找元素：('xpath', '(//div[@class="bottom-center"])[2]/preceding-sibling::p')
2021-02-18 09:49:23,364 INFO [root] [base.py [base_get_text:66] - 正在对：('xpath', '(//div[@class="bottom-center"])[2]/preceding-sibling::p')元素获取文本操作！获取的文本值：手机号已经存在
2021-02-18 09:49:23,365 INFO [root] [base.py [base_find_element:21] - 正在查找元素：('xpath', '(//img)[3]')
2021-02-18 09:49:23,406 INFO [root] [base.py [base_click:37] - 正在对：('xpath', '(//img)[3]')元素执行点击操作！
2021-02-18 09:49:24,407 INFO [root] [base.py [base_find_element:21] - 正在查找元素：('xpath', '(//p[@class="name-right"])[7]/button')
2021-02-18 09:49:24,446 INFO [root] [base.py [base_click:37] - 正在对：('xpath', '(//p[@class="name-right"])[7]/button')元素执行点击操作！
2021-02-18 09:49:25,448 INFO [root] [base.py [base_find_element:21] - 正在查找元素：('xpath', '//textarea')
2021-02-18 09:49:25,461 INFO [root] [base.py [base_send_input:55] - 正在对：('xpath', '//textarea')元素执行清空操作！
2021-02-18 09:49:25,523 INFO [root] [base.py [base_send_input:60] - 正在对：('xpath', '//textarea')元素执行输入：修改备注002
2021-02-18 09:49:26,543 INFO [root] [base.py [base_find_element:21] - 正在查找元素：('xpath', '(//div[@class="bottom-center"])[3]/button')
2021-02-18 09:49:26,583 INFO [root] [base.py [base_click:37] - 正在对：('xpath', '(//div[@class="bottom-center"])[3]/button')元素执行点击操作！
2021-02-18 09:49:27,585 INFO [root] [base.py [base_find_element:21] - 正在查找元素：('xpath', '(//p[@class="name-right"])[7]/span')
2021-02-18 09:49:27,611 INFO [root] [base.py [base_get_text:66] - 正在对：('xpath', '(//p[@class="name-right"])[7]/span')元素获取文本操作！获取的文本值：修改备注002
2021-02-18 09:49:29,907 INFO [root] [test07_admin_doctor_detail_change.py [test_admin_doctor_detail_change:138] - 删除关联
2021-02-18 09:49:31,647 INFO [root] [test07_admin_doctor_detail_change.py [test_admin_doctor_detail_change:140] - 删除创建的数据
2021-02-18 09:49:32,649 INFO [root] [base.py [base_find_element:21] - 正在查找元素：('xpath', '//div[text()="医生"]')
2021-02-18 09:49:32,725 INFO [root] [base.py [base_click:37] - 正在对：('xpath', '//div[text()="医生"]')元素执行点击操作！
2021-02-18 09:49:50,646 INFO [root] [base.py [__init__:17] - 正在获取driver：<selenium.webdriver.remote.webdriver.WebDriver (session="8d26009a4af66cbd64891e9430f1738c")>
2021-02-18 09:49:50,646 INFO [root] [base.py [base_find_element:21] - 正在查找元素：('xpath', '//input')
2021-02-18 09:49:50,659 INFO [root] [base.py [base_input:44] - 正在对：('xpath', '//input')元素执行清空操作！
2021-02-18 09:49:50,686 INFO [root] [base.py [base_input:47] - 正在对：('xpath', '//input')元素执行输入：111111Aa
2021-02-18 09:49:50,727 INFO [root] [base.py [base_find_element:21] - 正在查找元素：('xpath', '//button')
2021-02-18 09:49:50,768 INFO [root] [base.py [base_click:37] - 正在对：('xpath', '//button')元素执行点击操作！
2021-02-18 09:49:50,768 INFO [root] [base.py [__init__:17] - 正在获取driver：<selenium.webdriver.remote.webdriver.WebDriver (session="8d26009a4af66cbd64891e9430f1738c")>
2021-02-18 09:49:50,768 INFO [root] [base.py [__init__:17] - 正在获取driver：<selenium.webdriver.remote.webdriver.WebDriver (session="8d26009a4af66cbd64891e9430f1738c")>
2021-02-18 09:49:50,768 INFO [root] [base.py [__init__:17] - 正在获取driver：<selenium.webdriver.remote.webdriver.WebDriver (session="8d26009a4af66cbd64891e9430f1738c")>
2021-02-18 09:49:50,769 INFO [root] [base.py [base_find_element:21] - 正在查找元素：('xpath', '//div[contains(text(),"创建医生")]')
2021-02-18 09:49:52,286 INFO [root] [base.py [base_click:37] - 正在对：('xpath', '//div[contains(text(),"创建医生")]')元素执行点击操作！
2021-02-18 09:49:52,286 INFO [root] [base.py [base_find_element:21] - 正在查找元素：('xpath', '//input[@placeholder="输入医生姓名"]')
2021-02-18 09:49:52,299 INFO [root] [base.py [base_input:44] - 正在对：('xpath', '//input[@placeholder="输入医生姓名"]')元素执行清空操作！
2021-02-18 09:49:52,324 INFO [root] [base.py [base_input:47] - 正在对：('xpath', '//input[@placeholder="输入医生姓名"]')元素执行输入：详情冻结001
2021-02-18 09:49:52,381 INFO [root] [base.py [base_find_element:21] - 正在查找元素：('xpath', '//input[@placeholder="输入医生身份证号"]')
2021-02-18 09:49:52,394 INFO [root] [base.py [base_input:44] - 正在对：('xpath', '//input[@placeholder="输入医生身份证号"]')元素执行清空操作！
2021-02-18 09:49:52,417 INFO [root] [base.py [base_input:47] - 正在对：('xpath', '//input[@placeholder="输入医生身份证号"]')元素执行输入：110101194011300873
2021-02-18 09:49:52,511 INFO [root] [base.py [base_find_element:21] - 正在查找元素：('xpath', '//button[@class="admincreate-button Universal"]')
2021-02-18 09:49:52,552 INFO [root] [base.py [base_click:37] - 正在对：('xpath', '//button[@class="admincreate-button Universal"]')元素执行点击操作！
2021-02-18 09:49:54,670 INFO [root] [test08_admin_doctor_detail_frozen.py [test_admin_doctor_detail_frozen:75] - 账号激活，身份证号为：110101194011300873
2021-02-18 09:49:56,672 INFO [root] [base.py [base_find_element:21] - 正在查找元素：('xpath', '((//tr[@class="el-table__row"])[1]/td)[5]/div/img')
2021-02-18 09:49:56,740 INFO [root] [base.py [base_click:37] - 正在对：('xpath', '((//tr[@class="el-table__row"])[1]/td)[5]/div/img')元素执行点击操作！
2021-02-18 09:49:57,742 INFO [root] [base.py [base_find_element:21] - 正在查找元素：('xpath', '//button[contains(text(),"冻结医生")]')
2021-02-18 09:49:57,769 INFO [root] [base.py [base_get_text:66] - 正在对：('xpath', '//button[contains(text(),"冻结医生")]')元素获取文本操作！获取的文本值：冻结医生
2021-02-18 09:49:57,770 INFO [root] [base.py [base_find_element:21] - 正在查找元素：('xpath', '//button[contains(text(),"冻结医生")]')
2021-02-18 09:49:57,821 INFO [root] [base.py [base_click:37] - 正在对：('xpath', '//button[contains(text(),"冻结医生")]')元素执行点击操作！
2021-02-18 09:49:58,823 INFO [root] [base.py [base_find_element:21] - 正在查找元素：('xpath', '(//button[contains(text(),"冻结")])[3]')
2021-02-18 09:49:58,861 INFO [root] [base.py [base_click:37] - 正在对：('xpath', '(//button[contains(text(),"冻结")])[3]')元素执行点击操作！
2021-02-18 09:50:00,864 INFO [root] [base.py [base_find_element:21] - 正在查找元素：('xpath', '(//h6/following-sibling::span)[2]')
2021-02-18 09:50:00,889 INFO [root] [base.py [base_get_text:66] - 正在对：('xpath', '(//h6/following-sibling::span)[2]')元素获取文本操作！获取的文本值：（账号冻结中）
2021-02-18 09:50:00,889 INFO [root] [base.py [base_find_element:21] - 正在查找元素：('xpath', '//button[contains(text(),"解除冻结")]')
2021-02-18 09:50:00,926 INFO [root] [base.py [base_click:37] - 正在对：('xpath', '//button[contains(text(),"解除冻结")]')元素执行点击操作！
2021-02-18 09:50:01,928 INFO [root] [base.py [base_find_element:21] - 正在查找元素：('xpath', '//button[contains(text(),"解冻")]')
2021-02-18 09:50:01,968 INFO [root] [base.py [base_click:37] - 正在对：('xpath', '//button[contains(text(),"解冻")]')元素执行点击操作！
2021-02-18 09:50:02,970 INFO [root] [base.py [base_find_element:21] - 正在查找元素：('xpath', '//button[contains(text(),"冻结医生")]')
2021-02-18 09:50:02,990 INFO [root] [base.py [base_get_text:66] - 正在对：('xpath', '//button[contains(text(),"冻结医生")]')元素获取文本操作！获取的文本值：冻结医生
2021-02-18 09:50:04,178 INFO [root] [test08_admin_doctor_detail_frozen.py [test_admin_doctor_detail_frozen:111] - 删除关联
2021-02-18 09:50:05,239 INFO [root] [test08_admin_doctor_detail_frozen.py [test_admin_doctor_detail_frozen:113] - 删除创建的数据
2021-02-18 09:50:22,517 INFO [root] [base.py [__init__:17] - 正在获取driver：<selenium.webdriver.remote.webdriver.WebDriver (session="692759c05ffa070c48b2823bd5c42ec6")>
2021-02-18 09:50:22,517 INFO [root] [base.py [base_find_element:21] - 正在查找元素：('xpath', '//input')
2021-02-18 09:50:22,529 INFO [root] [base.py [base_input:44] - 正在对：('xpath', '//input')元素执行清空操作！
2021-02-18 09:50:22,554 INFO [root] [base.py [base_input:47] - 正在对：('xpath', '//input')元素执行输入：111111Aa
2021-02-18 09:50:22,604 INFO [root] [base.py [base_find_element:21] - 正在查找元素：('xpath', '//button')
2021-02-18 09:50:22,648 INFO [root] [base.py [base_click:37] - 正在对：('xpath', '//button')元素执行点击操作！
2021-02-18 09:50:22,648 INFO [root] [base.py [__init__:17] - 正在获取driver：<selenium.webdriver.remote.webdriver.WebDriver (session="692759c05ffa070c48b2823bd5c42ec6")>
2021-02-18 09:50:22,648 INFO [root] [base.py [base_find_element:21] - 正在查找元素：('xpath', '//div[text()="账户"]')
2021-02-18 09:50:24,084 INFO [root] [base.py [base_click:37] - 正在对：('xpath', '//div[text()="账户"]')元素执行点击操作！
2021-02-18 09:50:24,084 INFO [root] [base.py [__init__:17] - 正在获取driver：<selenium.webdriver.remote.webdriver.WebDriver (session="692759c05ffa070c48b2823bd5c42ec6")>
2021-02-18 09:50:25,088 INFO [root] [base.py [base_find_element:21] - 正在查找元素：('xpath', '(//p[@class="name-right"])[3]')
2021-02-18 09:50:25,117 INFO [root] [base.py [base_get_text:66] - 正在对：('xpath', '(//p[@class="name-right"])[3]')元素获取文本操作！获取的文本值：18538192813@163.com 修改
2021-02-18 09:50:25,117 INFO [root] [base.py [base_find_element:21] - 正在查找元素：('xpath', '(//p[@class="name-right"])[3]/button')
2021-02-18 09:50:25,165 INFO [root] [base.py [base_click:37] - 正在对：('xpath', '(//p[@class="name-right"])[3]/button')元素执行点击操作！
2021-02-18 09:50:26,166 INFO [root] [base.py [base_find_element:21] - 正在查找元素：('xpath', '//button[contains(text(),"获取邮箱验证码")]')
2021-02-18 09:50:26,209 INFO [root] [base.py [base_click:37] - 正在对：('xpath', '//button[contains(text(),"获取邮箱验证码")]')元素执行点击操作！
2021-02-18 09:50:31,215 INFO [root] [base.py [base_find_element:21] - 正在查找元素：('xpath', '(//div[@class="split-input-container"]/input)[1]')
2021-02-18 09:50:31,228 INFO [root] [base.py [base_input:44] - 正在对：('xpath', '(//div[@class="split-input-container"]/input)[1]')元素执行清空操作！
2021-02-18 09:50:31,252 INFO [root] [base.py [base_input:47] - 正在对：('xpath', '(//div[@class="split-input-container"]/input)[1]')元素执行输入：1
2021-02-18 09:50:31,775 INFO [root] [base.py [base_find_element:21] - 正在查找元素：('xpath', '(//div[@class="split-input-container"]/input)[2]')
2021-02-18 09:50:31,787 INFO [root] [base.py [base_input:44] - 正在对：('xpath', '(//div[@class="split-input-container"]/input)[2]')元素执行清空操作！
2021-02-18 09:50:31,814 INFO [root] [base.py [base_input:47] - 正在对：('xpath', '(//div[@class="split-input-container"]/input)[2]')元素执行输入：2
2021-02-18 09:50:32,333 INFO [root] [base.py [base_find_element:21] - 正在查找元素：('xpath', '(//div[@class="split-input-container"]/input)[3]')
2021-02-18 09:50:32,351 INFO [root] [base.py [base_input:44] - 正在对：('xpath', '(//div[@class="split-input-container"]/input)[3]')元素执行清空操作！
2021-02-18 09:50:32,377 INFO [root] [base.py [base_input:47] - 正在对：('xpath', '(//div[@class="split-input-container"]/input)[3]')元素执行输入：4
2021-02-18 09:50:32,898 INFO [root] [base.py [base_find_element:21] - 正在查找元素：('xpath', '(//div[@class="split-input-container"]/input)[4]')
2021-02-18 09:50:32,910 INFO [root] [base.py [base_input:44] - 正在对：('xpath', '(//div[@class="split-input-container"]/input)[4]')元素执行清空操作！
2021-02-18 09:50:32,933 INFO [root] [base.py [base_input:47] - 正在对：('xpath', '(//div[@class="split-input-container"]/input)[4]')元素执行输入：4
2021-02-18 09:50:34,952 INFO [root] [base.py [base_find_element:21] - 正在查找元素：('xpath', '//div[@class="split-input-error"]')
2021-02-18 09:50:34,975 INFO [root] [base.py [base_get_text:66] - 正在对：('xpath', '//div[@class="split-input-error"]')元素获取文本操作！获取的文本值：验证码错误，请重新输入
2021-02-18 09:50:34,975 INFO [root] [base.py [base_find_element:21] - 正在查找元素：('xpath', '(//img)[1]')
2021-02-18 09:50:35,030 INFO [root] [base.py [base_click:37] - 正在对：('xpath', '(//img)[1]')元素执行点击操作！
2021-02-18 09:50:36,468 INFO [root] [redis_clear.py [redis_clear:21] - 邮箱：18538192813@163.com，清除redis：1
2021-02-18 09:50:36,907 INFO [root] [redis_clear.py [redis_clear:21] - 邮箱：，清除redis：0
2021-02-18 09:51:37,937 INFO [root] [base.py [base_find_element:21] - 正在查找元素：('xpath', '(//p[@class="name-right"])[3]')
2021-02-18 09:51:37,957 INFO [root] [base.py [base_get_text:66] - 正在对：('xpath', '(//p[@class="name-right"])[3]')元素获取文本操作！获取的文本值：18538192813@163.com 修改
2021-02-18 09:51:37,957 INFO [root] [base.py [base_find_element:21] - 正在查找元素：('xpath', '(//p[@class="name-right"])[3]/button')
2021-02-18 09:51:37,986 INFO [root] [base.py [base_click:37] - 正在对：('xpath', '(//p[@class="name-right"])[3]/button')元素执行点击操作！
2021-02-18 09:51:38,987 INFO [root] [base.py [base_find_element:21] - 正在查找元素：('xpath', '//button[contains(text(),"获取邮箱验证码")]')
2021-02-18 09:51:39,023 INFO [root] [base.py [base_click:37] - 正在对：('xpath', '//button[contains(text(),"获取邮箱验证码")]')元素执行点击操作！
2021-02-18 09:52:44,071 INFO [root] [base.py [base_find_element:21] - 正在查找元素：('xpath', '(//div[@class="split-input-container"]/input)[1]')
2021-02-18 09:52:44,083 INFO [root] [base.py [base_input:44] - 正在对：('xpath', '(//div[@class="split-input-container"]/input)[1]')元素执行清空操作！
2021-02-18 09:52:44,108 INFO [root] [base.py [base_input:47] - 正在对：('xpath', '(//div[@class="split-input-container"]/input)[1]')元素执行输入：1
2021-02-18 09:52:44,636 INFO [root] [base.py [base_find_element:21] - 正在查找元素：('xpath', '(//div[@class="split-input-container"]/input)[2]')
2021-02-18 09:52:44,645 INFO [root] [base.py [base_input:44] - 正在对：('xpath', '(//div[@class="split-input-container"]/input)[2]')元素执行清空操作！
2021-02-18 09:52:44,671 INFO [root] [base.py [base_input:47] - 正在对：('xpath', '(//div[@class="split-input-container"]/input)[2]')元素执行输入：2
2021-02-18 09:52:45,189 INFO [root] [base.py [base_find_element:21] - 正在查找元素：('xpath', '(//div[@class="split-input-container"]/input)[3]')
2021-02-18 09:52:45,200 INFO [root] [base.py [base_input:44] - 正在对：('xpath', '(//div[@class="split-input-container"]/input)[3]')元素执行清空操作！
2021-02-18 09:52:45,223 INFO [root] [base.py [base_input:47] - 正在对：('xpath', '(//div[@class="split-input-container"]/input)[3]')元素执行输入：3
2021-02-18 09:52:45,742 INFO [root] [base.py [base_find_element:21] - 正在查找元素：('xpath', '(//div[@class="split-input-container"]/input)[4]')
2021-02-18 09:52:45,752 INFO [root] [base.py [base_input:44] - 正在对：('xpath', '(//div[@class="split-input-container"]/input)[4]')元素执行清空操作！
2021-02-18 09:52:45,777 INFO [root] [base.py [base_input:47] - 正在对：('xpath', '(//div[@class="split-input-container"]/input)[4]')元素执行输入：4
2021-02-18 09:52:47,797 INFO [root] [base.py [base_find_element:21] - 正在查找元素：('xpath', '//div[@class="split-input-error"]')
2021-02-18 09:52:47,817 INFO [root] [base.py [base_get_text:66] - 正在对：('xpath', '//div[@class="split-input-error"]')元素获取文本操作！获取的文本值：邮件验证码过期!
2021-02-18 09:52:47,818 INFO [root] [base.py [base_find_element:21] - 正在查找元素：('xpath', '(//img)[1]')
2021-02-18 09:52:47,851 INFO [root] [base.py [base_click:37] - 正在对：('xpath', '(//img)[1]')元素执行点击操作！
2021-02-18 09:52:48,864 INFO [root] [redis_clear.py [redis_clear:21] - 邮箱：18538192813@163.com，清除redis：1
2021-02-18 09:52:48,877 INFO [root] [redis_clear.py [redis_clear:21] - 邮箱：，清除redis：0
2021-02-18 09:52:49,884 INFO [root] [base.py [base_find_element:21] - 正在查找元素：('xpath', '(//p[@class="name-right"])[3]')
2021-02-18 09:52:49,902 INFO [root] [base.py [base_get_text:66] - 正在对：('xpath', '(//p[@class="name-right"])[3]')元素获取文本操作！获取的文本值：18538192813@163.com 修改
2021-02-18 09:52:49,902 INFO [root] [base.py [base_find_element:21] - 正在查找元素：('xpath', '(//p[@class="name-right"])[3]/button')
2021-02-18 09:52:49,929 INFO [root] [base.py [base_click:37] - 正在对：('xpath', '(//p[@class="name-right"])[3]/button')元素执行点击操作！
2021-02-18 09:52:50,931 INFO [root] [base.py [base_find_element:21] - 正在查找元素：('xpath', '//button[contains(text(),"获取邮箱验证码")]')
2021-02-18 09:52:50,967 INFO [root] [base.py [base_click:37] - 正在对：('xpath', '//button[contains(text(),"获取邮箱验证码")]')元素执行点击操作！
2021-02-18 09:52:55,972 INFO [root] [base.py [base_find_element:21] - 正在查找元素：('xpath', '(//div[@class="split-input-container"]/input)[1]')
2021-02-18 09:52:55,983 INFO [root] [base.py [base_input:44] - 正在对：('xpath', '(//div[@class="split-input-container"]/input)[1]')元素执行清空操作！
2021-02-18 09:52:56,006 INFO [root] [base.py [base_input:47] - 正在对：('xpath', '(//div[@class="split-input-container"]/input)[1]')元素执行输入：1
2021-02-18 09:52:56,524 INFO [root] [base.py [base_find_element:21] - 正在查找元素：('xpath', '(//div[@class="split-input-container"]/input)[2]')
2021-02-18 09:52:56,548 INFO [root] [base.py [base_input:44] - 正在对：('xpath', '(//div[@class="split-input-container"]/input)[2]')元素执行清空操作！
2021-02-18 09:52:56,582 INFO [root] [base.py [base_input:47] - 正在对：('xpath', '(//div[@class="split-input-container"]/input)[2]')元素执行输入：2
2021-02-18 09:52:57,101 INFO [root] [base.py [base_find_element:21] - 正在查找元素：('xpath', '(//div[@class="split-input-container"]/input)[3]')
2021-02-18 09:52:57,110 INFO [root] [base.py [base_input:44] - 正在对：('xpath', '(//div[@class="split-input-container"]/input)[3]')元素执行清空操作！
2021-02-18 09:52:57,134 INFO [root] [base.py [base_input:47] - 正在对：('xpath', '(//div[@class="split-input-container"]/input)[3]')元素执行输入：3
2021-02-18 09:52:57,651 INFO [root] [base.py [base_find_element:21] - 正在查找元素：('xpath', '(//div[@class="split-input-container"]/input)[4]')
2021-02-18 09:52:57,660 INFO [root] [base.py [base_input:44] - 正在对：('xpath', '(//div[@class="split-input-container"]/input)[4]')元素执行清空操作！
2021-02-18 09:52:57,685 INFO [root] [base.py [base_input:47] - 正在对：('xpath', '(//div[@class="split-input-container"]/input)[4]')元素执行输入：4
2021-02-18 09:52:59,705 INFO [root] [base.py [base_find_element:21] - 正在查找元素：('xpath', '//input[@placeholder="请输入新邮箱"]')
2021-02-18 09:52:59,717 INFO [root] [base.py [base_send_input:55] - 正在对：('xpath', '//input[@placeholder="请输入新邮箱"]')元素执行清空操作！
2021-02-18 09:52:59,774 INFO [root] [base.py [base_send_input:60] - 正在对：('xpath', '//input[@placeholder="请输入新邮箱"]')元素执行输入：zuoyajun@66nao
2021-02-18 09:53:00,809 INFO [root] [base.py [base_find_element:21] - 正在查找元素：('xpath', '//button[contains(text(),"获取邮箱验证码")]')
2021-02-18 09:53:00,850 INFO [root] [base.py [base_click:37] - 正在对：('xpath', '//button[contains(text(),"获取邮箱验证码")]')元素执行点击操作！
2021-02-18 09:53:08,858 INFO [root] [base.py [base_find_element:21] - 正在查找元素：('xpath', '//div[@class="split-input-error"]')
2021-02-18 09:53:08,889 INFO [root] [base.py [base_get_text:66] - 正在对：('xpath', '//div[@class="split-input-error"]')元素获取文本操作！获取的文本值：找不到邮箱或访问被拒绝!
2021-02-18 09:53:08,889 INFO [root] [base.py [base_find_element:21] - 正在查找元素：('xpath', '(//img)[1]')
2021-02-18 09:53:08,947 INFO [root] [base.py [base_click:37] - 正在对：('xpath', '(//img)[1]')元素执行点击操作！
2021-02-18 09:53:10,176 INFO [root] [redis_clear.py [redis_clear:21] - 邮箱：18538192813@163.com，清除redis：1
2021-02-18 09:53:10,419 INFO [root] [redis_clear.py [redis_clear:21] - 邮箱：zuoyajun@66nao，清除redis：0
2021-02-18 09:54:11,477 INFO [root] [base.py [base_find_element:21] - 正在查找元素：('xpath', '(//p[@class="name-right"])[3]')
2021-02-18 09:54:11,503 INFO [root] [base.py [base_get_text:66] - 正在对：('xpath', '(//p[@class="name-right"])[3]')元素获取文本操作！获取的文本值：18538192813@163.com 修改
2021-02-18 09:54:11,503 INFO [root] [base.py [base_find_element:21] - 正在查找元素：('xpath', '(//p[@class="name-right"])[3]/button')
2021-02-18 09:54:11,543 INFO [root] [base.py [base_click:37] - 正在对：('xpath', '(//p[@class="name-right"])[3]/button')元素执行点击操作！
2021-02-18 09:54:12,545 INFO [root] [base.py [base_find_element:21] - 正在查找元素：('xpath', '//button[contains(text(),"获取邮箱验证码")]')
2021-02-18 09:54:12,585 INFO [root] [base.py [base_click:37] - 正在对：('xpath', '//button[contains(text(),"获取邮箱验证码")]')元素执行点击操作！
2021-02-18 09:54:17,591 INFO [root] [base.py [base_find_element:21] - 正在查找元素：('xpath', '(//div[@class="split-input-container"]/input)[1]')
2021-02-18 09:54:17,603 INFO [root] [base.py [base_input:44] - 正在对：('xpath', '(//div[@class="split-input-container"]/input)[1]')元素执行清空操作！
2021-02-18 09:54:17,625 INFO [root] [base.py [base_input:47] - 正在对：('xpath', '(//div[@class="split-input-container"]/input)[1]')元素执行输入：1
2021-02-18 09:54:18,149 INFO [root] [base.py [base_find_element:21] - 正在查找元素：('xpath', '(//div[@class="split-input-container"]/input)[2]')
2021-02-18 09:54:18,162 INFO [root] [base.py [base_input:44] - 正在对：('xpath', '(//div[@class="split-input-container"]/input)[2]')元素执行清空操作！
2021-02-18 09:54:18,186 INFO [root] [base.py [base_input:47] - 正在对：('xpath', '(//div[@class="split-input-container"]/input)[2]')元素执行输入：2
2021-02-18 09:54:18,703 INFO [root] [base.py [base_find_element:21] - 正在查找元素：('xpath', '(//div[@class="split-input-container"]/input)[3]')
2021-02-18 09:54:18,715 INFO [root] [base.py [base_input:44] - 正在对：('xpath', '(//div[@class="split-input-container"]/input)[3]')元素执行清空操作！
2021-02-18 09:54:18,738 INFO [root] [base.py [base_input:47] - 正在对：('xpath', '(//div[@class="split-input-container"]/input)[3]')元素执行输入：3
2021-02-18 09:54:19,261 INFO [root] [base.py [base_find_element:21] - 正在查找元素：('xpath', '(//div[@class="split-input-container"]/input)[4]')
2021-02-18 09:54:19,273 INFO [root] [base.py [base_input:44] - 正在对：('xpath', '(//div[@class="split-input-container"]/input)[4]')元素执行清空操作！
2021-02-18 09:54:19,296 INFO [root] [base.py [base_input:47] - 正在对：('xpath', '(//div[@class="split-input-container"]/input)[4]')元素执行输入：4
2021-02-18 09:54:21,317 INFO [root] [base.py [base_find_element:21] - 正在查找元素：('xpath', '//input[@placeholder="请输入新邮箱"]')
2021-02-18 09:54:21,328 INFO [root] [base.py [base_send_input:55] - 正在对：('xpath', '//input[@placeholder="请输入新邮箱"]')元素执行清空操作！
2021-02-18 09:54:21,389 INFO [root] [base.py [base_send_input:60] - 正在对：('xpath', '//input[@placeholder="请输入新邮箱"]')元素执行输入：zuoyajun@66nao.com
2021-02-18 09:54:22,421 INFO [root] [base.py [base_find_element:21] - 正在查找元素：('xpath', '//button[contains(text(),"获取邮箱验证码")]')
2021-02-18 09:54:22,455 INFO [root] [base.py [base_click:37] - 正在对：('xpath', '//button[contains(text(),"获取邮箱验证码")]')元素执行点击操作！
2021-02-18 09:54:30,464 INFO [root] [base.py [base_find_element:21] - 正在查找元素：('xpath', '(//div[@class="split-input-container"]/input)[1]')
2021-02-18 09:54:30,474 INFO [root] [base.py [base_input:44] - 正在对：('xpath', '(//div[@class="split-input-container"]/input)[1]')元素执行清空操作！
2021-02-18 09:54:30,497 INFO [root] [base.py [base_input:47] - 正在对：('xpath', '(//div[@class="split-input-container"]/input)[1]')元素执行输入：1
2021-02-18 09:54:31,016 INFO [root] [base.py [base_find_element:21] - 正在查找元素：('xpath', '(//div[@class="split-input-container"]/input)[2]')
2021-02-18 09:54:31,029 INFO [root] [base.py [base_input:44] - 正在对：('xpath', '(//div[@class="split-input-container"]/input)[2]')元素执行清空操作！
2021-02-18 09:54:31,057 INFO [root] [base.py [base_input:47] - 正在对：('xpath', '(//div[@class="split-input-container"]/input)[2]')元素执行输入：2
2021-02-18 09:54:31,581 INFO [root] [base.py [base_find_element:21] - 正在查找元素：('xpath', '(//div[@class="split-input-container"]/input)[3]')
2021-02-18 09:54:31,590 INFO [root] [base.py [base_input:44] - 正在对：('xpath', '(//div[@class="split-input-container"]/input)[3]')元素执行清空操作！
2021-02-18 09:54:31,616 INFO [root] [base.py [base_input:47] - 正在对：('xpath', '(//div[@class="split-input-container"]/input)[3]')元素执行输入：5
2021-02-18 09:54:32,135 INFO [root] [base.py [base_find_element:21] - 正在查找元素：('xpath', '(//div[@class="split-input-container"]/input)[4]')
2021-02-18 09:54:32,143 INFO [root] [base.py [base_input:44] - 正在对：('xpath', '(//div[@class="split-input-container"]/input)[4]')元素执行清空操作！
2021-02-18 09:54:32,168 INFO [root] [base.py [base_input:47] - 正在对：('xpath', '(//div[@class="split-input-container"]/input)[4]')元素执行输入：5
2021-02-18 09:54:34,189 INFO [root] [base.py [base_find_element:21] - 正在查找元素：('xpath', '//div[@class="split-input-error"]')
2021-02-18 09:54:34,213 INFO [root] [base.py [base_get_text:66] - 正在对：('xpath', '//div[@class="split-input-error"]')元素获取文本操作！获取的文本值：验证码错误，请重新输入
2021-02-18 09:54:34,213 INFO [root] [base.py [base_find_element:21] - 正在查找元素：('xpath', '(//img)[1]')
2021-02-18 09:54:34,249 INFO [root] [base.py [base_click:37] - 正在对：('xpath', '(//img)[1]')元素执行点击操作！
2021-02-18 09:54:35,266 INFO [root] [redis_clear.py [redis_clear:21] - 邮箱：18538192813@163.com，清除redis：1
2021-02-18 09:54:35,281 INFO [root] [redis_clear.py [redis_clear:21] - 邮箱：zuoyajun@66nao.com，清除redis：1
2021-02-18 09:55:36,335 INFO [root] [base.py [base_find_element:21] - 正在查找元素：('xpath', '(//p[@class="name-right"])[3]')
2021-02-18 09:55:36,354 INFO [root] [base.py [base_get_text:66] - 正在对：('xpath', '(//p[@class="name-right"])[3]')元素获取文本操作！获取的文本值：18538192813@163.com 修改
2021-02-18 09:55:36,354 INFO [root] [base.py [base_find_element:21] - 正在查找元素：('xpath', '(//p[@class="name-right"])[3]/button')
2021-02-18 09:55:36,382 INFO [root] [base.py [base_click:37] - 正在对：('xpath', '(//p[@class="name-right"])[3]/button')元素执行点击操作！
2021-02-18 09:55:37,384 INFO [root] [base.py [base_find_element:21] - 正在查找元素：('xpath', '//button[contains(text(),"获取邮箱验证码")]')
2021-02-18 09:55:37,423 INFO [root] [base.py [base_click:37] - 正在对：('xpath', '//button[contains(text(),"获取邮箱验证码")]')元素执行点击操作！
2021-02-18 09:55:42,429 INFO [root] [base.py [base_find_element:21] - 正在查找元素：('xpath', '(//div[@class="split-input-container"]/input)[1]')
2021-02-18 09:55:42,439 INFO [root] [base.py [base_input:44] - 正在对：('xpath', '(//div[@class="split-input-container"]/input)[1]')元素执行清空操作！
2021-02-18 09:55:42,463 INFO [root] [base.py [base_input:47] - 正在对：('xpath', '(//div[@class="split-input-container"]/input)[1]')元素执行输入：1
2021-02-18 09:55:42,981 INFO [root] [base.py [base_find_element:21] - 正在查找元素：('xpath', '(//div[@class="split-input-container"]/input)[2]')
2021-02-18 09:55:42,992 INFO [root] [base.py [base_input:44] - 正在对：('xpath', '(//div[@class="split-input-container"]/input)[2]')元素执行清空操作！
2021-02-18 09:55:43,014 INFO [root] [base.py [base_input:47] - 正在对：('xpath', '(//div[@class="split-input-container"]/input)[2]')元素执行输入：2
2021-02-18 09:55:43,534 INFO [root] [base.py [base_find_element:21] - 正在查找元素：('xpath', '(//div[@class="split-input-container"]/input)[3]')
2021-02-18 09:55:43,543 INFO [root] [base.py [base_input:44] - 正在对：('xpath', '(//div[@class="split-input-container"]/input)[3]')元素执行清空操作！
2021-02-18 09:55:43,568 INFO [root] [base.py [base_input:47] - 正在对：('xpath', '(//div[@class="split-input-container"]/input)[3]')元素执行输入：3
2021-02-18 09:55:44,088 INFO [root] [base.py [base_find_element:21] - 正在查找元素：('xpath', '(//div[@class="split-input-container"]/input)[4]')
2021-02-18 09:55:44,097 INFO [root] [base.py [base_input:44] - 正在对：('xpath', '(//div[@class="split-input-container"]/input)[4]')元素执行清空操作！
2021-02-18 09:55:44,123 INFO [root] [base.py [base_input:47] - 正在对：('xpath', '(//div[@class="split-input-container"]/input)[4]')元素执行输入：4
2021-02-18 09:55:46,143 INFO [root] [base.py [base_find_element:21] - 正在查找元素：('xpath', '//input[@placeholder="请输入新邮箱"]')
2021-02-18 09:55:46,156 INFO [root] [base.py [base_send_input:55] - 正在对：('xpath', '//input[@placeholder="请输入新邮箱"]')元素执行清空操作！
2021-02-18 09:55:46,218 INFO [root] [base.py [base_send_input:60] - 正在对：('xpath', '//input[@placeholder="请输入新邮箱"]')元素执行输入：zuoyajun@66nao.com
2021-02-18 09:55:47,253 INFO [root] [base.py [base_find_element:21] - 正在查找元素：('xpath', '//button[contains(text(),"获取邮箱验证码")]')
2021-02-18 09:55:47,306 INFO [root] [base.py [base_click:37] - 正在对：('xpath', '//button[contains(text(),"获取邮箱验证码")]')元素执行点击操作！
2021-02-18 09:56:55,355 INFO [root] [base.py [base_find_element:21] - 正在查找元素：('xpath', '(//div[@class="split-input-container"]/input)[1]')
2021-02-18 09:56:55,366 INFO [root] [base.py [base_input:44] - 正在对：('xpath', '(//div[@class="split-input-container"]/input)[1]')元素执行清空操作！
2021-02-18 09:56:55,393 INFO [root] [base.py [base_input:47] - 正在对：('xpath', '(//div[@class="split-input-container"]/input)[1]')元素执行输入：1
2021-02-18 09:56:55,919 INFO [root] [base.py [base_find_element:21] - 正在查找元素：('xpath', '(//div[@class="split-input-container"]/input)[2]')
2021-02-18 09:56:55,931 INFO [root] [base.py [base_input:44] - 正在对：('xpath', '(//div[@class="split-input-container"]/input)[2]')元素执行清空操作！
2021-02-18 09:56:55,954 INFO [root] [base.py [base_input:47] - 正在对：('xpath', '(//div[@class="split-input-container"]/input)[2]')元素执行输入：2
2021-02-18 09:56:56,471 INFO [root] [base.py [base_find_element:21] - 正在查找元素：('xpath', '(//div[@class="split-input-container"]/input)[3]')
2021-02-18 09:56:56,480 INFO [root] [base.py [base_input:44] - 正在对：('xpath', '(//div[@class="split-input-container"]/input)[3]')元素执行清空操作！
2021-02-18 09:56:56,503 INFO [root] [base.py [base_input:47] - 正在对：('xpath', '(//div[@class="split-input-container"]/input)[3]')元素执行输入：3
2021-02-18 09:56:57,022 INFO [root] [base.py [base_find_element:21] - 正在查找元素：('xpath', '(//div[@class="split-input-container"]/input)[4]')
2021-02-18 09:56:57,032 INFO [root] [base.py [base_input:44] - 正在对：('xpath', '(//div[@class="split-input-container"]/input)[4]')元素执行清空操作！
2021-02-18 09:56:57,055 INFO [root] [base.py [base_input:47] - 正在对：('xpath', '(//div[@class="split-input-container"]/input)[4]')元素执行输入：4
2021-02-18 09:56:59,075 INFO [root] [base.py [base_find_element:21] - 正在查找元素：('xpath', '//div[@class="split-input-error"]')
2021-02-18 09:56:59,098 INFO [root] [base.py [base_get_text:66] - 正在对：('xpath', '//div[@class="split-input-error"]')元素获取文本操作！获取的文本值：邮件验证码过期!
2021-02-18 09:56:59,098 INFO [root] [base.py [base_find_element:21] - 正在查找元素：('xpath', '(//img)[1]')
2021-02-18 09:56:59,130 INFO [root] [base.py [base_click:37] - 正在对：('xpath', '(//img)[1]')元素执行点击操作！
2021-02-18 09:57:00,141 INFO [root] [redis_clear.py [redis_clear:21] - 邮箱：18538192813@163.com，清除redis：1
2021-02-18 09:57:00,154 INFO [root] [redis_clear.py [redis_clear:21] - 邮箱：zuoyajun@66nao.com，清除redis：1
2021-02-18 09:57:01,159 INFO [root] [base.py [base_find_element:21] - 正在查找元素：('xpath', '(//p[@class="name-right"])[3]')
2021-02-18 09:57:01,184 INFO [root] [base.py [base_get_text:66] - 正在对：('xpath', '(//p[@class="name-right"])[3]')元素获取文本操作！获取的文本值：18538192813@163.com 修改
2021-02-18 09:57:01,184 INFO [root] [base.py [base_find_element:21] - 正在查找元素：('xpath', '(//p[@class="name-right"])[3]/button')
2021-02-18 09:57:01,211 INFO [root] [base.py [base_click:37] - 正在对：('xpath', '(//p[@class="name-right"])[3]/button')元素执行点击操作！
2021-02-18 09:57:02,212 INFO [root] [base.py [base_find_element:21] - 正在查找元素：('xpath', '//button[contains(text(),"获取邮箱验证码")]')
2021-02-18 09:57:02,248 INFO [root] [base.py [base_click:37] - 正在对：('xpath', '//button[contains(text(),"获取邮箱验证码")]')元素执行点击操作！
2021-02-18 09:57:07,254 INFO [root] [base.py [base_find_element:21] - 正在查找元素：('xpath', '(//div[@class="split-input-container"]/input)[1]')
2021-02-18 09:57:07,264 INFO [root] [base.py [base_input:44] - 正在对：('xpath', '(//div[@class="split-input-container"]/input)[1]')元素执行清空操作！
2021-02-18 09:57:07,288 INFO [root] [base.py [base_input:47] - 正在对：('xpath', '(//div[@class="split-input-container"]/input)[1]')元素执行输入：1
2021-02-18 09:57:07,807 INFO [root] [base.py [base_find_element:21] - 正在查找元素：('xpath', '(//div[@class="split-input-container"]/input)[2]')
2021-02-18 09:57:07,817 INFO [root] [base.py [base_input:44] - 正在对：('xpath', '(//div[@class="split-input-container"]/input)[2]')元素执行清空操作！
2021-02-18 09:57:07,841 INFO [root] [base.py [base_input:47] - 正在对：('xpath', '(//div[@class="split-input-container"]/input)[2]')元素执行输入：2
2021-02-18 09:57:08,361 INFO [root] [base.py [base_find_element:21] - 正在查找元素：('xpath', '(//div[@class="split-input-container"]/input)[3]')
2021-02-18 09:57:08,370 INFO [root] [base.py [base_input:44] - 正在对：('xpath', '(//div[@class="split-input-container"]/input)[3]')元素执行清空操作！
2021-02-18 09:57:08,392 INFO [root] [base.py [base_input:47] - 正在对：('xpath', '(//div[@class="split-input-container"]/input)[3]')元素执行输入：3
2021-02-18 09:57:08,911 INFO [root] [base.py [base_find_element:21] - 正在查找元素：('xpath', '(//div[@class="split-input-container"]/input)[4]')
2021-02-18 09:57:08,920 INFO [root] [base.py [base_input:44] - 正在对：('xpath', '(//div[@class="split-input-container"]/input)[4]')元素执行清空操作！
2021-02-18 09:57:08,948 INFO [root] [base.py [base_input:47] - 正在对：('xpath', '(//div[@class="split-input-container"]/input)[4]')元素执行输入：4
2021-02-18 09:57:10,970 INFO [root] [base.py [base_find_element:21] - 正在查找元素：('xpath', '//input[@placeholder="请输入新邮箱"]')
2021-02-18 09:57:10,980 INFO [root] [base.py [base_send_input:55] - 正在对：('xpath', '//input[@placeholder="请输入新邮箱"]')元素执行清空操作！
2021-02-18 09:57:11,043 INFO [root] [base.py [base_send_input:60] - 正在对：('xpath', '//input[@placeholder="请输入新邮箱"]')元素执行输入：zuoyajun@66nao.com
2021-02-18 09:57:12,070 INFO [root] [base.py [base_find_element:21] - 正在查找元素：('xpath', '//button[contains(text(),"获取邮箱验证码")]')
2021-02-18 09:57:12,125 INFO [root] [base.py [base_click:37] - 正在对：('xpath', '//button[contains(text(),"获取邮箱验证码")]')元素执行点击操作！
2021-02-18 09:57:20,129 INFO [root] [base.py [base_find_element:21] - 正在查找元素：('xpath', '(//div[@class="split-input-container"]/input)[1]')
2021-02-18 09:57:20,141 INFO [root] [base.py [base_input:44] - 正在对：('xpath', '(//div[@class="split-input-container"]/input)[1]')元素执行清空操作！
2021-02-18 09:57:20,163 INFO [root] [base.py [base_input:47] - 正在对：('xpath', '(//div[@class="split-input-container"]/input)[1]')元素执行输入：1
2021-02-18 09:57:20,682 INFO [root] [base.py [base_find_element:21] - 正在查找元素：('xpath', '(//div[@class="split-input-container"]/input)[2]')
2021-02-18 09:57:20,694 INFO [root] [base.py [base_input:44] - 正在对：('xpath', '(//div[@class="split-input-container"]/input)[2]')元素执行清空操作！
2021-02-18 09:57:20,719 INFO [root] [base.py [base_input:47] - 正在对：('xpath', '(//div[@class="split-input-container"]/input)[2]')元素执行输入：2
2021-02-18 09:57:21,239 INFO [root] [base.py [base_find_element:21] - 正在查找元素：('xpath', '(//div[@class="split-input-container"]/input)[3]')
2021-02-18 09:57:21,251 INFO [root] [base.py [base_input:44] - 正在对：('xpath', '(//div[@class="split-input-container"]/input)[3]')元素执行清空操作！
2021-02-18 09:57:21,275 INFO [root] [base.py [base_input:47] - 正在对：('xpath', '(//div[@class="split-input-container"]/input)[3]')元素执行输入：3
2021-02-18 09:57:21,795 INFO [root] [base.py [base_find_element:21] - 正在查找元素：('xpath', '(//div[@class="split-input-container"]/input)[4]')
2021-02-18 09:57:21,806 INFO [root] [base.py [base_input:44] - 正在对：('xpath', '(//div[@class="split-input-container"]/input)[4]')元素执行清空操作！
2021-02-18 09:57:21,829 INFO [root] [base.py [base_input:47] - 正在对：('xpath', '(//div[@class="split-input-container"]/input)[4]')元素执行输入：4
2021-02-18 09:57:23,856 INFO [root] [base.py [base_find_element:21] - 正在查找元素：('xpath', '(//p[@class="name-right"])[3]')
2021-02-18 09:57:23,879 INFO [root] [base.py [base_get_text:66] - 正在对：('xpath', '(//p[@class="name-right"])[3]')元素获取文本操作！获取的文本值：zuoyajun@66nao.com 修改
2021-02-18 09:57:23,930 INFO [root] [redis_clear.py [redis_clear:21] - 邮箱：18538192813@163.com，清除redis：1
2021-02-18 09:57:23,941 INFO [root] [redis_clear.py [redis_clear:21] - 邮箱：zuoyajun@66nao.com，清除redis：1
2021-02-18 09:58:28,343 INFO [root] [base.py [__init__:17] - 正在获取driver：<selenium.webdriver.remote.webdriver.WebDriver (session="e54476f759800df19643c43fd4c4fa7c")>
2021-02-18 09:58:28,343 INFO [root] [base.py [base_find_element:21] - 正在查找元素：('xpath', '//input')
2021-02-18 09:58:28,357 INFO [root] [base.py [base_input:44] - 正在对：('xpath', '//input')元素执行清空操作！
2021-02-18 09:58:28,387 INFO [root] [base.py [base_input:47] - 正在对：('xpath', '//input')元素执行输入：111111Aa
2021-02-18 09:58:28,432 INFO [root] [base.py [base_find_element:21] - 正在查找元素：('xpath', '//button')
2021-02-18 09:58:29,130 INFO [root] [base.py [base_click:37] - 正在对：('xpath', '//button')元素执行点击操作！
2021-02-18 09:58:29,130 INFO [root] [base.py [__init__:17] - 正在获取driver：<selenium.webdriver.remote.webdriver.WebDriver (session="e54476f759800df19643c43fd4c4fa7c")>
2021-02-18 09:58:29,130 INFO [root] [base.py [base_find_element:21] - 正在查找元素：('xpath', '//div[text()="账户"]')
2021-02-18 09:58:30,240 INFO [root] [base.py [base_click:37] - 正在对：('xpath', '//div[text()="账户"]')元素执行点击操作！
2021-02-18 09:58:30,242 INFO [root] [base.py [__init__:17] - 正在获取driver：<selenium.webdriver.remote.webdriver.WebDriver (session="e54476f759800df19643c43fd4c4fa7c")>
2021-02-18 09:58:30,242 INFO [root] [base.py [__init__:17] - 正在获取driver：<selenium.webdriver.remote.webdriver.WebDriver (session="e54476f759800df19643c43fd4c4fa7c")>
2021-02-18 09:58:30,242 INFO [root] [base.py [__init__:17] - 正在获取driver：<selenium.webdriver.remote.webdriver.WebDriver (session="e54476f759800df19643c43fd4c4fa7c")>
2021-02-18 09:58:30,242 INFO [root] [base.py [__init__:17] - 正在获取driver：<selenium.webdriver.remote.webdriver.WebDriver (session="e54476f759800df19643c43fd4c4fa7c")>
2021-02-18 09:58:30,243 INFO [root] [base.py [base_find_element:21] - 正在查找元素：('xpath', '(//p[@class="name-right"])[3]')
2021-02-18 09:58:30,268 INFO [root] [base.py [base_get_text:66] - 正在对：('xpath', '(//p[@class="name-right"])[3]')元素获取文本操作！获取的文本值：修改
2021-02-18 09:58:31,269 INFO [root] [base.py [base_find_element:21] - 正在查找元素：('xpath', '(//p[@class="name-right"])[4]/button')
2021-02-18 09:58:31,318 INFO [root] [base.py [base_click:37] - 正在对：('xpath', '(//p[@class="name-right"])[4]/button')元素执行点击操作！
2021-02-18 09:58:32,319 INFO [root] [base.py [base_find_element:21] - 正在查找元素：('xpath', '//button[contains(text(),"获取邮箱验证码")]')
2021-02-18 09:58:32,357 INFO [root] [base.py [base_click:37] - 正在对：('xpath', '//button[contains(text(),"获取邮箱验证码")]')元素执行点击操作！
2021-02-18 09:58:37,362 INFO [root] [base.py [base_find_element:21] - 正在查找元素：('xpath', '(//div[@class="split-input-container"]/input)[1]')
2021-02-18 09:58:37,374 INFO [root] [base.py [base_input:44] - 正在对：('xpath', '(//div[@class="split-input-container"]/input)[1]')元素执行清空操作！
2021-02-18 09:58:37,397 INFO [root] [base.py [base_input:47] - 正在对：('xpath', '(//div[@class="split-input-container"]/input)[1]')元素执行输入：1
2021-02-18 09:58:37,919 INFO [root] [base.py [base_find_element:21] - 正在查找元素：('xpath', '(//div[@class="split-input-container"]/input)[2]')
2021-02-18 09:58:37,930 INFO [root] [base.py [base_input:44] - 正在对：('xpath', '(//div[@class="split-input-container"]/input)[2]')元素执行清空操作！
2021-02-18 09:58:37,953 INFO [root] [base.py [base_input:47] - 正在对：('xpath', '(//div[@class="split-input-container"]/input)[2]')元素执行输入：2
2021-02-18 09:58:38,472 INFO [root] [base.py [base_find_element:21] - 正在查找元素：('xpath', '(//div[@class="split-input-container"]/input)[3]')
2021-02-18 09:58:38,484 INFO [root] [base.py [base_input:44] - 正在对：('xpath', '(//div[@class="split-input-container"]/input)[3]')元素执行清空操作！
2021-02-18 09:58:38,509 INFO [root] [base.py [base_input:47] - 正在对：('xpath', '(//div[@class="split-input-container"]/input)[3]')元素执行输入：3
2021-02-18 09:58:39,027 INFO [root] [base.py [base_find_element:21] - 正在查找元素：('xpath', '(//div[@class="split-input-container"]/input)[4]')
2021-02-18 09:58:39,039 INFO [root] [base.py [base_input:44] - 正在对：('xpath', '(//div[@class="split-input-container"]/input)[4]')元素执行清空操作！
2021-02-18 09:58:39,063 INFO [root] [base.py [base_input:47] - 正在对：('xpath', '(//div[@class="split-input-container"]/input)[4]')元素执行输入：4
2021-02-18 09:58:41,083 INFO [root] [base.py [base_find_element:21] - 正在查找元素：('xpath', '//input[@placeholder="输入新密码"]')
2021-02-18 09:58:41,095 INFO [root] [base.py [base_input:44] - 正在对：('xpath', '//input[@placeholder="输入新密码"]')元素执行清空操作！
2021-02-18 09:58:41,118 INFO [root] [base.py [base_input:47] - 正在对：('xpath', '//input[@placeholder="输入新密码"]')元素执行输入：1111Aa
2021-02-18 09:58:44,150 INFO [root] [base.py [base_find_element:21] - 正在查找元素：('xpath', '//button[contains(text(),"设定新密码")]')
2021-02-18 09:58:44,172 INFO [root] [base.py [base_is_enabled:72] - 正在对：('xpath', '//button[contains(text(),"设定新密码")]')元素判断是否可用，返回值为：False
2021-02-18 09:58:44,172 INFO [root] [base.py [base_find_element:21] - 正在查找元素：('xpath', '(//img)[2]')
2021-02-18 09:58:44,211 INFO [root] [base.py [base_click:37] - 正在对：('xpath', '(//img)[2]')元素执行点击操作！
2021-02-18 09:59:44,271 INFO [root] [base.py [base_find_element:21] - 正在查找元素：('xpath', '(//p[@class="name-right"])[3]')
2021-02-18 09:59:44,290 INFO [root] [base.py [base_get_text:66] - 正在对：('xpath', '(//p[@class="name-right"])[3]')元素获取文本操作！获取的文本值：18538192813@163.com 修改
2021-02-18 09:59:45,291 INFO [root] [base.py [base_find_element:21] - 正在查找元素：('xpath', '(//p[@class="name-right"])[4]/button')
2021-02-18 09:59:45,318 INFO [root] [base.py [base_click:37] - 正在对：('xpath', '(//p[@class="name-right"])[4]/button')元素执行点击操作！
2021-02-18 09:59:46,320 INFO [root] [base.py [base_find_element:21] - 正在查找元素：('xpath', '//button[contains(text(),"获取邮箱验证码")]')
2021-02-18 09:59:46,356 INFO [root] [base.py [base_click:37] - 正在对：('xpath', '//button[contains(text(),"获取邮箱验证码")]')元素执行点击操作！
2021-02-18 09:59:51,360 INFO [root] [base.py [base_find_element:21] - 正在查找元素：('xpath', '(//div[@class="split-input-container"]/input)[1]')
2021-02-18 09:59:51,374 INFO [root] [base.py [base_input:44] - 正在对：('xpath', '(//div[@class="split-input-container"]/input)[1]')元素执行清空操作！
2021-02-18 09:59:51,397 INFO [root] [base.py [base_input:47] - 正在对：('xpath', '(//div[@class="split-input-container"]/input)[1]')元素执行输入：1
2021-02-18 09:59:51,915 INFO [root] [base.py [base_find_element:21] - 正在查找元素：('xpath', '(//div[@class="split-input-container"]/input)[2]')
2021-02-18 09:59:51,925 INFO [root] [base.py [base_input:44] - 正在对：('xpath', '(//div[@class="split-input-container"]/input)[2]')元素执行清空操作！
2021-02-18 09:59:51,948 INFO [root] [base.py [base_input:47] - 正在对：('xpath', '(//div[@class="split-input-container"]/input)[2]')元素执行输入：2
2021-02-18 09:59:52,467 INFO [root] [base.py [base_find_element:21] - 正在查找元素：('xpath', '(//div[@class="split-input-container"]/input)[3]')
2021-02-18 09:59:52,476 INFO [root] [base.py [base_input:44] - 正在对：('xpath', '(//div[@class="split-input-container"]/input)[3]')元素执行清空操作！
2021-02-18 09:59:52,499 INFO [root] [base.py [base_input:47] - 正在对：('xpath', '(//div[@class="split-input-container"]/input)[3]')元素执行输入：3
2021-02-18 09:59:53,019 INFO [root] [base.py [base_find_element:21] - 正在查找元素：('xpath', '(//div[@class="split-input-container"]/input)[4]')
2021-02-18 09:59:53,028 INFO [root] [base.py [base_input:44] - 正在对：('xpath', '(//div[@class="split-input-container"]/input)[4]')元素执行清空操作！
2021-02-18 09:59:53,053 INFO [root] [base.py [base_input:47] - 正在对：('xpath', '(//div[@class="split-input-container"]/input)[4]')元素执行输入：4
2021-02-18 09:59:55,084 INFO [root] [base.py [base_find_element:21] - 正在查找元素：('xpath', '//input[@placeholder="输入新密码"]')
2021-02-18 09:59:55,093 INFO [root] [base.py [base_input:44] - 正在对：('xpath', '//input[@placeholder="输入新密码"]')元素执行清空操作！
2021-02-18 09:59:55,107 INFO [root] [base.py [base_input:47] - 正在对：('xpath', '//input[@placeholder="输入新密码"]')元素执行输入：111111Aa
2021-02-18 09:59:58,136 INFO [root] [base.py [base_find_element:21] - 正在查找元素：('xpath', '//button[contains(text(),"设定新密码")]')
2021-02-18 09:59:58,171 INFO [root] [base.py [base_click:37] - 正在对：('xpath', '//button[contains(text(),"设定新密码")]')元素执行点击操作！
2021-02-18 10:00:00,173 INFO [root] [base.py [base_find_element:21] - 正在查找元素：('xpath', '//input')
2021-02-18 10:00:00,185 INFO [root] [base.py [base_input:44] - 正在对：('xpath', '//input')元素执行清空操作！
2021-02-18 10:00:00,208 INFO [root] [base.py [base_input:47] - 正在对：('xpath', '//input')元素执行输入：111111Aa
2021-02-18 10:00:00,239 INFO [root] [base.py [base_find_element:21] - 正在查找元素：('xpath', '//button')
2021-02-18 10:00:00,275 INFO [root] [base.py [base_click:37] - 正在对：('xpath', '//button')元素执行点击操作！
2021-02-18 10:00:01,277 INFO [root] [base.py [base_find_element:21] - 正在查找元素：('xpath', '//h3[@class="welcomeTitle"]')
2021-02-18 10:00:01,312 INFO [root] [base.py [base_get_text:66] - 正在对：('xpath', '//h3[@class="welcomeTitle"]')元素获取文本操作！获取的文本值：儿童认知评估与训练系统-管理员端
2021-02-18 10:00:01,324 INFO [root] [redis_clear.py [redis_clear:21] - 邮箱：18538192813@163.com，清除redis：1
