2021-02-07 10:19:04,012 INFO [root] [base.py [__init__:17] - 正在获取driver：<selenium.webdriver.chrome.webdriver.WebDriver (session="f8656bd7ac6f1ac9fb38154bc32136c3")>
2021-02-07 10:19:04,012 INFO [root] [base.py [__init__:17] - 正在获取driver：<selenium.webdriver.chrome.webdriver.WebDriver (session="f8656bd7ac6f1ac9fb38154bc32136c3")>
2021-02-07 10:19:06,031 INFO [root] [base.py [base_find_element:21] - 正在查找元素：('xpath', '//input')
2021-02-07 10:19:06,057 INFO [root] [base.py [base_input:44] - 正在对：('xpath', '//input')元素执行清空操作！
2021-02-07 10:19:06,079 INFO [root] [base.py [base_input:47] - 正在对：('xpath', '//input')元素执行输入：111
2021-02-07 10:19:06,109 INFO [root] [base.py [base_find_element:21] - 正在查找元素：('xpath', '//button')
2021-02-07 10:19:06,143 INFO [root] [base.py [base_click:37] - 正在对：('xpath', '//button')元素执行点击操作！
2021-02-07 10:19:09,144 INFO [root] [base.py [base_find_element:21] - 正在查找元素：('xpath', '//p[@class="login-error"]')
2021-02-07 10:19:09,160 INFO [root] [base.py [base_get_text:66] - 正在对：('xpath', '//p[@class="login-error"]')元素获取文本操作！获取的文本值：密码错误，请重新输入
2021-02-07 10:19:11,182 INFO [root] [base.py [base_find_element:21] - 正在查找元素：('xpath', '//input')
2021-02-07 10:19:11,187 INFO [root] [base.py [base_input:44] - 正在对：('xpath', '//input')元素执行清空操作！
2021-02-07 10:19:11,199 INFO [root] [base.py [base_input:47] - 正在对：('xpath', '//input')元素执行输入：111111Aa
2021-02-07 10:19:11,223 INFO [root] [base.py [base_find_element:21] - 正在查找元素：('xpath', '//button')
2021-02-07 10:19:11,244 INFO [root] [base.py [base_click:37] - 正在对：('xpath', '//button')元素执行点击操作！
2021-02-07 10:19:14,245 INFO [root] [base.py [base_find_element:21] - 正在查找元素：('xpath', '//h3[@class="welcomeTitle"]')
2021-02-07 10:19:14,262 INFO [root] [base.py [base_get_text:66] - 正在对：('xpath', '//h3[@class="welcomeTitle"]')元素获取文本操作！获取的文本值：儿童认知评估与训练系统-管理员端
2021-02-07 15:03:19,670 INFO [root] [base.py [__init__:17] - 正在获取driver：<selenium.webdriver.chrome.webdriver.WebDriver (session="6832018daa2f851eed4bd216b2bf7f01")>
2021-02-07 15:03:19,670 INFO [root] [base.py [__init__:17] - 正在获取driver：<selenium.webdriver.chrome.webdriver.WebDriver (session="6832018daa2f851eed4bd216b2bf7f01")>
2021-02-07 15:03:21,671 INFO [root] [base.py [base_find_element:21] - 正在查找元素：('xpath', '//input')
2021-02-07 15:03:21,681 INFO [root] [base.py [base_input:44] - 正在对：('xpath', '//input')元素执行清空操作！
2021-02-07 15:03:21,702 INFO [root] [base.py [base_input:47] - 正在对：('xpath', '//input')元素执行输入：111
2021-02-07 15:03:21,728 INFO [root] [base.py [base_find_element:21] - 正在查找元素：('xpath', '//button')
2021-02-07 15:03:21,759 INFO [root] [base.py [base_click:37] - 正在对：('xpath', '//button')元素执行点击操作！
2021-02-07 15:03:24,760 INFO [root] [base.py [base_find_element:21] - 正在查找元素：('xpath', '//p[@class="login-error"]')
2021-02-07 15:03:24,776 INFO [root] [base.py [base_get_text:66] - 正在对：('xpath', '//p[@class="login-error"]')元素获取文本操作！获取的文本值：密码错误，请重新输入
2021-02-07 15:03:26,782 INFO [root] [base.py [base_find_element:21] - 正在查找元素：('xpath', '//input')
2021-02-07 15:03:26,787 INFO [root] [base.py [base_input:44] - 正在对：('xpath', '//input')元素执行清空操作！
2021-02-07 15:03:26,800 INFO [root] [base.py [base_input:47] - 正在对：('xpath', '//input')元素执行输入：111111Aa
2021-02-07 15:03:26,828 INFO [root] [base.py [base_find_element:21] - 正在查找元素：('xpath', '//button')
2021-02-07 15:03:26,848 INFO [root] [base.py [base_click:37] - 正在对：('xpath', '//button')元素执行点击操作！
2021-02-07 15:03:29,848 INFO [root] [base.py [base_find_element:21] - 正在查找元素：('xpath', '//h3[@class="welcomeTitle"]')
2021-02-07 15:03:29,865 INFO [root] [base.py [base_get_text:66] - 正在对：('xpath', '//h3[@class="welcomeTitle"]')元素获取文本操作！获取的文本值：儿童认知评估与训练系统-管理员端
2021-02-07 17:46:21,623 INFO [root] [base.py [__init__:17] - 正在获取driver：<selenium.webdriver.chrome.webdriver.WebDriver (session="c0073e36dde94a2ceedde8401cfe5051")>
2021-02-07 17:46:21,623 INFO [root] [base.py [__init__:17] - 正在获取driver：<selenium.webdriver.chrome.webdriver.WebDriver (session="c0073e36dde94a2ceedde8401cfe5051")>
2021-02-07 17:46:23,627 INFO [root] [base.py [base_find_element:21] - 正在查找元素：('xpath', '//input')
2021-02-07 17:46:23,635 INFO [root] [base.py [base_input:44] - 正在对：('xpath', '//input')元素执行清空操作！
2021-02-07 17:46:23,654 INFO [root] [base.py [base_input:47] - 正在对：('xpath', '//input')元素执行输入：111
2021-02-07 17:46:24,713 INFO [root] [base.py [base_find_element:21] - 正在查找元素：('xpath', '//button')
2021-02-07 17:46:25,370 INFO [root] [base.py [base_click:37] - 正在对：('xpath', '//button')元素执行点击操作！
2021-02-07 17:46:28,371 INFO [root] [base.py [base_find_element:21] - 正在查找元素：('xpath', '//p[@class="login-error"]')
2021-02-07 17:46:28,396 INFO [root] [base.py [base_get_text:66] - 正在对：('xpath', '//p[@class="login-error"]')元素获取文本操作！获取的文本值：密码错误，请重新输入
2021-02-07 17:46:30,402 INFO [root] [base.py [base_find_element:21] - 正在查找元素：('xpath', '//input')
2021-02-07 17:46:30,407 INFO [root] [base.py [base_input:44] - 正在对：('xpath', '//input')元素执行清空操作！
2021-02-07 17:46:30,423 INFO [root] [base.py [base_input:47] - 正在对：('xpath', '//input')元素执行输入：111111Aa
2021-02-07 17:46:30,480 INFO [root] [base.py [base_find_element:21] - 正在查找元素：('xpath', '//button')
2021-02-07 17:46:31,854 INFO [root] [base.py [base_click:37] - 正在对：('xpath', '//button')元素执行点击操作！
2021-02-07 17:46:34,858 INFO [root] [base.py [base_find_element:21] - 正在查找元素：('xpath', '//h3[@class="welcomeTitle"]')
2021-02-07 17:46:34,873 INFO [root] [base.py [base_get_text:66] - 正在对：('xpath', '//h3[@class="welcomeTitle"]')元素获取文本操作！获取的文本值：儿童认知评估与训练系统-管理员端
2021-02-07 17:46:47,037 INFO [root] [base.py [__init__:17] - 正在获取driver：<selenium.webdriver.chrome.webdriver.WebDriver (session="8c1ed6ff372ddf52278444c9c66a61ab")>
2021-02-07 17:46:47,037 INFO [root] [base.py [__init__:17] - 正在获取driver：<selenium.webdriver.chrome.webdriver.WebDriver (session="8c1ed6ff372ddf52278444c9c66a61ab")>
2021-02-07 17:46:49,041 INFO [root] [base.py [base_find_element:21] - 正在查找元素：('xpath', '//a[text()="医生登录"]')
2021-02-07 17:46:49,254 INFO [root] [base.py [base_click:37] - 正在对：('xpath', '//a[text()="医生登录"]')元素执行点击操作！
2021-02-07 17:46:50,256 INFO [root] [base.py [base_find_element:21] - 正在查找元素：('xpath', '//h3')
2021-02-07 17:46:50,271 INFO [root] [base.py [base_get_text:66] - 正在对：('xpath', '//h3')元素获取文本操作！获取的文本值：北医六院儿童训练系统 — 医生端
2021-02-07 17:46:52,275 INFO [root] [base.py [base_find_element:21] - 正在查找元素：('xpath', '//a[text()="管理员登录"]')
2021-02-07 17:46:53,300 INFO [root] [base.py [base_click:37] - 正在对：('xpath', '//a[text()="管理员登录"]')元素执行点击操作！
2021-02-07 17:46:54,308 INFO [root] [base.py [base_find_element:21] - 正在查找元素：('xpath', '//h3')
2021-02-07 17:46:54,322 INFO [root] [base.py [base_get_text:66] - 正在对：('xpath', '//h3')元素获取文本操作！获取的文本值：北医六院儿童训练系统 — 管理员端
2021-02-07 17:47:02,844 INFO [root] [base.py [__init__:17] - 正在获取driver：<selenium.webdriver.chrome.webdriver.WebDriver (session="c179462fc17be6944d5310b8c4086d0d")>
2021-02-07 17:47:02,844 INFO [root] [base.py [__init__:17] - 正在获取driver：<selenium.webdriver.chrome.webdriver.WebDriver (session="c179462fc17be6944d5310b8c4086d0d")>
2021-02-07 17:47:02,844 INFO [root] [base.py [__init__:17] - 正在获取driver：<selenium.webdriver.chrome.webdriver.WebDriver (session="c179462fc17be6944d5310b8c4086d0d")>
2021-02-07 17:47:04,848 INFO [root] [base.py [base_find_element:21] - 正在查找元素：('xpath', '//span')
2021-02-07 17:47:04,870 INFO [root] [base.py [base_get_text:66] - 正在对：('xpath', '//span')元素获取文本操作！获取的文本值：18538192813@163.com
2021-02-07 17:47:04,870 INFO [root] [base.py [base_find_element:21] - 正在查找元素：('xpath', '//a[text()="忘记密码"]')
2021-02-07 17:47:05,899 INFO [root] [base.py [base_click:37] - 正在对：('xpath', '//a[text()="忘记密码"]')元素执行点击操作！
2021-02-07 17:47:07,902 INFO [root] [base.py [base_find_element:21] - 正在查找元素：('xpath', '//button[contains(text(),"获取验证码")]')
2021-02-07 17:47:07,937 INFO [root] [base.py [base_click:37] - 正在对：('xpath', '//button[contains(text(),"获取验证码")]')元素执行点击操作！
2021-02-07 17:47:12,940 INFO [root] [base.py [base_find_element:21] - 正在查找元素：('xpath', '(//div[@class="split-input-container"]/input)[1]')
2021-02-07 17:47:12,947 INFO [root] [base.py [base_input:44] - 正在对：('xpath', '(//div[@class="split-input-container"]/input)[1]')元素执行清空操作！
2021-02-07 17:47:12,968 INFO [root] [base.py [base_input:47] - 正在对：('xpath', '(//div[@class="split-input-container"]/input)[1]')元素执行输入：1
2021-02-07 17:47:14,512 INFO [root] [base.py [base_find_element:21] - 正在查找元素：('xpath', '(//div[@class="split-input-container"]/input)[2]')
2021-02-07 17:47:14,520 INFO [root] [base.py [base_input:44] - 正在对：('xpath', '(//div[@class="split-input-container"]/input)[2]')元素执行清空操作！
2021-02-07 17:47:14,554 INFO [root] [base.py [base_input:47] - 正在对：('xpath', '(//div[@class="split-input-container"]/input)[2]')元素执行输入：2
2021-02-07 17:47:15,083 INFO [root] [base.py [base_find_element:21] - 正在查找元素：('xpath', '(//div[@class="split-input-container"]/input)[3]')
2021-02-07 17:47:15,092 INFO [root] [base.py [base_input:44] - 正在对：('xpath', '(//div[@class="split-input-container"]/input)[3]')元素执行清空操作！
2021-02-07 17:47:15,111 INFO [root] [base.py [base_input:47] - 正在对：('xpath', '(//div[@class="split-input-container"]/input)[3]')元素执行输入：4
2021-02-07 17:47:15,629 INFO [root] [base.py [base_find_element:21] - 正在查找元素：('xpath', '(//div[@class="split-input-container"]/input)[4]')
2021-02-07 17:47:15,636 INFO [root] [base.py [base_input:44] - 正在对：('xpath', '(//div[@class="split-input-container"]/input)[4]')元素执行清空操作！
2021-02-07 17:47:15,654 INFO [root] [base.py [base_input:47] - 正在对：('xpath', '(//div[@class="split-input-container"]/input)[4]')元素执行输入：4
2021-02-07 17:47:17,672 INFO [root] [base.py [base_find_element:21] - 正在查找元素：('xpath', '(//p[@class="login-error"])[1]')
2021-02-07 17:47:17,687 INFO [root] [base.py [base_get_text:66] - 正在对：('xpath', '(//p[@class="login-error"])[1]')元素获取文本操作！获取的文本值：验证码错误，请重新输入
2021-02-07 17:47:18,687 INFO [root] [base.py [base_find_element:21] - 正在查找元素：('xpath', '//span[contains(text(),"返回登录页面")]')
2021-02-07 17:47:19,505 INFO [root] [base.py [base_click:37] - 正在对：('xpath', '//span[contains(text(),"返回登录页面")]')元素执行点击操作！
2021-02-07 17:48:22,567 INFO [root] [base.py [base_find_element:21] - 正在查找元素：('xpath', '//span')
2021-02-07 17:48:22,585 INFO [root] [base.py [base_get_text:66] - 正在对：('xpath', '//span')元素获取文本操作！获取的文本值：18538192813@163.com
2021-02-07 17:48:22,585 INFO [root] [base.py [base_find_element:21] - 正在查找元素：('xpath', '//a[text()="忘记密码"]')
2021-02-07 17:48:22,710 INFO [root] [base.py [base_click:37] - 正在对：('xpath', '//a[text()="忘记密码"]')元素执行点击操作！
2021-02-07 17:48:24,714 INFO [root] [base.py [base_find_element:21] - 正在查找元素：('xpath', '//button[contains(text(),"获取验证码")]')
2021-02-07 17:48:25,525 INFO [root] [base.py [base_click:37] - 正在对：('xpath', '//button[contains(text(),"获取验证码")]')元素执行点击操作！
2021-02-07 17:49:30,556 INFO [root] [base.py [base_find_element:21] - 正在查找元素：('xpath', '(//div[@class="split-input-container"]/input)[1]')
2021-02-07 17:49:30,563 INFO [root] [base.py [base_input:44] - 正在对：('xpath', '(//div[@class="split-input-container"]/input)[1]')元素执行清空操作！
2021-02-07 17:49:30,581 INFO [root] [base.py [base_input:47] - 正在对：('xpath', '(//div[@class="split-input-container"]/input)[1]')元素执行输入：1
2021-02-07 17:49:31,107 INFO [root] [base.py [base_find_element:21] - 正在查找元素：('xpath', '(//div[@class="split-input-container"]/input)[2]')
2021-02-07 17:49:31,112 INFO [root] [base.py [base_input:44] - 正在对：('xpath', '(//div[@class="split-input-container"]/input)[2]')元素执行清空操作！
2021-02-07 17:49:31,130 INFO [root] [base.py [base_input:47] - 正在对：('xpath', '(//div[@class="split-input-container"]/input)[2]')元素执行输入：2
2021-02-07 17:49:31,647 INFO [root] [base.py [base_find_element:21] - 正在查找元素：('xpath', '(//div[@class="split-input-container"]/input)[3]')
2021-02-07 17:49:31,651 INFO [root] [base.py [base_input:44] - 正在对：('xpath', '(//div[@class="split-input-container"]/input)[3]')元素执行清空操作！
2021-02-07 17:49:31,671 INFO [root] [base.py [base_input:47] - 正在对：('xpath', '(//div[@class="split-input-container"]/input)[3]')元素执行输入：3
2021-02-07 17:49:32,187 INFO [root] [base.py [base_find_element:21] - 正在查找元素：('xpath', '(//div[@class="split-input-container"]/input)[4]')
2021-02-07 17:49:32,192 INFO [root] [base.py [base_input:44] - 正在对：('xpath', '(//div[@class="split-input-container"]/input)[4]')元素执行清空操作！
2021-02-07 17:49:32,211 INFO [root] [base.py [base_input:47] - 正在对：('xpath', '(//div[@class="split-input-container"]/input)[4]')元素执行输入：4
2021-02-07 17:49:34,234 INFO [root] [base.py [base_find_element:21] - 正在查找元素：('xpath', '(//p[@class="login-error"])[1]')
2021-02-07 17:49:34,246 INFO [root] [base.py [base_get_text:66] - 正在对：('xpath', '(//p[@class="login-error"])[1]')元素获取文本操作！获取的文本值：邮件验证码过期!
2021-02-07 17:49:35,248 INFO [root] [base.py [base_find_element:21] - 正在查找元素：('xpath', '//span[contains(text(),"返回登录页面")]')
2021-02-07 17:49:36,064 INFO [root] [base.py [base_click:37] - 正在对：('xpath', '//span[contains(text(),"返回登录页面")]')元素执行点击操作！
2021-02-07 17:49:39,100 INFO [root] [base.py [base_find_element:21] - 正在查找元素：('xpath', '//span')
2021-02-07 17:49:39,112 INFO [root] [base.py [base_get_text:66] - 正在对：('xpath', '//span')元素获取文本操作！获取的文本值：18538192813@163.com
2021-02-07 17:49:39,112 INFO [root] [base.py [base_find_element:21] - 正在查找元素：('xpath', '//a[text()="忘记密码"]')
2021-02-07 17:49:39,994 INFO [root] [base.py [base_click:37] - 正在对：('xpath', '//a[text()="忘记密码"]')元素执行点击操作！
2021-02-07 17:49:41,996 INFO [root] [base.py [base_find_element:21] - 正在查找元素：('xpath', '//button[contains(text(),"获取验证码")]')
2021-02-07 17:49:42,738 INFO [root] [base.py [base_click:37] - 正在对：('xpath', '//button[contains(text(),"获取验证码")]')元素执行点击操作！
2021-02-07 17:49:47,744 INFO [root] [base.py [base_find_element:21] - 正在查找元素：('xpath', '(//div[@class="split-input-container"]/input)[1]')
2021-02-07 17:49:47,749 INFO [root] [base.py [base_input:44] - 正在对：('xpath', '(//div[@class="split-input-container"]/input)[1]')元素执行清空操作！
2021-02-07 17:49:47,769 INFO [root] [base.py [base_input:47] - 正在对：('xpath', '(//div[@class="split-input-container"]/input)[1]')元素执行输入：1
2021-02-07 17:49:48,294 INFO [root] [base.py [base_find_element:21] - 正在查找元素：('xpath', '(//div[@class="split-input-container"]/input)[2]')
2021-02-07 17:49:48,299 INFO [root] [base.py [base_input:44] - 正在对：('xpath', '(//div[@class="split-input-container"]/input)[2]')元素执行清空操作！
2021-02-07 17:49:48,318 INFO [root] [base.py [base_input:47] - 正在对：('xpath', '(//div[@class="split-input-container"]/input)[2]')元素执行输入：2
2021-02-07 17:49:48,834 INFO [root] [base.py [base_find_element:21] - 正在查找元素：('xpath', '(//div[@class="split-input-container"]/input)[3]')
2021-02-07 17:49:48,839 INFO [root] [base.py [base_input:44] - 正在对：('xpath', '(//div[@class="split-input-container"]/input)[3]')元素执行清空操作！
2021-02-07 17:49:48,858 INFO [root] [base.py [base_input:47] - 正在对：('xpath', '(//div[@class="split-input-container"]/input)[3]')元素执行输入：3
2021-02-07 17:49:49,374 INFO [root] [base.py [base_find_element:21] - 正在查找元素：('xpath', '(//div[@class="split-input-container"]/input)[4]')
2021-02-07 17:49:49,379 INFO [root] [base.py [base_input:44] - 正在对：('xpath', '(//div[@class="split-input-container"]/input)[4]')元素执行清空操作！
2021-02-07 17:49:49,419 INFO [root] [base.py [base_input:47] - 正在对：('xpath', '(//div[@class="split-input-container"]/input)[4]')元素执行输入：4
2021-02-07 17:49:50,442 INFO [root] [base.py [base_find_element:21] - 正在查找元素：('xpath', '//input[@placeholder="输入新密码"]')
2021-02-07 17:49:50,460 INFO [root] [base.py [base_input:44] - 正在对：('xpath', '//input[@placeholder="输入新密码"]')元素执行清空操作！
2021-02-07 17:49:50,493 INFO [root] [base.py [base_input:47] - 正在对：('xpath', '//input[@placeholder="输入新密码"]')元素执行输入：1111Aa
2021-02-07 17:49:51,556 INFO [root] [base.py [base_find_element:21] - 正在查找元素：('xpath', '//button[contains(text(),"设定新密码")]')
2021-02-07 17:49:51,569 INFO [root] [base.py [base_is_enabled:72] - 正在对：('xpath', '//button[contains(text(),"设定新密码")]')元素判断是否可用，返回值为：False
2021-02-07 17:49:51,570 INFO [root] [base.py [base_find_element:21] - 正在查找元素：('xpath', '//span[contains(text(),"返回登录页面")]')
2021-02-07 17:49:52,365 INFO [root] [base.py [base_click:37] - 正在对：('xpath', '//span[contains(text(),"返回登录页面")]')元素执行点击操作！
2021-02-07 17:50:55,401 INFO [root] [base.py [base_find_element:21] - 正在查找元素：('xpath', '//span')
2021-02-07 17:50:55,416 INFO [root] [base.py [base_get_text:66] - 正在对：('xpath', '//span')元素获取文本操作！获取的文本值：18538192813@163.com
2021-02-07 17:50:55,417 INFO [root] [base.py [base_find_element:21] - 正在查找元素：('xpath', '//a[text()="忘记密码"]')
2021-02-07 17:50:56,320 INFO [root] [base.py [base_click:37] - 正在对：('xpath', '//a[text()="忘记密码"]')元素执行点击操作！
2021-02-07 17:50:58,323 INFO [root] [base.py [base_find_element:21] - 正在查找元素：('xpath', '//button[contains(text(),"获取验证码")]')
2021-02-07 17:50:58,367 INFO [root] [base.py [base_click:37] - 正在对：('xpath', '//button[contains(text(),"获取验证码")]')元素执行点击操作！
2021-02-07 17:51:03,374 INFO [root] [base.py [base_find_element:21] - 正在查找元素：('xpath', '(//div[@class="split-input-container"]/input)[1]')
2021-02-07 17:51:03,381 INFO [root] [base.py [base_input:44] - 正在对：('xpath', '(//div[@class="split-input-container"]/input)[1]')元素执行清空操作！
2021-02-07 17:51:03,399 INFO [root] [base.py [base_input:47] - 正在对：('xpath', '(//div[@class="split-input-container"]/input)[1]')元素执行输入：1
2021-02-07 17:51:03,946 INFO [root] [base.py [base_find_element:21] - 正在查找元素：('xpath', '(//div[@class="split-input-container"]/input)[2]')
2021-02-07 17:51:03,954 INFO [root] [base.py [base_input:44] - 正在对：('xpath', '(//div[@class="split-input-container"]/input)[2]')元素执行清空操作！
2021-02-07 17:51:03,983 INFO [root] [base.py [base_input:47] - 正在对：('xpath', '(//div[@class="split-input-container"]/input)[2]')元素执行输入：2
2021-02-07 17:51:04,500 INFO [root] [base.py [base_find_element:21] - 正在查找元素：('xpath', '(//div[@class="split-input-container"]/input)[3]')
2021-02-07 17:51:04,507 INFO [root] [base.py [base_input:44] - 正在对：('xpath', '(//div[@class="split-input-container"]/input)[3]')元素执行清空操作！
2021-02-07 17:51:04,527 INFO [root] [base.py [base_input:47] - 正在对：('xpath', '(//div[@class="split-input-container"]/input)[3]')元素执行输入：3
2021-02-07 17:51:05,044 INFO [root] [base.py [base_find_element:21] - 正在查找元素：('xpath', '(//div[@class="split-input-container"]/input)[4]')
2021-02-07 17:51:05,051 INFO [root] [base.py [base_input:44] - 正在对：('xpath', '(//div[@class="split-input-container"]/input)[4]')元素执行清空操作！
2021-02-07 17:51:05,070 INFO [root] [base.py [base_input:47] - 正在对：('xpath', '(//div[@class="split-input-container"]/input)[4]')元素执行输入：4
2021-02-07 17:51:06,088 INFO [root] [base.py [base_find_element:21] - 正在查找元素：('xpath', '//input[@placeholder="输入新密码"]')
2021-02-07 17:51:06,093 INFO [root] [base.py [base_input:44] - 正在对：('xpath', '//input[@placeholder="输入新密码"]')元素执行清空操作！
2021-02-07 17:51:06,112 INFO [root] [base.py [base_input:47] - 正在对：('xpath', '//input[@placeholder="输入新密码"]')元素执行输入：222222Aa
2021-02-07 17:51:07,210 INFO [root] [base.py [base_find_element:21] - 正在查找元素：('xpath', '//button[contains(text(),"设定新密码")]')
2021-02-07 17:51:07,219 INFO [root] [base.py [base_is_enabled:72] - 正在对：('xpath', '//button[contains(text(),"设定新密码")]')元素判断是否可用，返回值为：True
2021-02-07 17:51:08,221 INFO [root] [base.py [base_find_element:21] - 正在查找元素：('xpath', '//button[contains(text(),"设定新密码")]')
2021-02-07 17:51:08,389 INFO [root] [base.py [base_click:37] - 正在对：('xpath', '//button[contains(text(),"设定新密码")]')元素执行点击操作！
2021-02-07 17:51:09,391 INFO [root] [base.py [base_find_element:21] - 正在查找元素：('xpath', '//input')
2021-02-07 17:51:09,399 INFO [root] [base.py [base_input:44] - 正在对：('xpath', '//input')元素执行清空操作！
2021-02-07 17:51:09,433 INFO [root] [base.py [base_input:47] - 正在对：('xpath', '//input')元素执行输入：222222Aa
2021-02-07 17:51:09,479 INFO [root] [base.py [base_find_element:21] - 正在查找元素：('xpath', '//button')
2021-02-07 17:51:11,108 INFO [root] [base.py [base_click:37] - 正在对：('xpath', '//button')元素执行点击操作！
2021-02-07 17:51:14,112 INFO [root] [base.py [base_find_element:21] - 正在查找元素：('xpath', '//h3[@class="welcomeTitle"]')
2021-02-07 17:51:14,127 INFO [root] [base.py [base_get_text:66] - 正在对：('xpath', '//h3[@class="welcomeTitle"]')元素获取文本操作！获取的文本值：儿童认知评估与训练系统-管理员端
2021-02-07 17:51:15,690 INFO [root] [base.py [base_driver_back:78] - 正在点击浏览器后退按钮！
2021-02-07 17:52:16,730 INFO [root] [base.py [base_find_element:21] - 正在查找元素：('xpath', '//a[text()="忘记密码"]')
2021-02-07 17:52:17,823 INFO [root] [base.py [base_click:37] - 正在对：('xpath', '//a[text()="忘记密码"]')元素执行点击操作！
2021-02-07 17:52:18,833 INFO [root] [base.py [base_find_element:21] - 正在查找元素：('xpath', '//button[contains(text(),"获取验证码")]')
2021-02-07 17:52:19,744 INFO [root] [base.py [base_click:37] - 正在对：('xpath', '//button[contains(text(),"获取验证码")]')元素执行点击操作！
2021-02-07 17:52:22,747 INFO [root] [base.py [base_find_element:21] - 正在查找元素：('xpath', '(//div[@class="split-input-container"]/input)[1]')
2021-02-07 17:52:22,752 INFO [root] [base.py [base_input:44] - 正在对：('xpath', '(//div[@class="split-input-container"]/input)[1]')元素执行清空操作！
2021-02-07 17:52:22,770 INFO [root] [base.py [base_input:47] - 正在对：('xpath', '(//div[@class="split-input-container"]/input)[1]')元素执行输入：1
2021-02-07 17:52:23,298 INFO [root] [base.py [base_find_element:21] - 正在查找元素：('xpath', '(//div[@class="split-input-container"]/input)[2]')
2021-02-07 17:52:23,303 INFO [root] [base.py [base_input:44] - 正在对：('xpath', '(//div[@class="split-input-container"]/input)[2]')元素执行清空操作！
2021-02-07 17:52:23,323 INFO [root] [base.py [base_input:47] - 正在对：('xpath', '(//div[@class="split-input-container"]/input)[2]')元素执行输入：2
2021-02-07 17:52:23,838 INFO [root] [base.py [base_find_element:21] - 正在查找元素：('xpath', '(//div[@class="split-input-container"]/input)[3]')
2021-02-07 17:52:23,843 INFO [root] [base.py [base_input:44] - 正在对：('xpath', '(//div[@class="split-input-container"]/input)[3]')元素执行清空操作！
2021-02-07 17:52:23,862 INFO [root] [base.py [base_input:47] - 正在对：('xpath', '(//div[@class="split-input-container"]/input)[3]')元素执行输入：3
2021-02-07 17:52:24,377 INFO [root] [base.py [base_find_element:21] - 正在查找元素：('xpath', '(//div[@class="split-input-container"]/input)[4]')
2021-02-07 17:52:24,383 INFO [root] [base.py [base_input:44] - 正在对：('xpath', '(//div[@class="split-input-container"]/input)[4]')元素执行清空操作！
2021-02-07 17:52:24,402 INFO [root] [base.py [base_input:47] - 正在对：('xpath', '(//div[@class="split-input-container"]/input)[4]')元素执行输入：4
2021-02-07 17:52:25,419 INFO [root] [base.py [base_find_element:21] - 正在查找元素：('xpath', '//input[@placeholder="输入新密码"]')
2021-02-07 17:52:25,426 INFO [root] [base.py [base_input:44] - 正在对：('xpath', '//input[@placeholder="输入新密码"]')元素执行清空操作！
2021-02-07 17:52:25,493 INFO [root] [base.py [base_input:47] - 正在对：('xpath', '//input[@placeholder="输入新密码"]')元素执行输入：111111Aa
2021-02-07 17:52:26,561 INFO [root] [base.py [base_find_element:21] - 正在查找元素：('xpath', '//button[contains(text(),"设定新密码")]')
2021-02-07 17:52:26,606 INFO [root] [base.py [base_click:37] - 正在对：('xpath', '//button[contains(text(),"设定新密码")]')元素执行点击操作！
2021-02-07 17:52:28,044 INFO [root] [redis_clear.py [redis_clear:21] - 邮箱：18538192813@163.com，清除redis：1
2021-02-07 17:52:40,075 INFO [root] [base.py [__init__:17] - 正在获取driver：<selenium.webdriver.chrome.webdriver.WebDriver (session="60feea8861f7ca1666eda87b8ce3df1a")>
2021-02-07 17:52:40,075 INFO [root] [base.py [base_find_element:21] - 正在查找元素：('xpath', '//input')
2021-02-07 17:52:40,093 INFO [root] [base.py [base_input:44] - 正在对：('xpath', '//input')元素执行清空操作！
2021-02-07 17:52:40,124 INFO [root] [base.py [base_input:47] - 正在对：('xpath', '//input')元素执行输入：111111Aa
2021-02-07 17:52:41,225 INFO [root] [base.py [base_find_element:21] - 正在查找元素：('xpath', '//button')
2021-02-07 17:52:42,036 INFO [root] [base.py [base_click:37] - 正在对：('xpath', '//button')元素执行点击操作！
2021-02-07 17:52:42,036 INFO [root] [base.py [__init__:17] - 正在获取driver：<selenium.webdriver.chrome.webdriver.WebDriver (session="60feea8861f7ca1666eda87b8ce3df1a")>
2021-02-07 17:52:42,036 INFO [root] [base.py [__init__:17] - 正在获取driver：<selenium.webdriver.chrome.webdriver.WebDriver (session="60feea8861f7ca1666eda87b8ce3df1a")>
2021-02-07 17:52:42,037 INFO [root] [base.py [__init__:17] - 正在获取driver：<selenium.webdriver.chrome.webdriver.WebDriver (session="60feea8861f7ca1666eda87b8ce3df1a")>
2021-02-07 17:52:44,041 INFO [root] [base.py [base_find_element:21] - 正在查找元素：('xpath', '//div[contains(text(),"创建医生")]')
2021-02-07 17:52:44,405 INFO [root] [base.py [base_click:37] - 正在对：('xpath', '//div[contains(text(),"创建医生")]')元素执行点击操作！
2021-02-07 17:52:44,405 INFO [root] [base.py [base_find_element:21] - 正在查找元素：('xpath', '//input[@placeholder="输入医生姓名"]')
2021-02-07 17:52:44,411 INFO [root] [base.py [base_input:44] - 正在对：('xpath', '//input[@placeholder="输入医生姓名"]')元素执行清空操作！
2021-02-07 17:52:44,430 INFO [root] [base.py [base_input:47] - 正在对：('xpath', '//input[@placeholder="输入医生姓名"]')元素执行输入：测试创建001
2021-02-07 17:52:44,523 INFO [root] [base.py [base_find_element:21] - 正在查找元素：('xpath', '//input[@placeholder="输入医生身份证号"]')
2021-02-07 17:52:44,530 INFO [root] [base.py [base_input:44] - 正在对：('xpath', '//input[@placeholder="输入医生身份证号"]')元素执行清空操作！
2021-02-07 17:52:44,549 INFO [root] [base.py [base_input:47] - 正在对：('xpath', '//input[@placeholder="输入医生身份证号"]')元素执行输入：123456789012345678
2021-02-07 17:52:44,695 INFO [root] [base.py [base_find_element:21] - 正在查找元素：('xpath', '//button[@class="admincreate-button Universal"]')
2021-02-07 17:52:44,749 INFO [root] [base.py [base_click:37] - 正在对：('xpath', '//button[@class="admincreate-button Universal"]')元素执行点击操作！
2021-02-07 17:52:47,754 INFO [root] [base.py [base_find_element:21] - 正在查找元素：('xpath', '//p[@class="error-center"]')
2021-02-07 17:52:47,768 INFO [root] [base.py [base_get_text:66] - 正在对：('xpath', '//p[@class="error-center"]')元素获取文本操作！获取的文本值：身份证信息错误,请确认
2021-02-07 17:52:47,769 INFO [root] [base.py [base_find_element:21] - 正在查找元素：('xpath', '//img[@class="postionImage"]')
2021-02-07 17:52:48,110 INFO [root] [base.py [base_click:37] - 正在对：('xpath', '//img[@class="postionImage"]')元素执行点击操作！
2021-02-07 17:52:50,119 INFO [root] [base.py [base_find_element:21] - 正在查找元素：('xpath', '//div[contains(text(),"创建医生")]')
2021-02-07 17:52:50,453 INFO [root] [base.py [base_click:37] - 正在对：('xpath', '//div[contains(text(),"创建医生")]')元素执行点击操作！
2021-02-07 17:52:50,453 INFO [root] [base.py [base_find_element:21] - 正在查找元素：('xpath', '//input[@placeholder="输入医生姓名"]')
2021-02-07 17:52:50,457 INFO [root] [base.py [base_input:44] - 正在对：('xpath', '//input[@placeholder="输入医生姓名"]')元素执行清空操作！
2021-02-07 17:52:50,468 INFO [root] [base.py [base_input:47] - 正在对：('xpath', '//input[@placeholder="输入医生姓名"]')元素执行输入：测试创建001
2021-02-07 17:52:50,540 INFO [root] [base.py [base_find_element:21] - 正在查找元素：('xpath', '//input[@placeholder="输入医生身份证号"]')
2021-02-07 17:52:50,544 INFO [root] [base.py [base_input:44] - 正在对：('xpath', '//input[@placeholder="输入医生身份证号"]')元素执行清空操作！
2021-02-07 17:52:50,555 INFO [root] [base.py [base_input:47] - 正在对：('xpath', '//input[@placeholder="输入医生身份证号"]')元素执行输入：110101199005104908
2021-02-07 17:52:50,671 INFO [root] [base.py [base_find_element:21] - 正在查找元素：('xpath', '//button[@class="admincreate-button Universal"]')
2021-02-07 17:52:50,712 INFO [root] [base.py [base_click:37] - 正在对：('xpath', '//button[@class="admincreate-button Universal"]')元素执行点击操作！
2021-02-07 17:52:52,716 INFO [root] [base.py [base_find_element:21] - 正在查找元素：('xpath', '((//tr[@class="el-table__row"])[1]/td)[5]/div/img')
2021-02-07 17:52:53,908 INFO [root] [base.py [base_click:37] - 正在对：('xpath', '((//tr[@class="el-table__row"])[1]/td)[5]/div/img')元素执行点击操作！
2021-02-07 17:52:55,911 INFO [root] [base.py [base_find_element:21] - 正在查找元素：('xpath', '//h6/following-sibling::span')
2021-02-07 17:52:55,926 INFO [root] [base.py [base_get_text:66] - 正在对：('xpath', '//h6/following-sibling::span')元素获取文本操作！获取的文本值：（账号未激活）
2021-02-07 17:52:55,926 INFO [root] [base.py [base_find_element:21] - 正在查找元素：('xpath', '(//p[@class="name-right"])[1]')
2021-02-07 17:52:55,941 INFO [root] [base.py [base_get_text:66] - 正在对：('xpath', '(//p[@class="name-right"])[1]')元素获取文本操作！获取的文本值：测试创建001 修改
2021-02-07 17:52:55,941 INFO [root] [page_admin_doctor_detail.py [page_admin_doctor_detail_get_name:18] - 获取的医生姓名为：测试创建001
2021-02-07 17:52:55,941 INFO [root] [base.py [base_find_element:21] - 正在查找元素：('xpath', '(//p[@class="name-right"])[2]')
2021-02-07 17:52:55,955 INFO [root] [base.py [base_get_text:66] - 正在对：('xpath', '(//p[@class="name-right"])[2]')元素获取文本操作！获取的文本值：女
2021-02-07 17:52:55,956 INFO [root] [base.py [base_find_element:21] - 正在查找元素：('xpath', '(//p[@class="name-right"])[3]')
2021-02-07 17:52:55,970 INFO [root] [base.py [base_get_text:66] - 正在对：('xpath', '(//p[@class="name-right"])[3]')元素获取文本操作！获取的文本值：110101199005104908
2021-02-07 17:52:55,970 INFO [root] [base.py [base_find_element:21] - 正在查找元素：('xpath', '(//p[@class="name-right"])[4]/span[1]')
2021-02-07 17:52:55,985 INFO [root] [base.py [base_get_text:66] - 正在对：('xpath', '(//p[@class="name-right"])[4]/span[1]')元素获取文本操作！获取的文本值：账户未激活
2021-02-07 17:52:55,985 INFO [root] [base.py [base_find_element:21] - 正在查找元素：('xpath', '(//p[@class="name-right"])[5]')
2021-02-07 17:52:55,999 INFO [root] [base.py [base_get_text:66] - 正在对：('xpath', '(//p[@class="name-right"])[5]')元素获取文本操作！获取的文本值：北京大学第六医院
2021-02-07 17:52:57,055 INFO [root] [test04_admin_create_doctor.py [test_admin_create_doctor:136] - 数据库查询创建时间为：(('2021-02-07 17:49:54',),)
2021-02-07 17:52:57,055 INFO [root] [base.py [base_find_element:21] - 正在查找元素：('xpath', '(//p[@class="name-right"])[6]')
2021-02-07 17:52:57,069 INFO [root] [base.py [base_get_text:66] - 正在对：('xpath', '(//p[@class="name-right"])[6]')元素获取文本操作！获取的文本值：2021-02-07 17:49:54
2021-02-07 17:52:58,071 INFO [root] [base.py [base_find_element:21] - 正在查找元素：('xpath', '//div[text()="医生"]')
2021-02-07 17:52:59,166 INFO [root] [base.py [base_click:37] - 正在对：('xpath', '//div[text()="医生"]')元素执行点击操作！
2021-02-07 17:53:01,174 INFO [root] [base.py [base_find_element:21] - 正在查找元素：('xpath', '//div[contains(text(),"创建医生")]')
2021-02-07 17:53:01,360 INFO [root] [base.py [base_click:37] - 正在对：('xpath', '//div[contains(text(),"创建医生")]')元素执行点击操作！
2021-02-07 17:53:01,360 INFO [root] [base.py [base_find_element:21] - 正在查找元素：('xpath', '//input[@placeholder="输入医生姓名"]')
2021-02-07 17:53:01,367 INFO [root] [base.py [base_input:44] - 正在对：('xpath', '//input[@placeholder="输入医生姓名"]')元素执行清空操作！
2021-02-07 17:53:01,386 INFO [root] [base.py [base_input:47] - 正在对：('xpath', '//input[@placeholder="输入医生姓名"]')元素执行输入：测试创建0002
2021-02-07 17:53:01,465 INFO [root] [base.py [base_find_element:21] - 正在查找元素：('xpath', '//input[@placeholder="输入医生身份证号"]')
2021-02-07 17:53:01,480 INFO [root] [base.py [base_input:44] - 正在对：('xpath', '//input[@placeholder="输入医生身份证号"]')元素执行清空操作！
2021-02-07 17:53:01,499 INFO [root] [base.py [base_input:47] - 正在对：('xpath', '//input[@placeholder="输入医生身份证号"]')元素执行输入：110101199005104908
2021-02-07 17:53:01,617 INFO [root] [base.py [base_find_element:21] - 正在查找元素：('xpath', '//button[@class="admincreate-button Universal"]')
2021-02-07 17:53:01,666 INFO [root] [base.py [base_click:37] - 正在对：('xpath', '//button[@class="admincreate-button Universal"]')元素执行点击操作！
2021-02-07 17:53:04,670 INFO [root] [base.py [base_find_element:21] - 正在查找元素：('xpath', '//p[@class="error-center"]')
2021-02-07 17:53:04,684 INFO [root] [base.py [base_get_text:66] - 正在对：('xpath', '//p[@class="error-center"]')元素获取文本操作！获取的文本值：系统中已存在此身份证号的医生,请确认
2021-02-07 17:53:04,685 INFO [root] [base.py [base_find_element:21] - 正在查找元素：('xpath', '//img[@class="postionImage"]')
2021-02-07 17:53:05,012 INFO [root] [base.py [base_click:37] - 正在对：('xpath', '//img[@class="postionImage"]')元素执行点击操作！
2021-02-07 17:53:06,831 INFO [root] [test04_admin_create_doctor.py [test_admin_create_doctor:162] - 删除关联
2021-02-07 17:53:08,137 INFO [root] [test04_admin_create_doctor.py [test_admin_create_doctor:164] - 删除创建的数据
2021-02-07 17:53:22,715 INFO [root] [base.py [__init__:17] - 正在获取driver：<selenium.webdriver.chrome.webdriver.WebDriver (session="90e86bfd55798f35982e5fbb17240ef6")>
2021-02-07 17:53:22,715 INFO [root] [base.py [base_find_element:21] - 正在查找元素：('xpath', '//input')
2021-02-07 17:53:22,722 INFO [root] [base.py [base_input:44] - 正在对：('xpath', '//input')元素执行清空操作！
2021-02-07 17:53:22,754 INFO [root] [base.py [base_input:47] - 正在对：('xpath', '//input')元素执行输入：111111Aa
2021-02-07 17:53:23,838 INFO [root] [base.py [base_find_element:21] - 正在查找元素：('xpath', '//button')
2021-02-07 17:53:23,888 INFO [root] [base.py [base_click:37] - 正在对：('xpath', '//button')元素执行点击操作！
2021-02-07 17:53:23,889 INFO [root] [base.py [__init__:17] - 正在获取driver：<selenium.webdriver.chrome.webdriver.WebDriver (session="90e86bfd55798f35982e5fbb17240ef6")>
2021-02-07 17:53:23,890 INFO [root] [base.py [base_find_element:21] - 正在查找元素：('xpath', '//input[@placeholder="创建日期"]')
2021-02-07 17:53:26,585 INFO [root] [base.py [base_click:37] - 正在对：('xpath', '//input[@placeholder="创建日期"]')元素执行点击操作！
2021-02-07 17:53:27,586 INFO [root] [base.py [base_find_element:21] - 正在查找元素：('xpath', '//span[contains(text(),"按姓名拼写排序")]')
2021-02-07 17:53:28,056 INFO [root] [base.py [base_click:37] - 正在对：('xpath', '//span[contains(text(),"按姓名拼写排序")]')元素执行点击操作！
2021-02-07 17:53:29,061 INFO [root] [base.py [base_find_element:21] - 正在查找元素：('xpath', '//input[@placeholder="升序"]')
2021-02-07 17:53:29,320 INFO [root] [base.py [base_click:37] - 正在对：('xpath', '//input[@placeholder="升序"]')元素执行点击操作！
2021-02-07 17:53:30,322 INFO [root] [base.py [base_find_element:21] - 正在查找元素：('xpath', '//span[contains(text(),"升序")]')
2021-02-07 17:53:30,376 INFO [root] [base.py [base_click:37] - 正在对：('xpath', '//span[contains(text(),"升序")]')元素执行点击操作！
2021-02-07 17:53:34,415 INFO [root] [base.py [base_find_element:21] - 正在查找元素：('xpath', '((//tr[@class="el-table__row"])[1]/td)[1]/div')
2021-02-07 17:53:34,431 INFO [root] [base.py [base_get_text:66] - 正在对：('xpath', '((//tr[@class="el-table__row"])[1]/td)[1]/div')元素获取文本操作！获取的文本值：beauty1111
2021-02-07 17:53:34,431 INFO [root] [base.py [base_find_element:21] - 正在查找元素：('xpath', '((//tr[@class="el-table__row"])[2]/td)[1]/div')
2021-02-07 17:53:34,445 INFO [root] [base.py [base_get_text:66] - 正在对：('xpath', '((//tr[@class="el-table__row"])[2]/td)[1]/div')元素获取文本操作！获取的文本值：denson
2021-02-07 17:53:34,445 INFO [root] [base.py [base_find_element:21] - 正在查找元素：('xpath', '((//tr[@class="el-table__row"])[3]/td)[1]/div')
2021-02-07 17:53:34,460 INFO [root] [base.py [base_get_text:66] - 正在对：('xpath', '((//tr[@class="el-table__row"])[3]/td)[1]/div')元素获取文本操作！获取的文本值：Jm196
2021-02-07 17:53:34,463 INFO [root] [base.py [base_find_element:21] - 正在查找元素：('xpath', '//input[@placeholder="创建日期"]')
2021-02-07 17:53:34,683 INFO [root] [base.py [base_click:37] - 正在对：('xpath', '//input[@placeholder="创建日期"]')元素执行点击操作！
2021-02-07 17:53:35,685 INFO [root] [base.py [base_find_element:21] - 正在查找元素：('xpath', '//span[contains(text(),"按姓名拼写排序")]')
2021-02-07 17:53:35,733 INFO [root] [base.py [base_click:37] - 正在对：('xpath', '//span[contains(text(),"按姓名拼写排序")]')元素执行点击操作！
2021-02-07 17:53:36,735 INFO [root] [base.py [base_find_element:21] - 正在查找元素：('xpath', '//input[@placeholder="升序"]')
2021-02-07 17:53:36,767 INFO [root] [base.py [base_click:37] - 正在对：('xpath', '//input[@placeholder="升序"]')元素执行点击操作！
2021-02-07 17:53:37,769 INFO [root] [base.py [base_find_element:21] - 正在查找元素：('xpath', '//span[contains(text(),"降序")]')
2021-02-07 17:53:38,571 INFO [root] [base.py [base_click:37] - 正在对：('xpath', '//span[contains(text(),"降序")]')元素执行点击操作！
2021-02-07 17:53:43,646 INFO [root] [base.py [base_find_element:21] - 正在查找元素：('xpath', '((//tr[@class="el-table__row"])[1]/td)[1]/div')
2021-02-07 17:53:43,656 INFO [root] [base.py [base_get_text:66] - 正在对：('xpath', '((//tr[@class="el-table__row"])[1]/td)[1]/div')元素获取文本操作！获取的文本值：左001
2021-02-07 17:53:43,656 INFO [root] [base.py [base_find_element:21] - 正在查找元素：('xpath', '((//tr[@class="el-table__row"])[2]/td)[1]/div')
2021-02-07 17:53:43,665 INFO [root] [base.py [base_get_text:66] - 正在对：('xpath', '((//tr[@class="el-table__row"])[2]/td)[1]/div')元素获取文本操作！获取的文本值：整体测试02-10.2
2021-02-07 17:53:43,665 INFO [root] [base.py [base_find_element:21] - 正在查找元素：('xpath', '((//tr[@class="el-table__row"])[3]/td)[1]/div')
2021-02-07 17:53:43,673 INFO [root] [base.py [base_get_text:66] - 正在对：('xpath', '((//tr[@class="el-table__row"])[3]/td)[1]/div')元素获取文本操作！获取的文本值：整体测试01
2021-02-07 17:53:43,676 INFO [root] [base.py [base_find_element:21] - 正在查找元素：('xpath', '//input[@placeholder="创建日期"]')
2021-02-07 17:53:43,916 INFO [root] [base.py [base_click:37] - 正在对：('xpath', '//input[@placeholder="创建日期"]')元素执行点击操作！
2021-02-07 17:53:44,918 INFO [root] [base.py [base_find_element:21] - 正在查找元素：('xpath', '//span[contains(text(),"按创建日期排序")]')
2021-02-07 17:53:45,701 INFO [root] [base.py [base_click:37] - 正在对：('xpath', '//span[contains(text(),"按创建日期排序")]')元素执行点击操作！
2021-02-07 17:53:46,702 INFO [root] [base.py [base_find_element:21] - 正在查找元素：('xpath', '//input[@placeholder="升序"]')
2021-02-07 17:53:46,752 INFO [root] [base.py [base_click:37] - 正在对：('xpath', '//input[@placeholder="升序"]')元素执行点击操作！
2021-02-07 17:53:47,754 INFO [root] [base.py [base_find_element:21] - 正在查找元素：('xpath', '//span[contains(text(),"升序")]')
2021-02-07 17:53:48,508 INFO [root] [base.py [base_click:37] - 正在对：('xpath', '//span[contains(text(),"升序")]')元素执行点击操作！
2021-02-07 17:53:52,585 INFO [root] [base.py [base_find_element:21] - 正在查找元素：('xpath', '((//tr[@class="el-table__row"])[1]/td)[1]/div')
2021-02-07 17:53:52,595 INFO [root] [base.py [base_get_text:66] - 正在对：('xpath', '((//tr[@class="el-table__row"])[1]/td)[1]/div')元素获取文本操作！获取的文本值：回归测试007
2021-02-07 17:53:52,595 INFO [root] [base.py [base_find_element:21] - 正在查找元素：('xpath', '((//tr[@class="el-table__row"])[2]/td)[1]/div')
2021-02-07 17:53:52,623 INFO [root] [base.py [base_get_text:66] - 正在对：('xpath', '((//tr[@class="el-table__row"])[2]/td)[1]/div')元素获取文本操作！获取的文本值：回归测试005
2021-02-07 17:53:52,623 INFO [root] [base.py [base_find_element:21] - 正在查找元素：('xpath', '((//tr[@class="el-table__row"])[3]/td)[1]/div')
2021-02-07 17:53:52,634 INFO [root] [base.py [base_get_text:66] - 正在对：('xpath', '((//tr[@class="el-table__row"])[3]/td)[1]/div')元素获取文本操作！获取的文本值：回归测试006
2021-02-07 17:53:52,637 INFO [root] [base.py [base_find_element:21] - 正在查找元素：('xpath', '//input[@placeholder="创建日期"]')
2021-02-07 17:53:52,859 INFO [root] [base.py [base_click:37] - 正在对：('xpath', '//input[@placeholder="创建日期"]')元素执行点击操作！
2021-02-07 17:53:53,861 INFO [root] [base.py [base_find_element:21] - 正在查找元素：('xpath', '//span[contains(text(),"按创建日期排序")]')
2021-02-07 17:53:53,908 INFO [root] [base.py [base_click:37] - 正在对：('xpath', '//span[contains(text(),"按创建日期排序")]')元素执行点击操作！
2021-02-07 17:53:54,910 INFO [root] [base.py [base_find_element:21] - 正在查找元素：('xpath', '//input[@placeholder="升序"]')
2021-02-07 17:53:54,962 INFO [root] [base.py [base_click:37] - 正在对：('xpath', '//input[@placeholder="升序"]')元素执行点击操作！
2021-02-07 17:53:55,964 INFO [root] [base.py [base_find_element:21] - 正在查找元素：('xpath', '//span[contains(text(),"降序")]')
2021-02-07 17:53:56,744 INFO [root] [base.py [base_click:37] - 正在对：('xpath', '//span[contains(text(),"降序")]')元素执行点击操作！
2021-02-07 17:54:00,821 INFO [root] [base.py [base_find_element:21] - 正在查找元素：('xpath', '((//tr[@class="el-table__row"])[1]/td)[1]/div')
2021-02-07 17:54:00,832 INFO [root] [base.py [base_get_text:66] - 正在对：('xpath', '((//tr[@class="el-table__row"])[1]/td)[1]/div')元素获取文本操作！获取的文本值：李海
2021-02-07 17:54:00,832 INFO [root] [base.py [base_find_element:21] - 正在查找元素：('xpath', '((//tr[@class="el-table__row"])[2]/td)[1]/div')
2021-02-07 17:54:00,841 INFO [root] [base.py [base_get_text:66] - 正在对：('xpath', '((//tr[@class="el-table__row"])[2]/td)[1]/div')元素获取文本操作！获取的文本值：李医生
2021-02-07 17:54:00,841 INFO [root] [base.py [base_find_element:21] - 正在查找元素：('xpath', '((//tr[@class="el-table__row"])[3]/td)[1]/div')
2021-02-07 17:54:00,850 INFO [root] [base.py [base_get_text:66] - 正在对：('xpath', '((//tr[@class="el-table__row"])[3]/td)[1]/div')元素获取文本操作！获取的文本值：刘筱筱
2021-02-07 17:54:12,233 INFO [root] [base.py [__init__:17] - 正在获取driver：<selenium.webdriver.chrome.webdriver.WebDriver (session="4ab5d215e086fa66ad63b6b2fed2c918")>
2021-02-07 17:54:12,233 INFO [root] [base.py [base_find_element:21] - 正在查找元素：('xpath', '//input')
2021-02-07 17:54:12,251 INFO [root] [base.py [base_input:44] - 正在对：('xpath', '//input')元素执行清空操作！
2021-02-07 17:54:12,280 INFO [root] [base.py [base_input:47] - 正在对：('xpath', '//input')元素执行输入：111111Aa
2021-02-07 17:54:13,371 INFO [root] [base.py [base_find_element:21] - 正在查找元素：('xpath', '//button')
2021-02-07 17:54:13,421 INFO [root] [base.py [base_click:37] - 正在对：('xpath', '//button')元素执行点击操作！
2021-02-07 17:54:13,421 INFO [root] [base.py [__init__:17] - 正在获取driver：<selenium.webdriver.chrome.webdriver.WebDriver (session="4ab5d215e086fa66ad63b6b2fed2c918")>
2021-02-07 17:54:13,421 INFO [root] [base.py [base_find_element:21] - 正在查找元素：('xpath', '//div[contains(text(),"创建医生")]')
2021-02-07 17:54:27,695 INFO [root] [base.py [__init__:17] - 正在获取driver：<selenium.webdriver.chrome.webdriver.WebDriver (session="bcd7528af65aeb08a6a0ba34508f65fe")>
2021-02-07 17:54:27,695 INFO [root] [base.py [base_find_element:21] - 正在查找元素：('xpath', '//input')
2021-02-07 17:54:27,713 INFO [root] [base.py [base_input:44] - 正在对：('xpath', '//input')元素执行清空操作！
2021-02-07 17:54:27,743 INFO [root] [base.py [base_input:47] - 正在对：('xpath', '//input')元素执行输入：111111Aa
2021-02-07 17:54:28,824 INFO [root] [base.py [base_find_element:21] - 正在查找元素：('xpath', '//button')
2021-02-07 17:54:28,887 INFO [root] [base.py [base_click:37] - 正在对：('xpath', '//button')元素执行点击操作！
2021-02-07 17:54:28,887 INFO [root] [base.py [__init__:17] - 正在获取driver：<selenium.webdriver.chrome.webdriver.WebDriver (session="bcd7528af65aeb08a6a0ba34508f65fe")>
2021-02-07 17:54:28,887 INFO [root] [base.py [__init__:17] - 正在获取driver：<selenium.webdriver.chrome.webdriver.WebDriver (session="bcd7528af65aeb08a6a0ba34508f65fe")>
2021-02-07 17:54:28,888 INFO [root] [base.py [__init__:17] - 正在获取driver：<selenium.webdriver.chrome.webdriver.WebDriver (session="bcd7528af65aeb08a6a0ba34508f65fe")>
2021-02-07 17:54:30,892 INFO [root] [base.py [base_find_element:21] - 正在查找元素：('xpath', '//div[contains(text(),"创建医生")]')
2021-02-07 17:54:31,539 INFO [root] [base.py [base_click:37] - 正在对：('xpath', '//div[contains(text(),"创建医生")]')元素执行点击操作！
2021-02-07 17:54:31,539 INFO [root] [base.py [base_find_element:21] - 正在查找元素：('xpath', '//input[@placeholder="输入医生姓名"]')
2021-02-07 17:54:31,546 INFO [root] [base.py [base_input:44] - 正在对：('xpath', '//input[@placeholder="输入医生姓名"]')元素执行清空操作！
2021-02-07 17:54:31,565 INFO [root] [base.py [base_input:47] - 正在对：('xpath', '//input[@placeholder="输入医生姓名"]')元素执行输入：详情001
2021-02-07 17:54:31,630 INFO [root] [base.py [base_find_element:21] - 正在查找元素：('xpath', '//input[@placeholder="输入医生身份证号"]')
2021-02-07 17:54:31,637 INFO [root] [base.py [base_input:44] - 正在对：('xpath', '//input[@placeholder="输入医生身份证号"]')元素执行清空操作！
2021-02-07 17:54:31,655 INFO [root] [base.py [base_input:47] - 正在对：('xpath', '//input[@placeholder="输入医生身份证号"]')元素执行输入：110101194011303273
2021-02-07 17:54:31,897 INFO [root] [base.py [base_find_element:21] - 正在查找元素：('xpath', '//button[@class="admincreate-button Universal"]')
2021-02-07 17:54:33,036 INFO [root] [base.py [base_click:37] - 正在对：('xpath', '//button[@class="admincreate-button Universal"]')元素执行点击操作！
2021-02-07 17:54:35,246 INFO [root] [test07_admin_doctor_detail_change.py [test_admin_doctor_detail_change:85] - 账号激活，身份证号为：110101194011303273
2021-02-07 17:54:37,249 INFO [root] [base.py [base_find_element:21] - 正在查找元素：('xpath', '((//tr[@class="el-table__row"])[1]/td)[5]/div/img')
2021-02-07 17:54:38,154 INFO [root] [base.py [base_click:37] - 正在对：('xpath', '((//tr[@class="el-table__row"])[1]/td)[5]/div/img')元素执行点击操作！
2021-02-07 17:54:39,155 INFO [root] [base.py [base_find_element:21] - 正在查找元素：('xpath', '(//p[@class="name-right"])[1]/button')
2021-02-07 17:54:39,442 INFO [root] [base.py [base_click:37] - 正在对：('xpath', '(//p[@class="name-right"])[1]/button')元素执行点击操作！
2021-02-07 17:54:40,443 INFO [root] [base.py [base_find_element:21] - 正在查找元素：('xpath', '//input[@placeholder="输入姓名"]')
2021-02-07 17:54:40,450 INFO [root] [base.py [base_send_input:55] - 正在对：('xpath', '//input[@placeholder="输入姓名"]')元素执行清空操作！
2021-02-07 17:54:40,520 INFO [root] [base.py [base_send_input:60] - 正在对：('xpath', '//input[@placeholder="输入姓名"]')元素执行输入：详情已激活001
2021-02-07 17:54:41,558 INFO [root] [base.py [base_find_element:21] - 正在查找元素：('xpath', '(//button[@class="mainbutton"])[1]')
2021-02-07 17:54:41,607 INFO [root] [base.py [base_click:37] - 正在对：('xpath', '(//button[@class="mainbutton"])[1]')元素执行点击操作！
2021-02-07 17:54:42,609 INFO [root] [base.py [base_find_element:21] - 正在查找元素：('xpath', '(//p[@class="name-right"])[1]')
2021-02-07 17:54:42,640 INFO [root] [base.py [base_get_text:66] - 正在对：('xpath', '(//p[@class="name-right"])[1]')元素获取文本操作！获取的文本值：详情已激活001 修改
2021-02-07 17:54:42,640 INFO [root] [page_admin_doctor_detail.py [page_admin_doctor_detail_get_name:18] - 获取的医生姓名为：详情已激活001
2021-02-07 17:54:43,643 INFO [root] [base.py [base_find_element:21] - 正在查找元素：('xpath', '(//p[@class="name-right"])[4]/button')
2021-02-07 17:54:43,839 INFO [root] [base.py [base_click:37] - 正在对：('xpath', '(//p[@class="name-right"])[4]/button')元素执行点击操作！
2021-02-07 17:54:44,841 INFO [root] [base.py [base_find_element:21] - 正在查找元素：('xpath', '//input[@placeholder="输入手机号"]')
2021-02-07 17:54:44,850 INFO [root] [base.py [base_input:44] - 正在对：('xpath', '//input[@placeholder="输入手机号"]')元素执行清空操作！
2021-02-07 17:54:44,871 INFO [root] [base.py [base_input:47] - 正在对：('xpath', '//input[@placeholder="输入手机号"]')元素执行输入：15901242712
2021-02-07 17:54:45,977 INFO [root] [base.py [base_find_element:21] - 正在查找元素：('xpath', '(//div[@class="bottom-center"])[2]/button')
2021-02-07 17:54:46,028 INFO [root] [base.py [base_click:37] - 正在对：('xpath', '(//div[@class="bottom-center"])[2]/button')元素执行点击操作！
2021-02-07 17:54:47,029 INFO [root] [base.py [base_find_element:21] - 正在查找元素：('xpath', '(//p[@class="name-right"])[4]/span[2]')
2021-02-07 17:54:47,094 INFO [root] [base.py [base_get_text:66] - 正在对：('xpath', '(//p[@class="name-right"])[4]/span[2]')元素获取文本操作！获取的文本值：15901242712
2021-02-07 17:54:48,096 INFO [root] [base.py [base_find_element:21] - 正在查找元素：('xpath', '(//p[@class="name-right"])[7]/button')
2021-02-07 17:54:48,290 INFO [root] [base.py [base_click:37] - 正在对：('xpath', '(//p[@class="name-right"])[7]/button')元素执行点击操作！
2021-02-07 17:54:49,292 INFO [root] [base.py [base_find_element:21] - 正在查找元素：('xpath', '//textarea')
2021-02-07 17:54:49,299 INFO [root] [base.py [base_send_input:55] - 正在对：('xpath', '//textarea')元素执行清空操作！
2021-02-07 17:54:49,355 INFO [root] [base.py [base_send_input:60] - 正在对：('xpath', '//textarea')元素执行输入：修改备注001
2021-02-07 17:54:50,379 INFO [root] [base.py [base_find_element:21] - 正在查找元素：('xpath', '(//div[@class="bottom-center"])[3]/button')
2021-02-07 17:54:50,432 INFO [root] [base.py [base_click:37] - 正在对：('xpath', '(//div[@class="bottom-center"])[3]/button')元素执行点击操作！
2021-02-07 17:54:51,435 INFO [root] [base.py [base_find_element:21] - 正在查找元素：('xpath', '(//p[@class="name-right"])[7]/span')
2021-02-07 17:54:51,479 INFO [root] [base.py [base_get_text:66] - 正在对：('xpath', '(//p[@class="name-right"])[7]/span')元素获取文本操作！获取的文本值：修改备注001
2021-02-07 17:54:53,781 INFO [root] [test07_admin_doctor_detail_change.py [test_admin_doctor_detail_change:138] - 删除关联
2021-02-07 17:54:55,092 INFO [root] [test07_admin_doctor_detail_change.py [test_admin_doctor_detail_change:140] - 删除创建的数据
2021-02-07 17:54:56,094 INFO [root] [base.py [base_find_element:21] - 正在查找元素：('xpath', '//div[text()="医生"]')
2021-02-07 17:54:57,399 INFO [root] [base.py [base_click:37] - 正在对：('xpath', '//div[text()="医生"]')元素执行点击操作！
2021-02-07 17:54:59,420 INFO [root] [base.py [base_find_element:21] - 正在查找元素：('xpath', '//div[contains(text(),"创建医生")]')
2021-02-07 17:54:59,617 INFO [root] [base.py [base_click:37] - 正在对：('xpath', '//div[contains(text(),"创建医生")]')元素执行点击操作！
2021-02-07 17:54:59,617 INFO [root] [base.py [base_find_element:21] - 正在查找元素：('xpath', '//input[@placeholder="输入医生姓名"]')
2021-02-07 17:54:59,624 INFO [root] [base.py [base_input:44] - 正在对：('xpath', '//input[@placeholder="输入医生姓名"]')元素执行清空操作！
2021-02-07 17:54:59,646 INFO [root] [base.py [base_input:47] - 正在对：('xpath', '//input[@placeholder="输入医生姓名"]')元素执行输入：详情002
2021-02-07 17:54:59,702 INFO [root] [base.py [base_find_element:21] - 正在查找元素：('xpath', '//input[@placeholder="输入医生身份证号"]')
2021-02-07 17:54:59,709 INFO [root] [base.py [base_input:44] - 正在对：('xpath', '//input[@placeholder="输入医生身份证号"]')元素执行清空操作！
2021-02-07 17:54:59,728 INFO [root] [base.py [base_input:47] - 正在对：('xpath', '//input[@placeholder="输入医生身份证号"]')元素执行输入：110101194011300451
2021-02-07 17:54:59,860 INFO [root] [base.py [base_find_element:21] - 正在查找元素：('xpath', '//button[@class="admincreate-button Universal"]')
2021-02-07 17:54:59,914 INFO [root] [base.py [base_click:37] - 正在对：('xpath', '//button[@class="admincreate-button Universal"]')元素执行点击操作！
2021-02-07 17:55:02,203 INFO [root] [test07_admin_doctor_detail_change.py [test_admin_doctor_detail_change:85] - 账号激活，身份证号为：110101194011300451
2021-02-07 17:55:04,206 INFO [root] [base.py [base_find_element:21] - 正在查找元素：('xpath', '((//tr[@class="el-table__row"])[1]/td)[5]/div/img')
2021-02-07 17:55:05,115 INFO [root] [base.py [base_click:37] - 正在对：('xpath', '((//tr[@class="el-table__row"])[1]/td)[5]/div/img')元素执行点击操作！
2021-02-07 17:55:06,117 INFO [root] [base.py [base_find_element:21] - 正在查找元素：('xpath', '(//p[@class="name-right"])[1]/button')
2021-02-07 17:55:06,511 INFO [root] [base.py [base_click:37] - 正在对：('xpath', '(//p[@class="name-right"])[1]/button')元素执行点击操作！
2021-02-07 17:55:07,513 INFO [root] [base.py [base_find_element:21] - 正在查找元素：('xpath', '//input[@placeholder="输入姓名"]')
2021-02-07 17:55:07,517 INFO [root] [base.py [base_send_input:55] - 正在对：('xpath', '//input[@placeholder="输入姓名"]')元素执行清空操作！
2021-02-07 17:55:07,588 INFO [root] [base.py [base_send_input:60] - 正在对：('xpath', '//input[@placeholder="输入姓名"]')元素执行输入：详情已激活002
2021-02-07 17:55:08,616 INFO [root] [base.py [base_find_element:21] - 正在查找元素：('xpath', '(//button[@class="mainbutton"])[1]')
2021-02-07 17:55:08,664 INFO [root] [base.py [base_click:37] - 正在对：('xpath', '(//button[@class="mainbutton"])[1]')元素执行点击操作！
2021-02-07 17:55:09,665 INFO [root] [base.py [base_find_element:21] - 正在查找元素：('xpath', '(//p[@class="name-right"])[1]')
2021-02-07 17:55:09,681 INFO [root] [base.py [base_get_text:66] - 正在对：('xpath', '(//p[@class="name-right"])[1]')元素获取文本操作！获取的文本值：详情已激活002 修改
2021-02-07 17:55:09,681 INFO [root] [page_admin_doctor_detail.py [page_admin_doctor_detail_get_name:18] - 获取的医生姓名为：详情已激活002
2021-02-07 17:55:10,683 INFO [root] [base.py [base_find_element:21] - 正在查找元素：('xpath', '(//p[@class="name-right"])[4]/button')
2021-02-07 17:55:11,456 INFO [root] [base.py [base_click:37] - 正在对：('xpath', '(//p[@class="name-right"])[4]/button')元素执行点击操作！
2021-02-07 17:55:12,458 INFO [root] [base.py [base_find_element:21] - 正在查找元素：('xpath', '//input[@placeholder="输入手机号"]')
2021-02-07 17:55:12,463 INFO [root] [base.py [base_input:44] - 正在对：('xpath', '//input[@placeholder="输入手机号"]')元素执行清空操作！
2021-02-07 17:55:12,485 INFO [root] [base.py [base_input:47] - 正在对：('xpath', '//input[@placeholder="输入手机号"]')元素执行输入：15901242713
2021-02-07 17:55:13,582 INFO [root] [base.py [base_find_element:21] - 正在查找元素：('xpath', '(//div[@class="bottom-center"])[2]/button')
2021-02-07 17:55:13,630 INFO [root] [base.py [base_click:37] - 正在对：('xpath', '(//div[@class="bottom-center"])[2]/button')元素执行点击操作！
2021-02-07 17:55:14,632 INFO [root] [base.py [base_find_element:21] - 正在查找元素：('xpath', '(//div[@class="bottom-center"])[2]/preceding-sibling::p')
2021-02-07 17:55:14,647 INFO [root] [base.py [base_get_text:66] - 正在对：('xpath', '(//div[@class="bottom-center"])[2]/preceding-sibling::p')元素获取文本操作！获取的文本值：手机号已经存在
2021-02-07 17:55:14,647 INFO [root] [base.py [base_find_element:21] - 正在查找元素：('xpath', '(//img)[3]')
2021-02-07 17:55:15,145 INFO [root] [base.py [base_click:37] - 正在对：('xpath', '(//img)[3]')元素执行点击操作！
2021-02-07 17:55:16,147 INFO [root] [base.py [base_find_element:21] - 正在查找元素：('xpath', '(//p[@class="name-right"])[7]/button')
2021-02-07 17:55:16,349 INFO [root] [base.py [base_click:37] - 正在对：('xpath', '(//p[@class="name-right"])[7]/button')元素执行点击操作！
2021-02-07 17:55:17,351 INFO [root] [base.py [base_find_element:21] - 正在查找元素：('xpath', '//textarea')
2021-02-07 17:55:17,356 INFO [root] [base.py [base_send_input:55] - 正在对：('xpath', '//textarea')元素执行清空操作！
2021-02-07 17:55:17,412 INFO [root] [base.py [base_send_input:60] - 正在对：('xpath', '//textarea')元素执行输入：修改备注002
2021-02-07 17:55:18,446 INFO [root] [base.py [base_find_element:21] - 正在查找元素：('xpath', '(//div[@class="bottom-center"])[3]/button')
2021-02-07 17:55:18,493 INFO [root] [base.py [base_click:37] - 正在对：('xpath', '(//div[@class="bottom-center"])[3]/button')元素执行点击操作！
2021-02-07 17:55:19,497 INFO [root] [base.py [base_find_element:21] - 正在查找元素：('xpath', '(//p[@class="name-right"])[7]/span')
2021-02-07 17:55:19,512 INFO [root] [base.py [base_get_text:66] - 正在对：('xpath', '(//p[@class="name-right"])[7]/span')元素获取文本操作！获取的文本值：修改备注002
2021-02-07 17:55:21,732 INFO [root] [test07_admin_doctor_detail_change.py [test_admin_doctor_detail_change:138] - 删除关联
2021-02-07 17:55:23,042 INFO [root] [test07_admin_doctor_detail_change.py [test_admin_doctor_detail_change:140] - 删除创建的数据
2021-02-07 17:55:24,043 INFO [root] [base.py [base_find_element:21] - 正在查找元素：('xpath', '//div[text()="医生"]')
2021-02-07 17:55:24,852 INFO [root] [base.py [base_click:37] - 正在对：('xpath', '//div[text()="医生"]')元素执行点击操作！
2021-02-07 17:55:35,698 INFO [root] [base.py [__init__:17] - 正在获取driver：<selenium.webdriver.chrome.webdriver.WebDriver (session="02a0959713517c1c9c069f2bc9e3717e")>
2021-02-07 17:55:35,698 INFO [root] [base.py [base_find_element:21] - 正在查找元素：('xpath', '//input')
2021-02-07 17:55:35,716 INFO [root] [base.py [base_input:44] - 正在对：('xpath', '//input')元素执行清空操作！
2021-02-07 17:55:35,747 INFO [root] [base.py [base_input:47] - 正在对：('xpath', '//input')元素执行输入：111111Aa
2021-02-07 17:55:36,841 INFO [root] [base.py [base_find_element:21] - 正在查找元素：('xpath', '//button')
2021-02-07 17:55:38,022 INFO [root] [base.py [base_click:37] - 正在对：('xpath', '//button')元素执行点击操作！
2021-02-07 17:55:38,022 INFO [root] [base.py [__init__:17] - 正在获取driver：<selenium.webdriver.chrome.webdriver.WebDriver (session="02a0959713517c1c9c069f2bc9e3717e")>
2021-02-07 17:55:38,023 INFO [root] [base.py [__init__:17] - 正在获取driver：<selenium.webdriver.chrome.webdriver.WebDriver (session="02a0959713517c1c9c069f2bc9e3717e")>
2021-02-07 17:55:38,023 INFO [root] [base.py [__init__:17] - 正在获取driver：<selenium.webdriver.chrome.webdriver.WebDriver (session="02a0959713517c1c9c069f2bc9e3717e")>
2021-02-07 17:55:38,024 INFO [root] [base.py [base_find_element:21] - 正在查找元素：('xpath', '//div[contains(text(),"创建医生")]')
2021-02-07 17:55:39,576 INFO [root] [base.py [base_click:37] - 正在对：('xpath', '//div[contains(text(),"创建医生")]')元素执行点击操作！
2021-02-07 17:55:39,576 INFO [root] [base.py [base_find_element:21] - 正在查找元素：('xpath', '//input[@placeholder="输入医生姓名"]')
2021-02-07 17:55:39,595 INFO [root] [base.py [base_input:44] - 正在对：('xpath', '//input[@placeholder="输入医生姓名"]')元素执行清空操作！
2021-02-07 17:55:39,626 INFO [root] [base.py [base_input:47] - 正在对：('xpath', '//input[@placeholder="输入医生姓名"]')元素执行输入：详情冻结001
2021-02-07 17:55:39,760 INFO [root] [base.py [base_find_element:21] - 正在查找元素：('xpath', '//input[@placeholder="输入医生身份证号"]')
2021-02-07 17:55:39,767 INFO [root] [base.py [base_input:44] - 正在对：('xpath', '//input[@placeholder="输入医生身份证号"]')元素执行清空操作！
2021-02-07 17:55:39,808 INFO [root] [base.py [base_input:47] - 正在对：('xpath', '//input[@placeholder="输入医生身份证号"]')元素执行输入：110101194011300873
2021-02-07 17:55:40,018 INFO [root] [base.py [base_find_element:21] - 正在查找元素：('xpath', '//button[@class="admincreate-button Universal"]')
2021-02-07 17:55:41,228 INFO [root] [base.py [base_click:37] - 正在对：('xpath', '//button[@class="admincreate-button Universal"]')元素执行点击操作！
2021-02-07 17:55:43,492 INFO [root] [test08_admin_doctor_detail_frozen.py [test_admin_doctor_detail_frozen:75] - 账号激活，身份证号为：110101194011300873
2021-02-07 17:55:45,495 INFO [root] [base.py [base_find_element:21] - 正在查找元素：('xpath', '((//tr[@class="el-table__row"])[1]/td)[5]/div/img')
2021-02-07 17:55:46,304 INFO [root] [base.py [base_click:37] - 正在对：('xpath', '((//tr[@class="el-table__row"])[1]/td)[5]/div/img')元素执行点击操作！
2021-02-07 17:55:47,309 INFO [root] [base.py [base_find_element:21] - 正在查找元素：('xpath', '//button[contains(text(),"冻结医生")]')
2021-02-07 17:55:47,324 INFO [root] [base.py [base_get_text:66] - 正在对：('xpath', '//button[contains(text(),"冻结医生")]')元素获取文本操作！获取的文本值：冻结医生
2021-02-07 17:55:47,324 INFO [root] [base.py [base_find_element:21] - 正在查找元素：('xpath', '//button[contains(text(),"冻结医生")]')
2021-02-07 17:55:47,832 INFO [root] [base.py [base_click:37] - 正在对：('xpath', '//button[contains(text(),"冻结医生")]')元素执行点击操作！
2021-02-07 17:55:48,834 INFO [root] [base.py [base_find_element:21] - 正在查找元素：('xpath', '(//button[contains(text(),"冻结")])[3]')
2021-02-07 17:55:48,880 INFO [root] [base.py [base_click:37] - 正在对：('xpath', '(//button[contains(text(),"冻结")])[3]')元素执行点击操作！
2021-02-07 17:55:50,883 INFO [root] [base.py [base_find_element:21] - 正在查找元素：('xpath', '(//h6/following-sibling::span)[2]')
2021-02-07 17:55:50,899 INFO [root] [base.py [base_get_text:66] - 正在对：('xpath', '(//h6/following-sibling::span)[2]')元素获取文本操作！获取的文本值：（账号冻结中）
2021-02-07 17:55:50,899 INFO [root] [base.py [base_find_element:21] - 正在查找元素：('xpath', '//button[contains(text(),"解除冻结")]')
2021-02-07 17:55:51,090 INFO [root] [base.py [base_click:37] - 正在对：('xpath', '//button[contains(text(),"解除冻结")]')元素执行点击操作！
2021-02-07 17:55:52,092 INFO [root] [base.py [base_find_element:21] - 正在查找元素：('xpath', '//button[contains(text(),"解冻")]')
2021-02-07 17:55:52,139 INFO [root] [base.py [base_click:37] - 正在对：('xpath', '//button[contains(text(),"解冻")]')元素执行点击操作！
2021-02-07 17:55:53,150 INFO [root] [base.py [base_find_element:21] - 正在查找元素：('xpath', '//button[contains(text(),"冻结医生")]')
2021-02-07 17:55:53,215 INFO [root] [base.py [base_get_text:66] - 正在对：('xpath', '//button[contains(text(),"冻结医生")]')元素获取文本操作！获取的文本值：冻结医生
2021-02-07 17:55:54,427 INFO [root] [test08_admin_doctor_detail_frozen.py [test_admin_doctor_detail_frozen:111] - 删除关联
2021-02-07 17:55:55,695 INFO [root] [test08_admin_doctor_detail_frozen.py [test_admin_doctor_detail_frozen:113] - 删除创建的数据
2021-02-07 17:56:05,440 INFO [root] [base.py [__init__:17] - 正在获取driver：<selenium.webdriver.chrome.webdriver.WebDriver (session="5fad5b8b3ed0ac12e967517c878d4486")>
2021-02-07 17:56:05,440 INFO [root] [base.py [base_find_element:21] - 正在查找元素：('xpath', '//input')
2021-02-07 17:56:05,458 INFO [root] [base.py [base_input:44] - 正在对：('xpath', '//input')元素执行清空操作！
2021-02-07 17:56:05,488 INFO [root] [base.py [base_input:47] - 正在对：('xpath', '//input')元素执行输入：111111Aa
2021-02-07 17:56:06,584 INFO [root] [base.py [base_find_element:21] - 正在查找元素：('xpath', '//button')
2021-02-07 17:56:07,765 INFO [root] [base.py [base_click:37] - 正在对：('xpath', '//button')元素执行点击操作！
2021-02-07 17:56:07,765 INFO [root] [base.py [__init__:17] - 正在获取driver：<selenium.webdriver.chrome.webdriver.WebDriver (session="5fad5b8b3ed0ac12e967517c878d4486")>
2021-02-07 17:56:07,765 INFO [root] [base.py [base_find_element:21] - 正在查找元素：('xpath', '//div[text()="账户"]')
2021-02-07 17:56:09,875 INFO [root] [base.py [base_click:37] - 正在对：('xpath', '//div[text()="账户"]')元素执行点击操作！
2021-02-07 17:56:09,875 INFO [root] [base.py [__init__:17] - 正在获取driver：<selenium.webdriver.chrome.webdriver.WebDriver (session="5fad5b8b3ed0ac12e967517c878d4486")>
2021-02-07 17:56:10,881 INFO [root] [base.py [base_find_element:21] - 正在查找元素：('xpath', '(//p[@class="name-right"])[3]')
2021-02-07 17:56:11,257 INFO [root] [base.py [base_get_text:66] - 正在对：('xpath', '(//p[@class="name-right"])[3]')元素获取文本操作！获取的文本值：18538192813@163.com 修改
2021-02-07 17:56:11,257 INFO [root] [base.py [base_find_element:21] - 正在查找元素：('xpath', '(//p[@class="name-right"])[3]/button')
2021-02-07 17:56:11,453 INFO [root] [base.py [base_click:37] - 正在对：('xpath', '(//p[@class="name-right"])[3]/button')元素执行点击操作！
2021-02-07 17:56:12,454 INFO [root] [base.py [base_find_element:21] - 正在查找元素：('xpath', '//button[contains(text(),"获取邮箱验证码")]')
2021-02-07 17:56:12,506 INFO [root] [base.py [base_click:37] - 正在对：('xpath', '//button[contains(text(),"获取邮箱验证码")]')元素执行点击操作！
2021-02-07 17:56:17,512 INFO [root] [base.py [base_find_element:21] - 正在查找元素：('xpath', '(//div[@class="split-input-container"]/input)[1]')
2021-02-07 17:56:17,519 INFO [root] [base.py [base_input:44] - 正在对：('xpath', '(//div[@class="split-input-container"]/input)[1]')元素执行清空操作！
2021-02-07 17:56:17,539 INFO [root] [base.py [base_input:47] - 正在对：('xpath', '(//div[@class="split-input-container"]/input)[1]')元素执行输入：1
2021-02-07 17:56:18,060 INFO [root] [base.py [base_find_element:21] - 正在查找元素：('xpath', '(//div[@class="split-input-container"]/input)[2]')
2021-02-07 17:56:18,069 INFO [root] [base.py [base_input:44] - 正在对：('xpath', '(//div[@class="split-input-container"]/input)[2]')元素执行清空操作！
2021-02-07 17:56:18,089 INFO [root] [base.py [base_input:47] - 正在对：('xpath', '(//div[@class="split-input-container"]/input)[2]')元素执行输入：2
2021-02-07 17:56:18,609 INFO [root] [base.py [base_find_element:21] - 正在查找元素：('xpath', '(//div[@class="split-input-container"]/input)[3]')
2021-02-07 17:56:18,617 INFO [root] [base.py [base_input:44] - 正在对：('xpath', '(//div[@class="split-input-container"]/input)[3]')元素执行清空操作！
2021-02-07 17:56:18,637 INFO [root] [base.py [base_input:47] - 正在对：('xpath', '(//div[@class="split-input-container"]/input)[3]')元素执行输入：4
2021-02-07 17:56:19,152 INFO [root] [base.py [base_find_element:21] - 正在查找元素：('xpath', '(//div[@class="split-input-container"]/input)[4]')
2021-02-07 17:56:19,160 INFO [root] [base.py [base_input:44] - 正在对：('xpath', '(//div[@class="split-input-container"]/input)[4]')元素执行清空操作！
2021-02-07 17:56:19,179 INFO [root] [base.py [base_input:47] - 正在对：('xpath', '(//div[@class="split-input-container"]/input)[4]')元素执行输入：4
2021-02-07 17:56:21,197 INFO [root] [base.py [base_find_element:21] - 正在查找元素：('xpath', '//div[@class="split-input-error"]')
2021-02-07 17:56:21,213 INFO [root] [base.py [base_get_text:66] - 正在对：('xpath', '//div[@class="split-input-error"]')元素获取文本操作！获取的文本值：验证码错误，请重新输入
2021-02-07 17:56:21,213 INFO [root] [base.py [base_find_element:21] - 正在查找元素：('xpath', '(//img)[1]')
2021-02-07 17:56:21,240 INFO [root] [base.py [base_click:37] - 正在对：('xpath', '(//img)[1]')元素执行点击操作！
2021-02-07 17:56:22,254 INFO [root] [redis_clear.py [redis_clear:21] - 邮箱：18538192813@163.com，清除redis：1
2021-02-07 17:56:22,266 INFO [root] [redis_clear.py [redis_clear:21] - 邮箱：，清除redis：0
2021-02-07 17:57:23,278 INFO [root] [base.py [base_find_element:21] - 正在查找元素：('xpath', '(//p[@class="name-right"])[3]')
2021-02-07 17:57:23,293 INFO [root] [base.py [base_get_text:66] - 正在对：('xpath', '(//p[@class="name-right"])[3]')元素获取文本操作！获取的文本值：18538192813@163.com 修改
2021-02-07 17:57:23,293 INFO [root] [base.py [base_find_element:21] - 正在查找元素：('xpath', '(//p[@class="name-right"])[3]/button')
2021-02-07 17:57:23,498 INFO [root] [base.py [base_click:37] - 正在对：('xpath', '(//p[@class="name-right"])[3]/button')元素执行点击操作！
2021-02-07 17:57:24,500 INFO [root] [base.py [base_find_element:21] - 正在查找元素：('xpath', '//button[contains(text(),"获取邮箱验证码")]')
2021-02-07 17:57:24,667 INFO [root] [base.py [base_click:37] - 正在对：('xpath', '//button[contains(text(),"获取邮箱验证码")]')元素执行点击操作！
2021-02-07 17:58:29,673 INFO [root] [base.py [base_find_element:21] - 正在查找元素：('xpath', '(//div[@class="split-input-container"]/input)[1]')
2021-02-07 17:58:29,678 INFO [root] [base.py [base_input:44] - 正在对：('xpath', '(//div[@class="split-input-container"]/input)[1]')元素执行清空操作！
2021-02-07 17:58:29,697 INFO [root] [base.py [base_input:47] - 正在对：('xpath', '(//div[@class="split-input-container"]/input)[1]')元素执行输入：1
2021-02-07 17:58:30,213 INFO [root] [base.py [base_find_element:21] - 正在查找元素：('xpath', '(//div[@class="split-input-container"]/input)[2]')
2021-02-07 17:58:30,218 INFO [root] [base.py [base_input:44] - 正在对：('xpath', '(//div[@class="split-input-container"]/input)[2]')元素执行清空操作！
2021-02-07 17:58:30,237 INFO [root] [base.py [base_input:47] - 正在对：('xpath', '(//div[@class="split-input-container"]/input)[2]')元素执行输入：2
2021-02-07 17:58:30,752 INFO [root] [base.py [base_find_element:21] - 正在查找元素：('xpath', '(//div[@class="split-input-container"]/input)[3]')
2021-02-07 17:58:30,757 INFO [root] [base.py [base_input:44] - 正在对：('xpath', '(//div[@class="split-input-container"]/input)[3]')元素执行清空操作！
2021-02-07 17:58:30,795 INFO [root] [base.py [base_input:47] - 正在对：('xpath', '(//div[@class="split-input-container"]/input)[3]')元素执行输入：3
2021-02-07 17:58:31,311 INFO [root] [base.py [base_find_element:21] - 正在查找元素：('xpath', '(//div[@class="split-input-container"]/input)[4]')
2021-02-07 17:58:31,316 INFO [root] [base.py [base_input:44] - 正在对：('xpath', '(//div[@class="split-input-container"]/input)[4]')元素执行清空操作！
2021-02-07 17:58:31,334 INFO [root] [base.py [base_input:47] - 正在对：('xpath', '(//div[@class="split-input-container"]/input)[4]')元素执行输入：4
2021-02-07 17:58:33,352 INFO [root] [base.py [base_find_element:21] - 正在查找元素：('xpath', '//div[@class="split-input-error"]')
2021-02-07 17:58:33,366 INFO [root] [base.py [base_get_text:66] - 正在对：('xpath', '//div[@class="split-input-error"]')元素获取文本操作！获取的文本值：邮件验证码过期!
2021-02-07 17:58:33,366 INFO [root] [base.py [base_find_element:21] - 正在查找元素：('xpath', '(//img)[1]')
2021-02-07 17:58:33,547 INFO [root] [base.py [base_click:37] - 正在对：('xpath', '(//img)[1]')元素执行点击操作！
2021-02-07 17:58:34,561 INFO [root] [redis_clear.py [redis_clear:21] - 邮箱：18538192813@163.com，清除redis：1
2021-02-07 17:58:34,576 INFO [root] [redis_clear.py [redis_clear:21] - 邮箱：，清除redis：0
2021-02-07 17:58:35,583 INFO [root] [base.py [base_find_element:21] - 正在查找元素：('xpath', '(//p[@class="name-right"])[3]')
2021-02-07 17:58:35,594 INFO [root] [base.py [base_get_text:66] - 正在对：('xpath', '(//p[@class="name-right"])[3]')元素获取文本操作！获取的文本值：18538192813@163.com 修改
2021-02-07 17:58:35,594 INFO [root] [base.py [base_find_element:21] - 正在查找元素：('xpath', '(//p[@class="name-right"])[3]/button')
2021-02-07 17:58:35,782 INFO [root] [base.py [base_click:37] - 正在对：('xpath', '(//p[@class="name-right"])[3]/button')元素执行点击操作！
2021-02-07 17:58:36,783 INFO [root] [base.py [base_find_element:21] - 正在查找元素：('xpath', '//button[contains(text(),"获取邮箱验证码")]')
2021-02-07 17:58:36,831 INFO [root] [base.py [base_click:37] - 正在对：('xpath', '//button[contains(text(),"获取邮箱验证码")]')元素执行点击操作！
2021-02-07 17:58:41,838 INFO [root] [base.py [base_find_element:21] - 正在查找元素：('xpath', '(//div[@class="split-input-container"]/input)[1]')
2021-02-07 17:58:41,843 INFO [root] [base.py [base_input:44] - 正在对：('xpath', '(//div[@class="split-input-container"]/input)[1]')元素执行清空操作！
2021-02-07 17:58:41,864 INFO [root] [base.py [base_input:47] - 正在对：('xpath', '(//div[@class="split-input-container"]/input)[1]')元素执行输入：1
2021-02-07 17:58:42,382 INFO [root] [base.py [base_find_element:21] - 正在查找元素：('xpath', '(//div[@class="split-input-container"]/input)[2]')
2021-02-07 17:58:42,387 INFO [root] [base.py [base_input:44] - 正在对：('xpath', '(//div[@class="split-input-container"]/input)[2]')元素执行清空操作！
2021-02-07 17:58:42,406 INFO [root] [base.py [base_input:47] - 正在对：('xpath', '(//div[@class="split-input-container"]/input)[2]')元素执行输入：2
2021-02-07 17:58:42,922 INFO [root] [base.py [base_find_element:21] - 正在查找元素：('xpath', '(//div[@class="split-input-container"]/input)[3]')
2021-02-07 17:58:42,928 INFO [root] [base.py [base_input:44] - 正在对：('xpath', '(//div[@class="split-input-container"]/input)[3]')元素执行清空操作！
2021-02-07 17:58:42,946 INFO [root] [base.py [base_input:47] - 正在对：('xpath', '(//div[@class="split-input-container"]/input)[3]')元素执行输入：3
2021-02-07 17:58:43,462 INFO [root] [base.py [base_find_element:21] - 正在查找元素：('xpath', '(//div[@class="split-input-container"]/input)[4]')
2021-02-07 17:58:43,467 INFO [root] [base.py [base_input:44] - 正在对：('xpath', '(//div[@class="split-input-container"]/input)[4]')元素执行清空操作！
2021-02-07 17:58:43,486 INFO [root] [base.py [base_input:47] - 正在对：('xpath', '(//div[@class="split-input-container"]/input)[4]')元素执行输入：4
2021-02-07 17:58:45,504 INFO [root] [base.py [base_find_element:21] - 正在查找元素：('xpath', '//input[@placeholder="请输入新邮箱"]')
2021-02-07 17:58:45,511 INFO [root] [base.py [base_send_input:55] - 正在对：('xpath', '//input[@placeholder="请输入新邮箱"]')元素执行清空操作！
2021-02-07 17:58:45,575 INFO [root] [base.py [base_send_input:60] - 正在对：('xpath', '//input[@placeholder="请输入新邮箱"]')元素执行输入：zuoyajun@66nao
2021-02-07 17:58:46,618 INFO [root] [base.py [base_find_element:21] - 正在查找元素：('xpath', '//button[contains(text(),"获取邮箱验证码")]')
2021-02-07 17:58:47,824 INFO [root] [base.py [base_click:37] - 正在对：('xpath', '//button[contains(text(),"获取邮箱验证码")]')元素执行点击操作！
2021-02-07 17:58:55,833 INFO [root] [base.py [base_find_element:21] - 正在查找元素：('xpath', '//div[@class="split-input-error"]')
2021-02-07 17:58:55,845 INFO [root] [base.py [base_get_text:66] - 正在对：('xpath', '//div[@class="split-input-error"]')元素获取文本操作！获取的文本值：找不到邮箱或访问被拒绝!
2021-02-07 17:58:55,845 INFO [root] [base.py [base_find_element:21] - 正在查找元素：('xpath', '(//img)[1]')
2021-02-07 17:58:56,045 INFO [root] [base.py [base_click:37] - 正在对：('xpath', '(//img)[1]')元素执行点击操作！
2021-02-07 17:58:57,057 INFO [root] [redis_clear.py [redis_clear:21] - 邮箱：18538192813@163.com，清除redis：1
2021-02-07 17:58:57,070 INFO [root] [redis_clear.py [redis_clear:21] - 邮箱：zuoyajun@66nao，清除redis：0
2021-02-07 17:59:58,105 INFO [root] [base.py [base_find_element:21] - 正在查找元素：('xpath', '(//p[@class="name-right"])[3]')
2021-02-07 17:59:58,115 INFO [root] [base.py [base_get_text:66] - 正在对：('xpath', '(//p[@class="name-right"])[3]')元素获取文本操作！获取的文本值：18538192813@163.com 修改
2021-02-07 17:59:58,115 INFO [root] [base.py [base_find_element:21] - 正在查找元素：('xpath', '(//p[@class="name-right"])[3]/button')
2021-02-07 17:59:58,299 INFO [root] [base.py [base_click:37] - 正在对：('xpath', '(//p[@class="name-right"])[3]/button')元素执行点击操作！
2021-02-07 17:59:59,301 INFO [root] [base.py [base_find_element:21] - 正在查找元素：('xpath', '//button[contains(text(),"获取邮箱验证码")]')
2021-02-07 17:59:59,347 INFO [root] [base.py [base_click:37] - 正在对：('xpath', '//button[contains(text(),"获取邮箱验证码")]')元素执行点击操作！
2021-02-07 18:00:04,352 INFO [root] [base.py [base_find_element:21] - 正在查找元素：('xpath', '(//div[@class="split-input-container"]/input)[1]')
2021-02-07 18:00:04,357 INFO [root] [base.py [base_input:44] - 正在对：('xpath', '(//div[@class="split-input-container"]/input)[1]')元素执行清空操作！
2021-02-07 18:00:04,376 INFO [root] [base.py [base_input:47] - 正在对：('xpath', '(//div[@class="split-input-container"]/input)[1]')元素执行输入：1
2021-02-07 18:00:04,892 INFO [root] [base.py [base_find_element:21] - 正在查找元素：('xpath', '(//div[@class="split-input-container"]/input)[2]')
2021-02-07 18:00:04,897 INFO [root] [base.py [base_input:44] - 正在对：('xpath', '(//div[@class="split-input-container"]/input)[2]')元素执行清空操作！
2021-02-07 18:00:04,916 INFO [root] [base.py [base_input:47] - 正在对：('xpath', '(//div[@class="split-input-container"]/input)[2]')元素执行输入：2
2021-02-07 18:00:05,433 INFO [root] [base.py [base_find_element:21] - 正在查找元素：('xpath', '(//div[@class="split-input-container"]/input)[3]')
2021-02-07 18:00:05,439 INFO [root] [base.py [base_input:44] - 正在对：('xpath', '(//div[@class="split-input-container"]/input)[3]')元素执行清空操作！
2021-02-07 18:00:05,457 INFO [root] [base.py [base_input:47] - 正在对：('xpath', '(//div[@class="split-input-container"]/input)[3]')元素执行输入：3
2021-02-07 18:00:05,975 INFO [root] [base.py [base_find_element:21] - 正在查找元素：('xpath', '(//div[@class="split-input-container"]/input)[4]')
2021-02-07 18:00:05,980 INFO [root] [base.py [base_input:44] - 正在对：('xpath', '(//div[@class="split-input-container"]/input)[4]')元素执行清空操作！
2021-02-07 18:00:05,998 INFO [root] [base.py [base_input:47] - 正在对：('xpath', '(//div[@class="split-input-container"]/input)[4]')元素执行输入：4
2021-02-07 18:00:08,017 INFO [root] [base.py [base_find_element:21] - 正在查找元素：('xpath', '//input[@placeholder="请输入新邮箱"]')
2021-02-07 18:00:08,022 INFO [root] [base.py [base_send_input:55] - 正在对：('xpath', '//input[@placeholder="请输入新邮箱"]')元素执行清空操作！
2021-02-07 18:00:08,082 INFO [root] [base.py [base_send_input:60] - 正在对：('xpath', '//input[@placeholder="请输入新邮箱"]')元素执行输入：zuoyajun@66nao.com
2021-02-07 18:00:09,136 INFO [root] [base.py [base_find_element:21] - 正在查找元素：('xpath', '//button[contains(text(),"获取邮箱验证码")]')
2021-02-07 18:00:09,184 INFO [root] [base.py [base_click:37] - 正在对：('xpath', '//button[contains(text(),"获取邮箱验证码")]')元素执行点击操作！
2021-02-07 18:00:17,186 INFO [root] [base.py [base_find_element:21] - 正在查找元素：('xpath', '(//div[@class="split-input-container"]/input)[1]')
2021-02-07 18:00:17,191 INFO [root] [base.py [base_input:44] - 正在对：('xpath', '(//div[@class="split-input-container"]/input)[1]')元素执行清空操作！
2021-02-07 18:00:17,210 INFO [root] [base.py [base_input:47] - 正在对：('xpath', '(//div[@class="split-input-container"]/input)[1]')元素执行输入：1
2021-02-07 18:00:17,728 INFO [root] [base.py [base_find_element:21] - 正在查找元素：('xpath', '(//div[@class="split-input-container"]/input)[2]')
2021-02-07 18:00:17,733 INFO [root] [base.py [base_input:44] - 正在对：('xpath', '(//div[@class="split-input-container"]/input)[2]')元素执行清空操作！
2021-02-07 18:00:17,753 INFO [root] [base.py [base_input:47] - 正在对：('xpath', '(//div[@class="split-input-container"]/input)[2]')元素执行输入：2
2021-02-07 18:00:18,270 INFO [root] [base.py [base_find_element:21] - 正在查找元素：('xpath', '(//div[@class="split-input-container"]/input)[3]')
2021-02-07 18:00:18,274 INFO [root] [base.py [base_input:44] - 正在对：('xpath', '(//div[@class="split-input-container"]/input)[3]')元素执行清空操作！
2021-02-07 18:00:18,295 INFO [root] [base.py [base_input:47] - 正在对：('xpath', '(//div[@class="split-input-container"]/input)[3]')元素执行输入：5
2021-02-07 18:00:18,811 INFO [root] [base.py [base_find_element:21] - 正在查找元素：('xpath', '(//div[@class="split-input-container"]/input)[4]')
2021-02-07 18:00:18,816 INFO [root] [base.py [base_input:44] - 正在对：('xpath', '(//div[@class="split-input-container"]/input)[4]')元素执行清空操作！
2021-02-07 18:00:18,836 INFO [root] [base.py [base_input:47] - 正在对：('xpath', '(//div[@class="split-input-container"]/input)[4]')元素执行输入：5
2021-02-07 18:00:20,853 INFO [root] [base.py [base_find_element:21] - 正在查找元素：('xpath', '//div[@class="split-input-error"]')
2021-02-07 18:00:20,877 INFO [root] [base.py [base_get_text:66] - 正在对：('xpath', '//div[@class="split-input-error"]')元素获取文本操作！获取的文本值：验证码错误，请重新输入
2021-02-07 18:00:20,877 INFO [root] [base.py [base_find_element:21] - 正在查找元素：('xpath', '(//img)[1]')
2021-02-07 18:00:21,310 INFO [root] [base.py [base_click:37] - 正在对：('xpath', '(//img)[1]')元素执行点击操作！
2021-02-07 18:00:22,326 INFO [root] [redis_clear.py [redis_clear:21] - 邮箱：18538192813@163.com，清除redis：1
2021-02-07 18:00:22,341 INFO [root] [redis_clear.py [redis_clear:21] - 邮箱：zuoyajun@66nao.com，清除redis：1
2021-02-07 18:01:23,390 INFO [root] [base.py [base_find_element:21] - 正在查找元素：('xpath', '(//p[@class="name-right"])[3]')
2021-02-07 18:01:23,405 INFO [root] [base.py [base_get_text:66] - 正在对：('xpath', '(//p[@class="name-right"])[3]')元素获取文本操作！获取的文本值：18538192813@163.com 修改
2021-02-07 18:01:23,406 INFO [root] [base.py [base_find_element:21] - 正在查找元素：('xpath', '(//p[@class="name-right"])[3]/button')
2021-02-07 18:01:23,603 INFO [root] [base.py [base_click:37] - 正在对：('xpath', '(//p[@class="name-right"])[3]/button')元素执行点击操作！
2021-02-07 18:01:24,605 INFO [root] [base.py [base_find_element:21] - 正在查找元素：('xpath', '//button[contains(text(),"获取邮箱验证码")]')
2021-02-07 18:01:24,658 INFO [root] [base.py [base_click:37] - 正在对：('xpath', '//button[contains(text(),"获取邮箱验证码")]')元素执行点击操作！
2021-02-07 18:01:29,664 INFO [root] [base.py [base_find_element:21] - 正在查找元素：('xpath', '(//div[@class="split-input-container"]/input)[1]')
2021-02-07 18:01:29,671 INFO [root] [base.py [base_input:44] - 正在对：('xpath', '(//div[@class="split-input-container"]/input)[1]')元素执行清空操作！
2021-02-07 18:01:29,689 INFO [root] [base.py [base_input:47] - 正在对：('xpath', '(//div[@class="split-input-container"]/input)[1]')元素执行输入：1
2021-02-07 18:01:30,207 INFO [root] [base.py [base_find_element:21] - 正在查找元素：('xpath', '(//div[@class="split-input-container"]/input)[2]')
2021-02-07 18:01:30,214 INFO [root] [base.py [base_input:44] - 正在对：('xpath', '(//div[@class="split-input-container"]/input)[2]')元素执行清空操作！
2021-02-07 18:01:30,233 INFO [root] [base.py [base_input:47] - 正在对：('xpath', '(//div[@class="split-input-container"]/input)[2]')元素执行输入：2
2021-02-07 18:01:30,751 INFO [root] [base.py [base_find_element:21] - 正在查找元素：('xpath', '(//div[@class="split-input-container"]/input)[3]')
2021-02-07 18:01:30,758 INFO [root] [base.py [base_input:44] - 正在对：('xpath', '(//div[@class="split-input-container"]/input)[3]')元素执行清空操作！
2021-02-07 18:01:30,776 INFO [root] [base.py [base_input:47] - 正在对：('xpath', '(//div[@class="split-input-container"]/input)[3]')元素执行输入：3
2021-02-07 18:01:31,293 INFO [root] [base.py [base_find_element:21] - 正在查找元素：('xpath', '(//div[@class="split-input-container"]/input)[4]')
2021-02-07 18:01:31,300 INFO [root] [base.py [base_input:44] - 正在对：('xpath', '(//div[@class="split-input-container"]/input)[4]')元素执行清空操作！
2021-02-07 18:01:31,319 INFO [root] [base.py [base_input:47] - 正在对：('xpath', '(//div[@class="split-input-container"]/input)[4]')元素执行输入：4
2021-02-07 18:01:33,336 INFO [root] [base.py [base_find_element:21] - 正在查找元素：('xpath', '//input[@placeholder="请输入新邮箱"]')
2021-02-07 18:01:33,343 INFO [root] [base.py [base_send_input:55] - 正在对：('xpath', '//input[@placeholder="请输入新邮箱"]')元素执行清空操作！
2021-02-07 18:01:33,402 INFO [root] [base.py [base_send_input:60] - 正在对：('xpath', '//input[@placeholder="请输入新邮箱"]')元素执行输入：zuoyajun@66nao.com
2021-02-07 18:01:34,446 INFO [root] [base.py [base_find_element:21] - 正在查找元素：('xpath', '//button[contains(text(),"获取邮箱验证码")]')
2021-02-07 18:01:34,511 INFO [root] [base.py [base_click:37] - 正在对：('xpath', '//button[contains(text(),"获取邮箱验证码")]')元素执行点击操作！
2021-02-07 18:02:42,522 INFO [root] [base.py [base_find_element:21] - 正在查找元素：('xpath', '(//div[@class="split-input-container"]/input)[1]')
2021-02-07 18:02:42,529 INFO [root] [base.py [base_input:44] - 正在对：('xpath', '(//div[@class="split-input-container"]/input)[1]')元素执行清空操作！
2021-02-07 18:02:42,552 INFO [root] [base.py [base_input:47] - 正在对：('xpath', '(//div[@class="split-input-container"]/input)[1]')元素执行输入：1
2021-02-07 18:02:43,069 INFO [root] [base.py [base_find_element:21] - 正在查找元素：('xpath', '(//div[@class="split-input-container"]/input)[2]')
2021-02-07 18:02:43,074 INFO [root] [base.py [base_input:44] - 正在对：('xpath', '(//div[@class="split-input-container"]/input)[2]')元素执行清空操作！
2021-02-07 18:02:43,094 INFO [root] [base.py [base_input:47] - 正在对：('xpath', '(//div[@class="split-input-container"]/input)[2]')元素执行输入：2
2021-02-07 18:02:43,610 INFO [root] [base.py [base_find_element:21] - 正在查找元素：('xpath', '(//div[@class="split-input-container"]/input)[3]')
2021-02-07 18:02:43,615 INFO [root] [base.py [base_input:44] - 正在对：('xpath', '(//div[@class="split-input-container"]/input)[3]')元素执行清空操作！
2021-02-07 18:02:43,634 INFO [root] [base.py [base_input:47] - 正在对：('xpath', '(//div[@class="split-input-container"]/input)[3]')元素执行输入：3
2021-02-07 18:02:44,150 INFO [root] [base.py [base_find_element:21] - 正在查找元素：('xpath', '(//div[@class="split-input-container"]/input)[4]')
2021-02-07 18:02:44,156 INFO [root] [base.py [base_input:44] - 正在对：('xpath', '(//div[@class="split-input-container"]/input)[4]')元素执行清空操作！
2021-02-07 18:02:44,175 INFO [root] [base.py [base_input:47] - 正在对：('xpath', '(//div[@class="split-input-container"]/input)[4]')元素执行输入：4
2021-02-07 18:02:46,192 INFO [root] [base.py [base_find_element:21] - 正在查找元素：('xpath', '//div[@class="split-input-error"]')
2021-02-07 18:02:46,207 INFO [root] [base.py [base_get_text:66] - 正在对：('xpath', '//div[@class="split-input-error"]')元素获取文本操作！获取的文本值：邮件验证码过期!
2021-02-07 18:02:46,208 INFO [root] [base.py [base_find_element:21] - 正在查找元素：('xpath', '(//img)[1]')
2021-02-07 18:02:46,391 INFO [root] [base.py [base_click:37] - 正在对：('xpath', '(//img)[1]')元素执行点击操作！
2021-02-07 18:02:47,408 INFO [root] [redis_clear.py [redis_clear:21] - 邮箱：18538192813@163.com，清除redis：1
2021-02-07 18:02:47,418 INFO [root] [redis_clear.py [redis_clear:21] - 邮箱：zuoyajun@66nao.com，清除redis：1
2021-02-07 18:02:48,426 INFO [root] [base.py [base_find_element:21] - 正在查找元素：('xpath', '(//p[@class="name-right"])[3]')
2021-02-07 18:02:48,435 INFO [root] [base.py [base_get_text:66] - 正在对：('xpath', '(//p[@class="name-right"])[3]')元素获取文本操作！获取的文本值：18538192813@163.com 修改
2021-02-07 18:02:48,436 INFO [root] [base.py [base_find_element:21] - 正在查找元素：('xpath', '(//p[@class="name-right"])[3]/button')
2021-02-07 18:02:48,622 INFO [root] [base.py [base_click:37] - 正在对：('xpath', '(//p[@class="name-right"])[3]/button')元素执行点击操作！
2021-02-07 18:02:49,624 INFO [root] [base.py [base_find_element:21] - 正在查找元素：('xpath', '//button[contains(text(),"获取邮箱验证码")]')
2021-02-07 18:02:49,675 INFO [root] [base.py [base_click:37] - 正在对：('xpath', '//button[contains(text(),"获取邮箱验证码")]')元素执行点击操作！
2021-02-07 18:02:54,680 INFO [root] [base.py [base_find_element:21] - 正在查找元素：('xpath', '(//div[@class="split-input-container"]/input)[1]')
2021-02-07 18:02:54,685 INFO [root] [base.py [base_input:44] - 正在对：('xpath', '(//div[@class="split-input-container"]/input)[1]')元素执行清空操作！
2021-02-07 18:02:54,703 INFO [root] [base.py [base_input:47] - 正在对：('xpath', '(//div[@class="split-input-container"]/input)[1]')元素执行输入：1
2021-02-07 18:02:55,221 INFO [root] [base.py [base_find_element:21] - 正在查找元素：('xpath', '(//div[@class="split-input-container"]/input)[2]')
2021-02-07 18:02:55,226 INFO [root] [base.py [base_input:44] - 正在对：('xpath', '(//div[@class="split-input-container"]/input)[2]')元素执行清空操作！
2021-02-07 18:02:55,245 INFO [root] [base.py [base_input:47] - 正在对：('xpath', '(//div[@class="split-input-container"]/input)[2]')元素执行输入：2
2021-02-07 18:02:55,761 INFO [root] [base.py [base_find_element:21] - 正在查找元素：('xpath', '(//div[@class="split-input-container"]/input)[3]')
2021-02-07 18:02:55,766 INFO [root] [base.py [base_input:44] - 正在对：('xpath', '(//div[@class="split-input-container"]/input)[3]')元素执行清空操作！
2021-02-07 18:02:55,785 INFO [root] [base.py [base_input:47] - 正在对：('xpath', '(//div[@class="split-input-container"]/input)[3]')元素执行输入：3
2021-02-07 18:02:56,301 INFO [root] [base.py [base_find_element:21] - 正在查找元素：('xpath', '(//div[@class="split-input-container"]/input)[4]')
2021-02-07 18:02:56,306 INFO [root] [base.py [base_input:44] - 正在对：('xpath', '(//div[@class="split-input-container"]/input)[4]')元素执行清空操作！
2021-02-07 18:02:56,325 INFO [root] [base.py [base_input:47] - 正在对：('xpath', '(//div[@class="split-input-container"]/input)[4]')元素执行输入：4
2021-02-07 18:02:58,344 INFO [root] [base.py [base_find_element:21] - 正在查找元素：('xpath', '//input[@placeholder="请输入新邮箱"]')
2021-02-07 18:02:58,349 INFO [root] [base.py [base_send_input:55] - 正在对：('xpath', '//input[@placeholder="请输入新邮箱"]')元素执行清空操作！
2021-02-07 18:02:58,427 INFO [root] [base.py [base_send_input:60] - 正在对：('xpath', '//input[@placeholder="请输入新邮箱"]')元素执行输入：zuoyajun@66nao.com
2021-02-07 18:02:59,481 INFO [root] [base.py [base_find_element:21] - 正在查找元素：('xpath', '//button[contains(text(),"获取邮箱验证码")]')
2021-02-07 18:02:59,529 INFO [root] [base.py [base_click:37] - 正在对：('xpath', '//button[contains(text(),"获取邮箱验证码")]')元素执行点击操作！
2021-02-07 18:03:07,533 INFO [root] [base.py [base_find_element:21] - 正在查找元素：('xpath', '(//div[@class="split-input-container"]/input)[1]')
2021-02-07 18:03:07,541 INFO [root] [base.py [base_input:44] - 正在对：('xpath', '(//div[@class="split-input-container"]/input)[1]')元素执行清空操作！
2021-02-07 18:03:07,560 INFO [root] [base.py [base_input:47] - 正在对：('xpath', '(//div[@class="split-input-container"]/input)[1]')元素执行输入：1
2021-02-07 18:03:08,076 INFO [root] [base.py [base_find_element:21] - 正在查找元素：('xpath', '(//div[@class="split-input-container"]/input)[2]')
2021-02-07 18:03:08,083 INFO [root] [base.py [base_input:44] - 正在对：('xpath', '(//div[@class="split-input-container"]/input)[2]')元素执行清空操作！
2021-02-07 18:03:08,105 INFO [root] [base.py [base_input:47] - 正在对：('xpath', '(//div[@class="split-input-container"]/input)[2]')元素执行输入：2
2021-02-07 18:03:08,621 INFO [root] [base.py [base_find_element:21] - 正在查找元素：('xpath', '(//div[@class="split-input-container"]/input)[3]')
2021-02-07 18:03:08,629 INFO [root] [base.py [base_input:44] - 正在对：('xpath', '(//div[@class="split-input-container"]/input)[3]')元素执行清空操作！
2021-02-07 18:03:08,647 INFO [root] [base.py [base_input:47] - 正在对：('xpath', '(//div[@class="split-input-container"]/input)[3]')元素执行输入：3
2021-02-07 18:03:09,164 INFO [root] [base.py [base_find_element:21] - 正在查找元素：('xpath', '(//div[@class="split-input-container"]/input)[4]')
2021-02-07 18:03:09,171 INFO [root] [base.py [base_input:44] - 正在对：('xpath', '(//div[@class="split-input-container"]/input)[4]')元素执行清空操作！
2021-02-07 18:03:09,190 INFO [root] [base.py [base_input:47] - 正在对：('xpath', '(//div[@class="split-input-container"]/input)[4]')元素执行输入：4
2021-02-07 18:03:11,208 INFO [root] [base.py [base_find_element:21] - 正在查找元素：('xpath', '(//p[@class="name-right"])[3]')
2021-02-07 18:03:11,224 INFO [root] [base.py [base_get_text:66] - 正在对：('xpath', '(//p[@class="name-right"])[3]')元素获取文本操作！获取的文本值：zuoyajun@66nao.com 修改
2021-02-07 18:03:11,274 INFO [root] [redis_clear.py [redis_clear:21] - 邮箱：18538192813@163.com，清除redis：1
2021-02-07 18:03:11,287 INFO [root] [redis_clear.py [redis_clear:21] - 邮箱：zuoyajun@66nao.com，清除redis：1
2021-02-07 18:04:16,042 INFO [root] [base.py [__init__:17] - 正在获取driver：<selenium.webdriver.chrome.webdriver.WebDriver (session="a10c400685c4eb1b0a6a022733d5ae44")>
2021-02-07 18:04:16,042 INFO [root] [base.py [base_find_element:21] - 正在查找元素：('xpath', '//input')
2021-02-07 18:04:16,051 INFO [root] [base.py [base_input:44] - 正在对：('xpath', '//input')元素执行清空操作！
2021-02-07 18:04:16,069 INFO [root] [base.py [base_input:47] - 正在对：('xpath', '//input')元素执行输入：111111Aa
2021-02-07 18:04:17,117 INFO [root] [base.py [base_find_element:21] - 正在查找元素：('xpath', '//button')
2021-02-07 18:04:17,155 INFO [root] [base.py [base_click:37] - 正在对：('xpath', '//button')元素执行点击操作！
2021-02-07 18:04:17,155 INFO [root] [base.py [__init__:17] - 正在获取driver：<selenium.webdriver.chrome.webdriver.WebDriver (session="a10c400685c4eb1b0a6a022733d5ae44")>
2021-02-07 18:04:17,155 INFO [root] [base.py [base_find_element:21] - 正在查找元素：('xpath', '//div[text()="账户"]')
2021-02-07 18:04:18,379 INFO [root] [base.py [base_click:37] - 正在对：('xpath', '//div[text()="账户"]')元素执行点击操作！
2021-02-07 18:04:18,380 INFO [root] [base.py [__init__:17] - 正在获取driver：<selenium.webdriver.chrome.webdriver.WebDriver (session="a10c400685c4eb1b0a6a022733d5ae44")>
2021-02-07 18:04:18,380 INFO [root] [base.py [__init__:17] - 正在获取driver：<selenium.webdriver.chrome.webdriver.WebDriver (session="a10c400685c4eb1b0a6a022733d5ae44")>
2021-02-07 18:04:18,380 INFO [root] [base.py [__init__:17] - 正在获取driver：<selenium.webdriver.chrome.webdriver.WebDriver (session="a10c400685c4eb1b0a6a022733d5ae44")>
2021-02-07 18:04:18,380 INFO [root] [base.py [__init__:17] - 正在获取driver：<selenium.webdriver.chrome.webdriver.WebDriver (session="a10c400685c4eb1b0a6a022733d5ae44")>
2021-02-07 18:04:18,381 INFO [root] [base.py [base_find_element:21] - 正在查找元素：('xpath', '(//p[@class="name-right"])[3]')
2021-02-07 18:04:18,400 INFO [root] [base.py [base_get_text:66] - 正在对：('xpath', '(//p[@class="name-right"])[3]')元素获取文本操作！获取的文本值：18538192813@163.com 修改
2021-02-07 18:04:19,408 INFO [root] [base.py [base_find_element:21] - 正在查找元素：('xpath', '(//p[@class="name-right"])[4]/button')
2021-02-07 18:04:20,045 INFO [root] [base.py [base_click:37] - 正在对：('xpath', '(//p[@class="name-right"])[4]/button')元素执行点击操作！
2021-02-07 18:04:21,047 INFO [root] [base.py [base_find_element:21] - 正在查找元素：('xpath', '//button[contains(text(),"获取邮箱验证码")]')
2021-02-07 18:04:21,096 INFO [root] [base.py [base_click:37] - 正在对：('xpath', '//button[contains(text(),"获取邮箱验证码")]')元素执行点击操作！
2021-02-07 18:04:26,101 INFO [root] [base.py [base_find_element:21] - 正在查找元素：('xpath', '(//div[@class="split-input-container"]/input)[1]')
2021-02-07 18:04:26,108 INFO [root] [base.py [base_input:44] - 正在对：('xpath', '(//div[@class="split-input-container"]/input)[1]')元素执行清空操作！
2021-02-07 18:04:26,163 INFO [root] [base.py [base_find_element:21] - 正在查找元素：('xpath', '(//p[@class="name-right"])[3]')
2021-02-07 18:04:26,180 INFO [root] [base.py [base_get_text:66] - 正在对：('xpath', '(//p[@class="name-right"])[3]')元素获取文本操作！获取的文本值：18538192813@163.com 修改
2021-02-07 18:04:27,182 INFO [root] [base.py [base_find_element:21] - 正在查找元素：('xpath', '(//p[@class="name-right"])[4]/button')
